<?xml version="1.0" encoding="UTF-8"?>
<testsuite xmlns:xsi="http://www.w3.org/2001/XMLSchema-instance" xsi:noNamespaceSchemaLocation="https://maven.apache.org/surefire/maven-surefire-plugin/xsd/surefire-test-report-3.0.xsd" version="3.0" name="com.cloud.CloudUploaderTest" time="5.296" tests="4" errors="0" skipped="0" failures="0">
  <properties>
    <property name="java.specification.version" value="22"/>
    <property name="sun.cpu.isalist" value="amd64"/>
    <property name="sun.jnu.encoding" value="Cp1252"/>
    <property name="java.class.path" value="C:\Users\Lorenzon\IdeaProjects\progettoedids\ASCIIgame\target\test-classes;C:\Users\Lorenzon\IdeaProjects\progettoedids\ASCIIgame\target\classes;C:\Users\Lorenzon\.m2\repository\software\amazon\awssdk\regions\2.25.57\regions-2.25.57.jar;C:\Users\Lorenzon\.m2\repository\software\amazon\awssdk\annotations\2.25.57\annotations-2.25.57.jar;C:\Users\Lorenzon\.m2\repository\software\amazon\awssdk\utils\2.25.57\utils-2.25.57.jar;C:\Users\Lorenzon\.m2\repository\org\reactivestreams\reactive-streams\1.0.4\reactive-streams-1.0.4.jar;C:\Users\Lorenzon\.m2\repository\software\amazon\awssdk\sdk-core\2.25.57\sdk-core-2.25.57.jar;C:\Users\Lorenzon\.m2\repository\software\amazon\awssdk\profiles\2.25.57\profiles-2.25.57.jar;C:\Users\Lorenzon\.m2\repository\software\amazon\awssdk\json-utils\2.25.57\json-utils-2.25.57.jar;C:\Users\Lorenzon\.m2\repository\org\slf4j\slf4j-api\1.7.30\slf4j-api-1.7.30.jar;C:\Users\Lorenzon\.m2\repository\software\amazon\awssdk\auth\2.25.57\auth-2.25.57.jar;C:\Users\Lorenzon\.m2\repository\software\amazon\awssdk\identity-spi\2.25.57\identity-spi-2.25.57.jar;C:\Users\Lorenzon\.m2\repository\software\amazon\awssdk\http-client-spi\2.25.57\http-client-spi-2.25.57.jar;C:\Users\Lorenzon\.m2\repository\software\amazon\awssdk\http-auth-aws\2.25.57\http-auth-aws-2.25.57.jar;C:\Users\Lorenzon\.m2\repository\software\amazon\awssdk\http-auth\2.25.57\http-auth-2.25.57.jar;C:\Users\Lorenzon\.m2\repository\software\amazon\awssdk\http-auth-spi\2.25.57\http-auth-spi-2.25.57.jar;C:\Users\Lorenzon\.m2\repository\software\amazon\eventstream\eventstream\1.0.1\eventstream-1.0.1.jar;C:\Users\Lorenzon\.m2\repository\ch\qos\logback\logback-classic\1.2.3\logback-classic-1.2.3.jar;C:\Users\Lorenzon\.m2\repository\ch\qos\logback\logback-core\1.2.3\logback-core-1.2.3.jar;C:\Users\Lorenzon\.m2\repository\software\amazon\awssdk\apache-client\2.25.57\apache-client-2.25.57.jar;C:\Users\Lorenzon\.m2\repository\software\amazon\awssdk\metrics-spi\2.25.57\metrics-spi-2.25.57.jar;C:\Users\Lorenzon\.m2\repository\org\apache\httpcomponents\httpclient\4.5.13\httpclient-4.5.13.jar;C:\Users\Lorenzon\.m2\repository\commons-logging\commons-logging\1.2\commons-logging-1.2.jar;C:\Users\Lorenzon\.m2\repository\org\apache\httpcomponents\httpcore\4.4.13\httpcore-4.4.13.jar;C:\Users\Lorenzon\.m2\repository\commons-codec\commons-codec\1.15\commons-codec-1.15.jar;C:\Users\Lorenzon\.m2\repository\software\amazon\awssdk\sso\2.25.57\sso-2.25.57.jar;C:\Users\Lorenzon\.m2\repository\software\amazon\awssdk\protocol-core\2.25.57\protocol-core-2.25.57.jar;C:\Users\Lorenzon\.m2\repository\software\amazon\awssdk\aws-json-protocol\2.25.57\aws-json-protocol-2.25.57.jar;C:\Users\Lorenzon\.m2\repository\software\amazon\awssdk\aws-core\2.25.57\aws-core-2.25.57.jar;C:\Users\Lorenzon\.m2\repository\software\amazon\awssdk\endpoints-spi\2.25.57\endpoints-spi-2.25.57.jar;C:\Users\Lorenzon\.m2\repository\software\amazon\awssdk\netty-nio-client\2.25.57\netty-nio-client-2.25.57.jar;C:\Users\Lorenzon\.m2\repository\io\netty\netty-codec-http\4.1.108.Final\netty-codec-http-4.1.108.Final.jar;C:\Users\Lorenzon\.m2\repository\io\netty\netty-codec-http2\4.1.108.Final\netty-codec-http2-4.1.108.Final.jar;C:\Users\Lorenzon\.m2\repository\io\netty\netty-codec\4.1.108.Final\netty-codec-4.1.108.Final.jar;C:\Users\Lorenzon\.m2\repository\io\netty\netty-transport\4.1.108.Final\netty-transport-4.1.108.Final.jar;C:\Users\Lorenzon\.m2\repository\io\netty\netty-common\4.1.108.Final\netty-common-4.1.108.Final.jar;C:\Users\Lorenzon\.m2\repository\io\netty\netty-buffer\4.1.108.Final\netty-buffer-4.1.108.Final.jar;C:\Users\Lorenzon\.m2\repository\io\netty\netty-handler\4.1.108.Final\netty-handler-4.1.108.Final.jar;C:\Users\Lorenzon\.m2\repository\io\netty\netty-transport-native-unix-common\4.1.108.Final\netty-transport-native-unix-common-4.1.108.Final.jar;C:\Users\Lorenzon\.m2\repository\io\netty\netty-transport-classes-epoll\4.1.108.Final\netty-transport-classes-epoll-4.1.108.Final.jar;C:\Users\Lorenzon\.m2\repository\io\netty\netty-resolver\4.1.108.Final\netty-resolver-4.1.108.Final.jar;C:\Users\Lorenzon\.m2\repository\software\amazon\awssdk\ssooidc\2.25.57\ssooidc-2.25.57.jar;C:\Users\Lorenzon\.m2\repository\software\amazon\awssdk\third-party-jackson-core\2.25.57\third-party-jackson-core-2.25.57.jar;C:\Users\Lorenzon\.m2\repository\software\amazon\awssdk\s3-transfer-manager\2.25.57\s3-transfer-manager-2.25.57.jar;C:\Users\Lorenzon\.m2\repository\software\amazon\awssdk\arns\2.25.57\arns-2.25.57.jar;C:\Users\Lorenzon\.m2\repository\software\amazon\awssdk\s3control\2.25.57\s3control-2.25.57.jar;C:\Users\Lorenzon\.m2\repository\software\amazon\awssdk\aws-xml-protocol\2.25.57\aws-xml-protocol-2.25.57.jar;C:\Users\Lorenzon\.m2\repository\software\amazon\awssdk\aws-query-protocol\2.25.57\aws-query-protocol-2.25.57.jar;C:\Users\Lorenzon\.m2\repository\org\junit\jupiter\junit-jupiter-api\5.8.2\junit-jupiter-api-5.8.2.jar;C:\Users\Lorenzon\.m2\repository\org\opentest4j\opentest4j\1.2.0\opentest4j-1.2.0.jar;C:\Users\Lorenzon\.m2\repository\org\junit\platform\junit-platform-commons\1.8.2\junit-platform-commons-1.8.2.jar;C:\Users\Lorenzon\.m2\repository\org\apiguardian\apiguardian-api\1.1.2\apiguardian-api-1.1.2.jar;C:\Users\Lorenzon\.m2\repository\org\junit\jupiter\junit-jupiter-engine\5.8.2\junit-jupiter-engine-5.8.2.jar;C:\Users\Lorenzon\.m2\repository\org\junit\platform\junit-platform-engine\1.8.2\junit-platform-engine-1.8.2.jar;C:\Users\Lorenzon\.m2\repository\software\amazon\awssdk\s3\2.25.57\s3-2.25.57.jar;C:\Users\Lorenzon\.m2\repository\software\amazon\awssdk\crt-core\2.25.57\crt-core-2.25.57.jar;C:\Users\Lorenzon\.m2\repository\software\amazon\awssdk\checksums\2.25.57\checksums-2.25.57.jar;C:\Users\Lorenzon\.m2\repository\software\amazon\awssdk\checksums-spi\2.25.57\checksums-spi-2.25.57.jar;"/>
    <property name="java.vm.vendor" value="Oracle Corporation"/>
    <property name="sun.arch.data.model" value="64"/>
    <property name="user.variant" value=""/>
    <property name="java.vendor.url" value="https://java.oracle.com/"/>
    <property name="user.timezone" value="Europe/Rome"/>
    <property name="os.name" value="Windows 11"/>
    <property name="java.vm.specification.version" value="22"/>
    <property name="sun.java.launcher" value="SUN_STANDARD"/>
    <property name="user.country" value="IT"/>
    <property name="sun.boot.library.path" value="C:\Program Files\Java\jdk-22\bin"/>
    <property name="sun.java.command" value="C:\Users\Lorenzon\AppData\Local\Temp\surefire17382125465896598100\surefirebooter-20240630143601891_3.jar C:\Users\Lorenzon\AppData\Local\Temp\surefire17382125465896598100 2024-06-30T14-36-01_627-jvmRun1 surefire-20240630143601891_1tmp surefire_0-20240630143601891_2tmp"/>
    <property name="jdk.debug" value="release"/>
    <property name="surefire.test.class.path" value="C:\Users\Lorenzon\IdeaProjects\progettoedids\ASCIIgame\target\test-classes;C:\Users\Lorenzon\IdeaProjects\progettoedids\ASCIIgame\target\classes;C:\Users\Lorenzon\.m2\repository\software\amazon\awssdk\regions\2.25.57\regions-2.25.57.jar;C:\Users\Lorenzon\.m2\repository\software\amazon\awssdk\annotations\2.25.57\annotations-2.25.57.jar;C:\Users\Lorenzon\.m2\repository\software\amazon\awssdk\utils\2.25.57\utils-2.25.57.jar;C:\Users\Lorenzon\.m2\repository\org\reactivestreams\reactive-streams\1.0.4\reactive-streams-1.0.4.jar;C:\Users\Lorenzon\.m2\repository\software\amazon\awssdk\sdk-core\2.25.57\sdk-core-2.25.57.jar;C:\Users\Lorenzon\.m2\repository\software\amazon\awssdk\profiles\2.25.57\profiles-2.25.57.jar;C:\Users\Lorenzon\.m2\repository\software\amazon\awssdk\json-utils\2.25.57\json-utils-2.25.57.jar;C:\Users\Lorenzon\.m2\repository\org\slf4j\slf4j-api\1.7.30\slf4j-api-1.7.30.jar;C:\Users\Lorenzon\.m2\repository\software\amazon\awssdk\auth\2.25.57\auth-2.25.57.jar;C:\Users\Lorenzon\.m2\repository\software\amazon\awssdk\identity-spi\2.25.57\identity-spi-2.25.57.jar;C:\Users\Lorenzon\.m2\repository\software\amazon\awssdk\http-client-spi\2.25.57\http-client-spi-2.25.57.jar;C:\Users\Lorenzon\.m2\repository\software\amazon\awssdk\http-auth-aws\2.25.57\http-auth-aws-2.25.57.jar;C:\Users\Lorenzon\.m2\repository\software\amazon\awssdk\http-auth\2.25.57\http-auth-2.25.57.jar;C:\Users\Lorenzon\.m2\repository\software\amazon\awssdk\http-auth-spi\2.25.57\http-auth-spi-2.25.57.jar;C:\Users\Lorenzon\.m2\repository\software\amazon\eventstream\eventstream\1.0.1\eventstream-1.0.1.jar;C:\Users\Lorenzon\.m2\repository\ch\qos\logback\logback-classic\1.2.3\logback-classic-1.2.3.jar;C:\Users\Lorenzon\.m2\repository\ch\qos\logback\logback-core\1.2.3\logback-core-1.2.3.jar;C:\Users\Lorenzon\.m2\repository\software\amazon\awssdk\apache-client\2.25.57\apache-client-2.25.57.jar;C:\Users\Lorenzon\.m2\repository\software\amazon\awssdk\metrics-spi\2.25.57\metrics-spi-2.25.57.jar;C:\Users\Lorenzon\.m2\repository\org\apache\httpcomponents\httpclient\4.5.13\httpclient-4.5.13.jar;C:\Users\Lorenzon\.m2\repository\commons-logging\commons-logging\1.2\commons-logging-1.2.jar;C:\Users\Lorenzon\.m2\repository\org\apache\httpcomponents\httpcore\4.4.13\httpcore-4.4.13.jar;C:\Users\Lorenzon\.m2\repository\commons-codec\commons-codec\1.15\commons-codec-1.15.jar;C:\Users\Lorenzon\.m2\repository\software\amazon\awssdk\sso\2.25.57\sso-2.25.57.jar;C:\Users\Lorenzon\.m2\repository\software\amazon\awssdk\protocol-core\2.25.57\protocol-core-2.25.57.jar;C:\Users\Lorenzon\.m2\repository\software\amazon\awssdk\aws-json-protocol\2.25.57\aws-json-protocol-2.25.57.jar;C:\Users\Lorenzon\.m2\repository\software\amazon\awssdk\aws-core\2.25.57\aws-core-2.25.57.jar;C:\Users\Lorenzon\.m2\repository\software\amazon\awssdk\endpoints-spi\2.25.57\endpoints-spi-2.25.57.jar;C:\Users\Lorenzon\.m2\repository\software\amazon\awssdk\netty-nio-client\2.25.57\netty-nio-client-2.25.57.jar;C:\Users\Lorenzon\.m2\repository\io\netty\netty-codec-http\4.1.108.Final\netty-codec-http-4.1.108.Final.jar;C:\Users\Lorenzon\.m2\repository\io\netty\netty-codec-http2\4.1.108.Final\netty-codec-http2-4.1.108.Final.jar;C:\Users\Lorenzon\.m2\repository\io\netty\netty-codec\4.1.108.Final\netty-codec-4.1.108.Final.jar;C:\Users\Lorenzon\.m2\repository\io\netty\netty-transport\4.1.108.Final\netty-transport-4.1.108.Final.jar;C:\Users\Lorenzon\.m2\repository\io\netty\netty-common\4.1.108.Final\netty-common-4.1.108.Final.jar;C:\Users\Lorenzon\.m2\repository\io\netty\netty-buffer\4.1.108.Final\netty-buffer-4.1.108.Final.jar;C:\Users\Lorenzon\.m2\repository\io\netty\netty-handler\4.1.108.Final\netty-handler-4.1.108.Final.jar;C:\Users\Lorenzon\.m2\repository\io\netty\netty-transport-native-unix-common\4.1.108.Final\netty-transport-native-unix-common-4.1.108.Final.jar;C:\Users\Lorenzon\.m2\repository\io\netty\netty-transport-classes-epoll\4.1.108.Final\netty-transport-classes-epoll-4.1.108.Final.jar;C:\Users\Lorenzon\.m2\repository\io\netty\netty-resolver\4.1.108.Final\netty-resolver-4.1.108.Final.jar;C:\Users\Lorenzon\.m2\repository\software\amazon\awssdk\ssooidc\2.25.57\ssooidc-2.25.57.jar;C:\Users\Lorenzon\.m2\repository\software\amazon\awssdk\third-party-jackson-core\2.25.57\third-party-jackson-core-2.25.57.jar;C:\Users\Lorenzon\.m2\repository\software\amazon\awssdk\s3-transfer-manager\2.25.57\s3-transfer-manager-2.25.57.jar;C:\Users\Lorenzon\.m2\repository\software\amazon\awssdk\arns\2.25.57\arns-2.25.57.jar;C:\Users\Lorenzon\.m2\repository\software\amazon\awssdk\s3control\2.25.57\s3control-2.25.57.jar;C:\Users\Lorenzon\.m2\repository\software\amazon\awssdk\aws-xml-protocol\2.25.57\aws-xml-protocol-2.25.57.jar;C:\Users\Lorenzon\.m2\repository\software\amazon\awssdk\aws-query-protocol\2.25.57\aws-query-protocol-2.25.57.jar;C:\Users\Lorenzon\.m2\repository\org\junit\jupiter\junit-jupiter-api\5.8.2\junit-jupiter-api-5.8.2.jar;C:\Users\Lorenzon\.m2\repository\org\opentest4j\opentest4j\1.2.0\opentest4j-1.2.0.jar;C:\Users\Lorenzon\.m2\repository\org\junit\platform\junit-platform-commons\1.8.2\junit-platform-commons-1.8.2.jar;C:\Users\Lorenzon\.m2\repository\org\apiguardian\apiguardian-api\1.1.2\apiguardian-api-1.1.2.jar;C:\Users\Lorenzon\.m2\repository\org\junit\jupiter\junit-jupiter-engine\5.8.2\junit-jupiter-engine-5.8.2.jar;C:\Users\Lorenzon\.m2\repository\org\junit\platform\junit-platform-engine\1.8.2\junit-platform-engine-1.8.2.jar;C:\Users\Lorenzon\.m2\repository\software\amazon\awssdk\s3\2.25.57\s3-2.25.57.jar;C:\Users\Lorenzon\.m2\repository\software\amazon\awssdk\crt-core\2.25.57\crt-core-2.25.57.jar;C:\Users\Lorenzon\.m2\repository\software\amazon\awssdk\checksums\2.25.57\checksums-2.25.57.jar;C:\Users\Lorenzon\.m2\repository\software\amazon\awssdk\checksums-spi\2.25.57\checksums-spi-2.25.57.jar;"/>
    <property name="sun.cpu.endian" value="little"/>
    <property name="user.home" value="C:\Users\Lorenzon"/>
    <property name="user.language" value="it"/>
    <property name="java.specification.vendor" value="Oracle Corporation"/>
    <property name="java.version.date" value="2024-04-16"/>
    <property name="java.home" value="C:\Program Files\Java\jdk-22"/>
    <property name="file.separator" value="\"/>
    <property name="basedir" value="C:\Users\Lorenzon\IdeaProjects\progettoedids\ASCIIgame"/>
    <property name="java.vm.compressedOopsMode" value="Zero based"/>
    <property name="line.separator" value="&#10;"/>
    <property name="java.vm.specification.vendor" value="Oracle Corporation"/>
    <property name="java.specification.name" value="Java Platform API Specification"/>
    <property name="surefire.real.class.path" value="C:\Users\Lorenzon\AppData\Local\Temp\surefire17382125465896598100\surefirebooter-20240630143601891_3.jar"/>
    <property name="user.script" value=""/>
    <property name="sun.management.compiler" value="HotSpot 64-Bit Tiered Compilers"/>
    <property name="java.runtime.version" value="22.0.1+8-16"/>
    <property name="user.name" value="Lorenzon"/>
    <property name="stdout.encoding" value="Cp1252"/>
    <property name="path.separator" value=";"/>
    <property name="os.version" value="10.0"/>
    <property name="java.runtime.name" value="Java(TM) SE Runtime Environment"/>
    <property name="file.encoding" value="UTF-8"/>
    <property name="java.vm.name" value="Java HotSpot(TM) 64-Bit Server VM"/>
    <property name="localRepository" value="C:\Users\Lorenzon\.m2\repository"/>
    <property name="java.vendor.url.bug" value="https://bugreport.java.com/bugreport/"/>
    <property name="java.io.tmpdir" value="C:\Users\Lorenzon\AppData\Local\Temp\"/>
    <property name="java.version" value="22.0.1"/>
    <property name="user.dir" value="C:\Users\Lorenzon\IdeaProjects\progettoedids\ASCIIgame"/>
    <property name="os.arch" value="amd64"/>
    <property name="java.vm.specification.name" value="Java Virtual Machine Specification"/>
    <property name="sun.os.patch.level" value=""/>
    <property name="native.encoding" value="Cp1252"/>
    <property name="java.library.path" value="C:\Program Files\Java\jdk-22\bin;C:\WINDOWS\Sun\Java\bin;C:\WINDOWS\system32;C:\WINDOWS;C:\Program Files\Common Files\Oracle\Java\javapath;C:\WINDOWS\system32;C:\WINDOWS;C:\WINDOWS\System32\Wbem;C:\WINDOWS\System32\WindowsPowerShell\v1.0\;C:\WINDOWS\System32\OpenSSH\;C:\Program Files\Git\cmd;C:\Users\Lorenzon\AppData\Local\Programs\Python\Python312\Scripts\;C:\Users\Lorenzon\AppData\Local\Programs\Python\Python312\;C:\Users\Lorenzon\AppData\Local\Microsoft\WindowsApps;C:\Users\Lorenzon\AppData\Local\Programs\Microsoft VS Code\bin;C:\msys64\mingw64\bin;C:\Program Files\CMake\bin;C:\Program Files\Git\cmd;C:\Program Files\Spice64\bin;C:\VSARM\armcc\bin;C:\msys64\mingw32\bin;C:\MinGW\bin;C:\Program Files\JetBrains\IntelliJ IDEA 2024.1.3\bin;;C:\apache-maven-3.9.8\bin;;."/>
    <property name="java.vm.info" value="mixed mode, sharing"/>
    <property name="stderr.encoding" value="Cp1252"/>
    <property name="java.vendor" value="Oracle Corporation"/>
    <property name="java.vm.version" value="22.0.1+8-16"/>
    <property name="sun.io.unicode.encoding" value="UnicodeLittle"/>
    <property name="java.class.version" value="66.0"/>
  </properties>
  <testcase name="testDownloadFailure" classname="com.cloud.CloudUploaderTest" time="1.354">
    <system-out><![CDATA[14:36:04.619 [main] DEBUG software.amazon.awssdk.core.internal.http.loader.ClasspathSdkHttpServiceProvider - The HTTP implementation loaded is software.amazon.awssdk.http.apache.ApacheSdkHttpService@52d239ba
14:36:05.401 [main] DEBUG software.amazon.awssdk.core.interceptor.ExecutionInterceptorChain - Creating an interceptor chain that will apply interceptors in the following order: [software.amazon.awssdk.core.internal.interceptor.HttpChecksumValidationInterceptor@aa21042, software.amazon.awssdk.awscore.interceptor.HelpfulUnknownHostExceptionInterceptor@e93f3d5, software.amazon.awssdk.awscore.eventstream.EventStreamInitialRequestInterceptor@4cee7fa0, software.amazon.awssdk.awscore.interceptor.TraceIdExecutionInterceptor@7a26928a, software.amazon.awssdk.services.s3.auth.scheme.internal.S3AuthSchemeInterceptor@601cbd8c, software.amazon.awssdk.services.s3.endpoints.internal.S3ResolveEndpointInterceptor@7180e701, software.amazon.awssdk.services.s3.endpoints.internal.S3RequestSetEndpointInterceptor@4e2c95ee, software.amazon.awssdk.services.s3.internal.handlers.StreamingRequestInterceptor@d0ec63, software.amazon.awssdk.services.s3.internal.handlers.CreateBucketInterceptor@5a5c128, software.amazon.awssdk.services.s3.internal.handlers.CreateMultipartUploadRequestInterceptor@73eb8672, software.amazon.awssdk.services.s3.internal.handlers.DecodeUrlEncodedResponseInterceptor@5942ee04, software.amazon.awssdk.services.s3.internal.handlers.GetBucketPolicyInterceptor@5e76a2bb, software.amazon.awssdk.services.s3.internal.handlers.S3ExpressChecksumInterceptor@757194dc, software.amazon.awssdk.services.s3.internal.handlers.AsyncChecksumValidationInterceptor@5a865416, software.amazon.awssdk.services.s3.internal.handlers.SyncChecksumValidationInterceptor@14faa38c, software.amazon.awssdk.services.s3.internal.handlers.EnableTrailingChecksumInterceptor@7ff2b8d2, software.amazon.awssdk.services.s3.internal.handlers.ExceptionTranslationInterceptor@6dc1484, software.amazon.awssdk.services.s3.internal.handlers.GetObjectInterceptor@6e92c6ad, software.amazon.awssdk.services.s3.internal.handlers.CopySourceInterceptor@2fb5fe30, software.amazon.awssdk.services.s3.internal.handlers.ObjectMetadataInterceptor@456be73c, software.amazon.awssdk.transfer.s3.internal.ApplyUserAgentInterceptor@2375b321]
14:36:05.512 [main] DEBUG software.amazon.awssdk.auth.credentials.AwsCredentialsProviderChain - Unable to load credentials from SystemPropertyCredentialsProvider(): Unable to load credentials from system settings. Access key must be specified either via environment variable (AWS_ACCESS_KEY_ID) or system property (aws.accessKeyId).
software.amazon.awssdk.core.exception.SdkClientException: Unable to load credentials from system settings. Access key must be specified either via environment variable (AWS_ACCESS_KEY_ID) or system property (aws.accessKeyId).
	at software.amazon.awssdk.core.exception.SdkClientException$BuilderImpl.build(SdkClientException.java:111)
	at software.amazon.awssdk.auth.credentials.internal.SystemSettingsCredentialsProvider.resolveCredentials(SystemSettingsCredentialsProvider.java:60)
	at software.amazon.awssdk.auth.credentials.AwsCredentialsProvider.resolveIdentity(AwsCredentialsProvider.java:54)
	at software.amazon.awssdk.identity.spi.IdentityProvider.resolveIdentity(IdentityProvider.java:60)
	at software.amazon.awssdk.auth.credentials.AwsCredentialsProviderChain.resolveCredentials(AwsCredentialsProviderChain.java:109)
	at software.amazon.awssdk.auth.credentials.internal.LazyAwsCredentialsProvider.resolveCredentials(LazyAwsCredentialsProvider.java:45)
	at software.amazon.awssdk.auth.credentials.DefaultCredentialsProvider.resolveCredentials(DefaultCredentialsProvider.java:129)
	at software.amazon.awssdk.auth.credentials.AwsCredentialsProvider.resolveIdentity(AwsCredentialsProvider.java:54)
	at software.amazon.awssdk.services.s3.auth.scheme.internal.S3AuthSchemeInterceptor.lambda$trySelectAuthScheme$4(S3AuthSchemeInterceptor.java:162)
	at software.amazon.awssdk.core.internal.util.MetricUtils.reportDuration(MetricUtils.java:77)
	at software.amazon.awssdk.services.s3.auth.scheme.internal.S3AuthSchemeInterceptor.trySelectAuthScheme(S3AuthSchemeInterceptor.java:162)
	at software.amazon.awssdk.services.s3.auth.scheme.internal.S3AuthSchemeInterceptor.selectAuthScheme(S3AuthSchemeInterceptor.java:84)
	at software.amazon.awssdk.services.s3.auth.scheme.internal.S3AuthSchemeInterceptor.beforeExecution(S3AuthSchemeInterceptor.java:64)
	at software.amazon.awssdk.core.interceptor.ExecutionInterceptorChain.lambda$beforeExecution$1(ExecutionInterceptorChain.java:59)
	at java.base/java.util.ArrayList.forEach(ArrayList.java:1597)
	at software.amazon.awssdk.core.interceptor.ExecutionInterceptorChain.beforeExecution(ExecutionInterceptorChain.java:59)
	at software.amazon.awssdk.awscore.internal.AwsExecutionContextBuilder.runInitialInterceptors(AwsExecutionContextBuilder.java:241)
	at software.amazon.awssdk.awscore.internal.AwsExecutionContextBuilder.invokeInterceptorsAndCreateExecutionContext(AwsExecutionContextBuilder.java:132)
	at software.amazon.awssdk.awscore.client.handler.AwsSyncClientHandler.invokeInterceptorsAndCreateExecutionContext(AwsSyncClientHandler.java:67)
	at software.amazon.awssdk.core.internal.handler.BaseSyncClientHandler.lambda$execute$0(BaseSyncClientHandler.java:62)
	at software.amazon.awssdk.core.internal.handler.BaseSyncClientHandler.measureApiCallSuccess(BaseSyncClientHandler.java:182)
	at software.amazon.awssdk.core.internal.handler.BaseSyncClientHandler.execute(BaseSyncClientHandler.java:60)
	at software.amazon.awssdk.core.client.handler.SdkSyncClientHandler.execute(SdkSyncClientHandler.java:52)
	at software.amazon.awssdk.awscore.client.handler.AwsSyncClientHandler.execute(AwsSyncClientHandler.java:60)
	at software.amazon.awssdk.services.s3.DefaultS3Client.getObject(DefaultS3Client.java:5203)
	at software.amazon.awssdk.services.s3.S3Client.getObjectAsBytes(S3Client.java:9542)
	at com.cloud.CloudUploaderTest$2.download(CloudUploaderTest.java:104)
	at com.cloud.CloudUploaderTest.testDownloadFailure(CloudUploaderTest.java:116)
	at java.base/jdk.internal.reflect.DirectMethodHandleAccessor.invoke(DirectMethodHandleAccessor.java:103)
	at java.base/java.lang.reflect.Method.invoke(Method.java:580)
	at org.junit.platform.commons.util.ReflectionUtils.invokeMethod(ReflectionUtils.java:725)
	at org.junit.jupiter.engine.execution.MethodInvocation.proceed(MethodInvocation.java:60)
	at org.junit.jupiter.engine.execution.InvocationInterceptorChain$ValidatingInvocation.proceed(InvocationInterceptorChain.java:131)
	at org.junit.jupiter.engine.extension.TimeoutExtension.intercept(TimeoutExtension.java:149)
	at org.junit.jupiter.engine.extension.TimeoutExtension.interceptTestableMethod(TimeoutExtension.java:140)
	at org.junit.jupiter.engine.extension.TimeoutExtension.interceptTestMethod(TimeoutExtension.java:84)
	at org.junit.jupiter.engine.execution.ExecutableInvoker$ReflectiveInterceptorCall.lambda$ofVoidMethod$0(ExecutableInvoker.java:115)
	at org.junit.jupiter.engine.execution.ExecutableInvoker.lambda$invoke$0(ExecutableInvoker.java:105)
	at org.junit.jupiter.engine.execution.InvocationInterceptorChain$InterceptedInvocation.proceed(InvocationInterceptorChain.java:106)
	at org.junit.jupiter.engine.execution.InvocationInterceptorChain.proceed(InvocationInterceptorChain.java:64)
	at org.junit.jupiter.engine.execution.InvocationInterceptorChain.chainAndInvoke(InvocationInterceptorChain.java:45)
	at org.junit.jupiter.engine.execution.InvocationInterceptorChain.invoke(InvocationInterceptorChain.java:37)
	at org.junit.jupiter.engine.execution.ExecutableInvoker.invoke(ExecutableInvoker.java:104)
	at org.junit.jupiter.engine.execution.ExecutableInvoker.invoke(ExecutableInvoker.java:98)
	at org.junit.jupiter.engine.descriptor.TestMethodTestDescriptor.lambda$invokeTestMethod$7(TestMethodTestDescriptor.java:214)
	at org.junit.platform.engine.support.hierarchical.ThrowableCollector.execute(ThrowableCollector.java:73)
	at org.junit.jupiter.engine.descriptor.TestMethodTestDescriptor.invokeTestMethod(TestMethodTestDescriptor.java:210)
	at org.junit.jupiter.engine.descriptor.TestMethodTestDescriptor.execute(TestMethodTestDescriptor.java:135)
	at org.junit.jupiter.engine.descriptor.TestMethodTestDescriptor.execute(TestMethodTestDescriptor.java:66)
	at org.junit.platform.engine.support.hierarchical.NodeTestTask.lambda$executeRecursively$6(NodeTestTask.java:151)
	at org.junit.platform.engine.support.hierarchical.ThrowableCollector.execute(ThrowableCollector.java:73)
	at org.junit.platform.engine.support.hierarchical.NodeTestTask.lambda$executeRecursively$8(NodeTestTask.java:141)
	at org.junit.platform.engine.support.hierarchical.Node.around(Node.java:137)
	at org.junit.platform.engine.support.hierarchical.NodeTestTask.lambda$executeRecursively$9(NodeTestTask.java:139)
	at org.junit.platform.engine.support.hierarchical.ThrowableCollector.execute(ThrowableCollector.java:73)
	at org.junit.platform.engine.support.hierarchical.NodeTestTask.executeRecursively(NodeTestTask.java:138)
	at org.junit.platform.engine.support.hierarchical.NodeTestTask.execute(NodeTestTask.java:95)
	at java.base/java.util.ArrayList.forEach(ArrayList.java:1597)
	at org.junit.platform.engine.support.hierarchical.SameThreadHierarchicalTestExecutorService.invokeAll(SameThreadHierarchicalTestExecutorService.java:41)
	at org.junit.platform.engine.support.hierarchical.NodeTestTask.lambda$executeRecursively$6(NodeTestTask.java:155)
	at org.junit.platform.engine.support.hierarchical.ThrowableCollector.execute(ThrowableCollector.java:73)
	at org.junit.platform.engine.support.hierarchical.NodeTestTask.lambda$executeRecursively$8(NodeTestTask.java:141)
	at org.junit.platform.engine.support.hierarchical.Node.around(Node.java:137)
	at org.junit.platform.engine.support.hierarchical.NodeTestTask.lambda$executeRecursively$9(NodeTestTask.java:139)
	at org.junit.platform.engine.support.hierarchical.ThrowableCollector.execute(ThrowableCollector.java:73)
	at org.junit.platform.engine.support.hierarchical.NodeTestTask.executeRecursively(NodeTestTask.java:138)
	at org.junit.platform.engine.support.hierarchical.NodeTestTask.execute(NodeTestTask.java:95)
	at java.base/java.util.ArrayList.forEach(ArrayList.java:1597)
	at org.junit.platform.engine.support.hierarchical.SameThreadHierarchicalTestExecutorService.invokeAll(SameThreadHierarchicalTestExecutorService.java:41)
	at org.junit.platform.engine.support.hierarchical.NodeTestTask.lambda$executeRecursively$6(NodeTestTask.java:155)
	at org.junit.platform.engine.support.hierarchical.ThrowableCollector.execute(ThrowableCollector.java:73)
	at org.junit.platform.engine.support.hierarchical.NodeTestTask.lambda$executeRecursively$8(NodeTestTask.java:141)
	at org.junit.platform.engine.support.hierarchical.Node.around(Node.java:137)
	at org.junit.platform.engine.support.hierarchical.NodeTestTask.lambda$executeRecursively$9(NodeTestTask.java:139)
	at org.junit.platform.engine.support.hierarchical.ThrowableCollector.execute(ThrowableCollector.java:73)
	at org.junit.platform.engine.support.hierarchical.NodeTestTask.executeRecursively(NodeTestTask.java:138)
	at org.junit.platform.engine.support.hierarchical.NodeTestTask.execute(NodeTestTask.java:95)
	at org.junit.platform.engine.support.hierarchical.SameThreadHierarchicalTestExecutorService.submit(SameThreadHierarchicalTestExecutorService.java:35)
	at org.junit.platform.engine.support.hierarchical.HierarchicalTestExecutor.execute(HierarchicalTestExecutor.java:57)
	at org.junit.platform.engine.support.hierarchical.HierarchicalTestEngine.execute(HierarchicalTestEngine.java:54)
	at org.junit.platform.launcher.core.EngineExecutionOrchestrator.execute(EngineExecutionOrchestrator.java:107)
	at org.junit.platform.launcher.core.EngineExecutionOrchestrator.execute(EngineExecutionOrchestrator.java:88)
	at org.junit.platform.launcher.core.EngineExecutionOrchestrator.lambda$execute$0(EngineExecutionOrchestrator.java:54)
	at org.junit.platform.launcher.core.EngineExecutionOrchestrator.withInterceptedStreams(EngineExecutionOrchestrator.java:67)
	at org.junit.platform.launcher.core.EngineExecutionOrchestrator.execute(EngineExecutionOrchestrator.java:52)
	at org.junit.platform.launcher.core.DefaultLauncher.execute(DefaultLauncher.java:114)
	at org.junit.platform.launcher.core.DefaultLauncher.execute(DefaultLauncher.java:86)
	at org.junit.platform.launcher.core.DefaultLauncherSession$DelegatingLauncher.execute(DefaultLauncherSession.java:86)
	at org.apache.maven.surefire.junitplatform.LazyLauncher.execute(LazyLauncher.java:56)
	at org.apache.maven.surefire.junitplatform.JUnitPlatformProvider.execute(JUnitPlatformProvider.java:184)
	at org.apache.maven.surefire.junitplatform.JUnitPlatformProvider.invokeAllTests(JUnitPlatformProvider.java:148)
	at org.apache.maven.surefire.junitplatform.JUnitPlatformProvider.invoke(JUnitPlatformProvider.java:122)
	at org.apache.maven.surefire.booter.ForkedBooter.runSuitesInProcess(ForkedBooter.java:385)
	at org.apache.maven.surefire.booter.ForkedBooter.execute(ForkedBooter.java:162)
	at org.apache.maven.surefire.booter.ForkedBooter.run(ForkedBooter.java:507)
	at org.apache.maven.surefire.booter.ForkedBooter.main(ForkedBooter.java:495)
14:36:05.515 [main] DEBUG software.amazon.awssdk.auth.credentials.AwsCredentialsProviderChain - Loading credentials from EnvironmentVariableCredentialsProvider()
14:36:05.529 [main] DEBUG software.amazon.awssdk.core.interceptor.ExecutionInterceptorChain - Interceptor 'software.amazon.awssdk.transfer.s3.internal.ApplyUserAgentInterceptor@2375b321' modified the message with its modifyRequest method.
14:36:05.563 [main] DEBUG software.amazon.awssdk.core.interceptor.ExecutionInterceptorChain - Interceptor 'software.amazon.awssdk.services.s3.endpoints.internal.S3RequestSetEndpointInterceptor@4e2c95ee' modified the message with its modifyHttpRequest method.
14:36:05.566 [main] DEBUG software.amazon.awssdk.core.interceptor.ExecutionInterceptorChain - Interceptor 'software.amazon.awssdk.services.s3.internal.handlers.EnableTrailingChecksumInterceptor@7ff2b8d2' modified the message with its modifyHttpRequest method.
14:36:05.606 [main] DEBUG software.amazon.awssdk.request - Sending Request: DefaultSdkHttpFullRequest(httpMethod=GET, protocol=https, host=invalid-bucket-name.s3.eu-north-1.amazonaws.com, encodedPath=/cc, headers=[amz-sdk-invocation-id, User-Agent, x-amz-te], queryParameters=[])
14:36:05.607 [main] DEBUG software.amazon.awssdk.core.internal.http.pipeline.stages.SigningStage - Using SelectedAuthScheme: aws.auth#sigv4
14:36:05.629 [main] DEBUG software.amazon.awssdk.http.auth.aws.internal.signer.DefaultV4RequestSigner - AWS4 Canonical Request: GET
/cc

amz-sdk-invocation-id:50b7e2f7-41f5-887c-a278-f4cc76a5ba3a
amz-sdk-request:attempt=1; max=4
host:invalid-bucket-name.s3.eu-north-1.amazonaws.com
x-amz-content-sha256:UNSIGNED-PAYLOAD
x-amz-date:20240630T123605Z
x-amz-te:append-md5

amz-sdk-invocation-id;amz-sdk-request;host;x-amz-content-sha256;x-amz-date;x-amz-te
UNSIGNED-PAYLOAD
14:36:05.633 [main] DEBUG software.amazon.awssdk.http.auth.aws.internal.signer.DefaultV4RequestSigner - AWS4 Canonical Request Hash: 7db2cc1fc8a88e4531ec4131738a9a6e236de276b9ae0e3998a6369ddaaa2ff0
14:36:05.634 [main] DEBUG software.amazon.awssdk.http.auth.aws.internal.signer.DefaultV4RequestSigner - AWS4 String to sign: AWS4-HMAC-SHA256
20240630T123605Z
20240630/eu-north-1/s3/aws4_request
7db2cc1fc8a88e4531ec4131738a9a6e236de276b9ae0e3998a6369ddaaa2ff0
14:36:06.022 [main] DEBUG software.amazon.awssdk.http.apache.internal.conn.SdkTlsSocketFactory - socket.getSupportedProtocols(): [TLSv1.3, TLSv1.2, TLSv1.1, TLSv1, SSLv3, SSLv2Hello], socket.getEnabledProtocols(): [TLSv1.3, TLSv1.2]
14:36:06.440 [main] DEBUG software.amazon.awssdk.http.apache.internal.net.SdkSslSocket - created: invalid-bucket-name.s3.eu-north-1.amazonaws.com/3.5.216.58:443
14:36:06.556 [main] DEBUG software.amazon.awssdk.requestId - Received failed response: 301, Request ID: 8NRJ5BK8PZN2X1ZP, Extended Request ID: uwJngyV1yjWSqFq8DPcEcmSKo61QOANiL5Il4joHmVoBvoFRI/2YCOKplrl8aHx8KOZGfY+R/slgLMffblJhiw==
14:36:06.557 [main] DEBUG software.amazon.awssdk.request - Received failed response: 301, Request ID: 8NRJ5BK8PZN2X1ZP, Extended Request ID: uwJngyV1yjWSqFq8DPcEcmSKo61QOANiL5Il4joHmVoBvoFRI/2YCOKplrl8aHx8KOZGfY+R/slgLMffblJhiw==
]]></system-out>
    <system-err><![CDATA[software.amazon.awssdk.services.s3.model.S3Exception: The bucket you are attempting to access must be addressed using the specified endpoint. Please send all future requests to this endpoint. (Service: S3, Status Code: 301, Request ID: 8NRJ5BK8PZN2X1ZP, Extended Request ID: uwJngyV1yjWSqFq8DPcEcmSKo61QOANiL5Il4joHmVoBvoFRI/2YCOKplrl8aHx8KOZGfY+R/slgLMffblJhiw==)
	at software.amazon.awssdk.core.internal.http.CombinedResponseHandler.handleErrorResponse(CombinedResponseHandler.java:125)
	at software.amazon.awssdk.core.internal.http.CombinedResponseHandler.handleResponse(CombinedResponseHandler.java:82)
	at software.amazon.awssdk.core.internal.http.CombinedResponseHandler.handle(CombinedResponseHandler.java:60)
	at software.amazon.awssdk.core.internal.http.CombinedResponseHandler.handle(CombinedResponseHandler.java:41)
	at software.amazon.awssdk.core.internal.http.pipeline.stages.HandleResponseStage.execute(HandleResponseStage.java:50)
	at software.amazon.awssdk.core.internal.http.pipeline.stages.HandleResponseStage.execute(HandleResponseStage.java:38)
	at software.amazon.awssdk.core.internal.http.pipeline.RequestPipelineBuilder$ComposingRequestPipelineStage.execute(RequestPipelineBuilder.java:206)
	at software.amazon.awssdk.core.internal.http.pipeline.stages.ApiCallAttemptTimeoutTrackingStage.execute(ApiCallAttemptTimeoutTrackingStage.java:72)
	at software.amazon.awssdk.core.internal.http.pipeline.stages.ApiCallAttemptTimeoutTrackingStage.execute(ApiCallAttemptTimeoutTrackingStage.java:42)
	at software.amazon.awssdk.core.internal.http.pipeline.stages.TimeoutExceptionHandlingStage.execute(TimeoutExceptionHandlingStage.java:78)
	at software.amazon.awssdk.core.internal.http.pipeline.stages.TimeoutExceptionHandlingStage.execute(TimeoutExceptionHandlingStage.java:40)
	at software.amazon.awssdk.core.internal.http.pipeline.stages.ApiCallAttemptMetricCollectionStage.execute(ApiCallAttemptMetricCollectionStage.java:55)
	at software.amazon.awssdk.core.internal.http.pipeline.stages.ApiCallAttemptMetricCollectionStage.execute(ApiCallAttemptMetricCollectionStage.java:39)
	at software.amazon.awssdk.core.internal.http.pipeline.stages.RetryableStage.execute(RetryableStage.java:81)
	at software.amazon.awssdk.core.internal.http.pipeline.stages.RetryableStage.execute(RetryableStage.java:36)
	at software.amazon.awssdk.core.internal.http.pipeline.RequestPipelineBuilder$ComposingRequestPipelineStage.execute(RequestPipelineBuilder.java:206)
	at software.amazon.awssdk.core.internal.http.StreamManagingStage.execute(StreamManagingStage.java:56)
	at software.amazon.awssdk.core.internal.http.StreamManagingStage.execute(StreamManagingStage.java:36)
	at software.amazon.awssdk.core.internal.http.pipeline.stages.ApiCallTimeoutTrackingStage.executeWithTimer(ApiCallTimeoutTrackingStage.java:80)
	at software.amazon.awssdk.core.internal.http.pipeline.stages.ApiCallTimeoutTrackingStage.execute(ApiCallTimeoutTrackingStage.java:60)
	at software.amazon.awssdk.core.internal.http.pipeline.stages.ApiCallTimeoutTrackingStage.execute(ApiCallTimeoutTrackingStage.java:42)
	at software.amazon.awssdk.core.internal.http.pipeline.stages.ApiCallMetricCollectionStage.execute(ApiCallMetricCollectionStage.java:50)
	at software.amazon.awssdk.core.internal.http.pipeline.stages.ApiCallMetricCollectionStage.execute(ApiCallMetricCollectionStage.java:32)
	at software.amazon.awssdk.core.internal.http.pipeline.RequestPipelineBuilder$ComposingRequestPipelineStage.execute(RequestPipelineBuilder.java:206)
	at software.amazon.awssdk.core.internal.http.pipeline.RequestPipelineBuilder$ComposingRequestPipelineStage.execute(RequestPipelineBuilder.java:206)
	at software.amazon.awssdk.core.internal.http.pipeline.stages.ExecutionFailureExceptionReportingStage.execute(ExecutionFailureExceptionReportingStage.java:37)
	at software.amazon.awssdk.core.internal.http.pipeline.stages.ExecutionFailureExceptionReportingStage.execute(ExecutionFailureExceptionReportingStage.java:26)
	at software.amazon.awssdk.core.internal.http.AmazonSyncHttpClient$RequestExecutionBuilderImpl.execute(AmazonSyncHttpClient.java:224)
	at software.amazon.awssdk.core.internal.handler.BaseSyncClientHandler.invoke(BaseSyncClientHandler.java:103)
	at software.amazon.awssdk.core.internal.handler.BaseSyncClientHandler.doExecute(BaseSyncClientHandler.java:173)
	at software.amazon.awssdk.core.internal.handler.BaseSyncClientHandler.lambda$execute$0(BaseSyncClientHandler.java:66)
	at software.amazon.awssdk.core.internal.handler.BaseSyncClientHandler.measureApiCallSuccess(BaseSyncClientHandler.java:182)
	at software.amazon.awssdk.core.internal.handler.BaseSyncClientHandler.execute(BaseSyncClientHandler.java:60)
	at software.amazon.awssdk.core.client.handler.SdkSyncClientHandler.execute(SdkSyncClientHandler.java:52)
	at software.amazon.awssdk.awscore.client.handler.AwsSyncClientHandler.execute(AwsSyncClientHandler.java:60)
	at software.amazon.awssdk.services.s3.DefaultS3Client.getObject(DefaultS3Client.java:5203)
	at software.amazon.awssdk.services.s3.S3Client.getObjectAsBytes(S3Client.java:9542)
	at com.cloud.CloudUploaderTest$2.download(CloudUploaderTest.java:104)
	at com.cloud.CloudUploaderTest.testDownloadFailure(CloudUploaderTest.java:116)
	at java.base/jdk.internal.reflect.DirectMethodHandleAccessor.invoke(DirectMethodHandleAccessor.java:103)
	at java.base/java.lang.reflect.Method.invoke(Method.java:580)
	at org.junit.platform.commons.util.ReflectionUtils.invokeMethod(ReflectionUtils.java:725)
	at org.junit.jupiter.engine.execution.MethodInvocation.proceed(MethodInvocation.java:60)
	at org.junit.jupiter.engine.execution.InvocationInterceptorChain$ValidatingInvocation.proceed(InvocationInterceptorChain.java:131)
	at org.junit.jupiter.engine.extension.TimeoutExtension.intercept(TimeoutExtension.java:149)
	at org.junit.jupiter.engine.extension.TimeoutExtension.interceptTestableMethod(TimeoutExtension.java:140)
	at org.junit.jupiter.engine.extension.TimeoutExtension.interceptTestMethod(TimeoutExtension.java:84)
	at org.junit.jupiter.engine.execution.ExecutableInvoker$ReflectiveInterceptorCall.lambda$ofVoidMethod$0(ExecutableInvoker.java:115)
	at org.junit.jupiter.engine.execution.ExecutableInvoker.lambda$invoke$0(ExecutableInvoker.java:105)
	at org.junit.jupiter.engine.execution.InvocationInterceptorChain$InterceptedInvocation.proceed(InvocationInterceptorChain.java:106)
	at org.junit.jupiter.engine.execution.InvocationInterceptorChain.proceed(InvocationInterceptorChain.java:64)
	at org.junit.jupiter.engine.execution.InvocationInterceptorChain.chainAndInvoke(InvocationInterceptorChain.java:45)
	at org.junit.jupiter.engine.execution.InvocationInterceptorChain.invoke(InvocationInterceptorChain.java:37)
	at org.junit.jupiter.engine.execution.ExecutableInvoker.invoke(ExecutableInvoker.java:104)
	at org.junit.jupiter.engine.execution.ExecutableInvoker.invoke(ExecutableInvoker.java:98)
	at org.junit.jupiter.engine.descriptor.TestMethodTestDescriptor.lambda$invokeTestMethod$7(TestMethodTestDescriptor.java:214)
	at org.junit.platform.engine.support.hierarchical.ThrowableCollector.execute(ThrowableCollector.java:73)
	at org.junit.jupiter.engine.descriptor.TestMethodTestDescriptor.invokeTestMethod(TestMethodTestDescriptor.java:210)
	at org.junit.jupiter.engine.descriptor.TestMethodTestDescriptor.execute(TestMethodTestDescriptor.java:135)
	at org.junit.jupiter.engine.descriptor.TestMethodTestDescriptor.execute(TestMethodTestDescriptor.java:66)
	at org.junit.platform.engine.support.hierarchical.NodeTestTask.lambda$executeRecursively$6(NodeTestTask.java:151)
	at org.junit.platform.engine.support.hierarchical.ThrowableCollector.execute(ThrowableCollector.java:73)
	at org.junit.platform.engine.support.hierarchical.NodeTestTask.lambda$executeRecursively$8(NodeTestTask.java:141)
	at org.junit.platform.engine.support.hierarchical.Node.around(Node.java:137)
	at org.junit.platform.engine.support.hierarchical.NodeTestTask.lambda$executeRecursively$9(NodeTestTask.java:139)
	at org.junit.platform.engine.support.hierarchical.ThrowableCollector.execute(ThrowableCollector.java:73)
	at org.junit.platform.engine.support.hierarchical.NodeTestTask.executeRecursively(NodeTestTask.java:138)
	at org.junit.platform.engine.support.hierarchical.NodeTestTask.execute(NodeTestTask.java:95)
	at java.base/java.util.ArrayList.forEach(ArrayList.java:1597)
	at org.junit.platform.engine.support.hierarchical.SameThreadHierarchicalTestExecutorService.invokeAll(SameThreadHierarchicalTestExecutorService.java:41)
	at org.junit.platform.engine.support.hierarchical.NodeTestTask.lambda$executeRecursively$6(NodeTestTask.java:155)
	at org.junit.platform.engine.support.hierarchical.ThrowableCollector.execute(ThrowableCollector.java:73)
	at org.junit.platform.engine.support.hierarchical.NodeTestTask.lambda$executeRecursively$8(NodeTestTask.java:141)
	at org.junit.platform.engine.support.hierarchical.Node.around(Node.java:137)
	at org.junit.platform.engine.support.hierarchical.NodeTestTask.lambda$executeRecursively$9(NodeTestTask.java:139)
	at org.junit.platform.engine.support.hierarchical.ThrowableCollector.execute(ThrowableCollector.java:73)
	at org.junit.platform.engine.support.hierarchical.NodeTestTask.executeRecursively(NodeTestTask.java:138)
	at org.junit.platform.engine.support.hierarchical.NodeTestTask.execute(NodeTestTask.java:95)
	at java.base/java.util.ArrayList.forEach(ArrayList.java:1597)
	at org.junit.platform.engine.support.hierarchical.SameThreadHierarchicalTestExecutorService.invokeAll(SameThreadHierarchicalTestExecutorService.java:41)
	at org.junit.platform.engine.support.hierarchical.NodeTestTask.lambda$executeRecursively$6(NodeTestTask.java:155)
	at org.junit.platform.engine.support.hierarchical.ThrowableCollector.execute(ThrowableCollector.java:73)
	at org.junit.platform.engine.support.hierarchical.NodeTestTask.lambda$executeRecursively$8(NodeTestTask.java:141)
	at org.junit.platform.engine.support.hierarchical.Node.around(Node.java:137)
	at org.junit.platform.engine.support.hierarchical.NodeTestTask.lambda$executeRecursively$9(NodeTestTask.java:139)
	at org.junit.platform.engine.support.hierarchical.ThrowableCollector.execute(ThrowableCollector.java:73)
	at org.junit.platform.engine.support.hierarchical.NodeTestTask.executeRecursively(NodeTestTask.java:138)
	at org.junit.platform.engine.support.hierarchical.NodeTestTask.execute(NodeTestTask.java:95)
	at org.junit.platform.engine.support.hierarchical.SameThreadHierarchicalTestExecutorService.submit(SameThreadHierarchicalTestExecutorService.java:35)
	at org.junit.platform.engine.support.hierarchical.HierarchicalTestExecutor.execute(HierarchicalTestExecutor.java:57)
	at org.junit.platform.engine.support.hierarchical.HierarchicalTestEngine.execute(HierarchicalTestEngine.java:54)
	at org.junit.platform.launcher.core.EngineExecutionOrchestrator.execute(EngineExecutionOrchestrator.java:107)
	at org.junit.platform.launcher.core.EngineExecutionOrchestrator.execute(EngineExecutionOrchestrator.java:88)
	at org.junit.platform.launcher.core.EngineExecutionOrchestrator.lambda$execute$0(EngineExecutionOrchestrator.java:54)
	at org.junit.platform.launcher.core.EngineExecutionOrchestrator.withInterceptedStreams(EngineExecutionOrchestrator.java:67)
	at org.junit.platform.launcher.core.EngineExecutionOrchestrator.execute(EngineExecutionOrchestrator.java:52)
	at org.junit.platform.launcher.core.DefaultLauncher.execute(DefaultLauncher.java:114)
	at org.junit.platform.launcher.core.DefaultLauncher.execute(DefaultLauncher.java:86)
	at org.junit.platform.launcher.core.DefaultLauncherSession$DelegatingLauncher.execute(DefaultLauncherSession.java:86)
	at org.apache.maven.surefire.junitplatform.LazyLauncher.execute(LazyLauncher.java:56)
	at org.apache.maven.surefire.junitplatform.JUnitPlatformProvider.execute(JUnitPlatformProvider.java:184)
	at org.apache.maven.surefire.junitplatform.JUnitPlatformProvider.invokeAllTests(JUnitPlatformProvider.java:148)
	at org.apache.maven.surefire.junitplatform.JUnitPlatformProvider.invoke(JUnitPlatformProvider.java:122)
	at org.apache.maven.surefire.booter.ForkedBooter.runSuitesInProcess(ForkedBooter.java:385)
	at org.apache.maven.surefire.booter.ForkedBooter.execute(ForkedBooter.java:162)
	at org.apache.maven.surefire.booter.ForkedBooter.run(ForkedBooter.java:507)
	at org.apache.maven.surefire.booter.ForkedBooter.main(ForkedBooter.java:495)
]]></system-err>
  </testcase>
  <testcase name="testUpload" classname="com.cloud.CloudUploaderTest" time="1.245">
    <system-out><![CDATA[14:36:06.713 [main] DEBUG software.amazon.awssdk.core.interceptor.ExecutionInterceptorChain - Creating an interceptor chain that will apply interceptors in the following order: [software.amazon.awssdk.core.internal.interceptor.HttpChecksumValidationInterceptor@646c0a67, software.amazon.awssdk.awscore.interceptor.HelpfulUnknownHostExceptionInterceptor@3804a9a8, software.amazon.awssdk.awscore.eventstream.EventStreamInitialRequestInterceptor@117525fe, software.amazon.awssdk.awscore.interceptor.TraceIdExecutionInterceptor@5f7989fa, software.amazon.awssdk.services.s3.auth.scheme.internal.S3AuthSchemeInterceptor@5bc28f40, software.amazon.awssdk.services.s3.endpoints.internal.S3ResolveEndpointInterceptor@46963479, software.amazon.awssdk.services.s3.endpoints.internal.S3RequestSetEndpointInterceptor@7e74a380, software.amazon.awssdk.services.s3.internal.handlers.StreamingRequestInterceptor@6dd1c3ed, software.amazon.awssdk.services.s3.internal.handlers.CreateBucketInterceptor@22a6e998, software.amazon.awssdk.services.s3.internal.handlers.CreateMultipartUploadRequestInterceptor@55e42449, software.amazon.awssdk.services.s3.internal.handlers.DecodeUrlEncodedResponseInterceptor@e57e5d6, software.amazon.awssdk.services.s3.internal.handlers.GetBucketPolicyInterceptor@6dfa915a, software.amazon.awssdk.services.s3.internal.handlers.S3ExpressChecksumInterceptor@78054f54, software.amazon.awssdk.services.s3.internal.handlers.AsyncChecksumValidationInterceptor@cb7fa71, software.amazon.awssdk.services.s3.internal.handlers.SyncChecksumValidationInterceptor@3dffc764, software.amazon.awssdk.services.s3.internal.handlers.EnableTrailingChecksumInterceptor@4b6e1c0, software.amazon.awssdk.services.s3.internal.handlers.ExceptionTranslationInterceptor@561b61ed, software.amazon.awssdk.services.s3.internal.handlers.GetObjectInterceptor@654c7d2d, software.amazon.awssdk.services.s3.internal.handlers.CopySourceInterceptor@26cb5207, software.amazon.awssdk.services.s3.internal.handlers.ObjectMetadataInterceptor@15400fff, software.amazon.awssdk.transfer.s3.internal.ApplyUserAgentInterceptor@18d910b3]
14:36:06.714 [main] DEBUG software.amazon.awssdk.auth.credentials.AwsCredentialsProviderChain - Unable to load credentials from SystemPropertyCredentialsProvider(): Unable to load credentials from system settings. Access key must be specified either via environment variable (AWS_ACCESS_KEY_ID) or system property (aws.accessKeyId).
software.amazon.awssdk.core.exception.SdkClientException: Unable to load credentials from system settings. Access key must be specified either via environment variable (AWS_ACCESS_KEY_ID) or system property (aws.accessKeyId).
	at software.amazon.awssdk.core.exception.SdkClientException$BuilderImpl.build(SdkClientException.java:111)
	at software.amazon.awssdk.auth.credentials.internal.SystemSettingsCredentialsProvider.resolveCredentials(SystemSettingsCredentialsProvider.java:60)
	at software.amazon.awssdk.auth.credentials.AwsCredentialsProvider.resolveIdentity(AwsCredentialsProvider.java:54)
	at software.amazon.awssdk.identity.spi.IdentityProvider.resolveIdentity(IdentityProvider.java:60)
	at software.amazon.awssdk.auth.credentials.AwsCredentialsProviderChain.resolveCredentials(AwsCredentialsProviderChain.java:109)
	at software.amazon.awssdk.auth.credentials.internal.LazyAwsCredentialsProvider.resolveCredentials(LazyAwsCredentialsProvider.java:45)
	at software.amazon.awssdk.auth.credentials.DefaultCredentialsProvider.resolveCredentials(DefaultCredentialsProvider.java:129)
	at software.amazon.awssdk.auth.credentials.AwsCredentialsProvider.resolveIdentity(AwsCredentialsProvider.java:54)
	at software.amazon.awssdk.services.s3.auth.scheme.internal.S3AuthSchemeInterceptor.lambda$trySelectAuthScheme$4(S3AuthSchemeInterceptor.java:162)
	at software.amazon.awssdk.core.internal.util.MetricUtils.reportDuration(MetricUtils.java:77)
	at software.amazon.awssdk.services.s3.auth.scheme.internal.S3AuthSchemeInterceptor.trySelectAuthScheme(S3AuthSchemeInterceptor.java:162)
	at software.amazon.awssdk.services.s3.auth.scheme.internal.S3AuthSchemeInterceptor.selectAuthScheme(S3AuthSchemeInterceptor.java:84)
	at software.amazon.awssdk.services.s3.auth.scheme.internal.S3AuthSchemeInterceptor.beforeExecution(S3AuthSchemeInterceptor.java:64)
	at software.amazon.awssdk.core.interceptor.ExecutionInterceptorChain.lambda$beforeExecution$1(ExecutionInterceptorChain.java:59)
	at java.base/java.util.ArrayList.forEach(ArrayList.java:1597)
	at software.amazon.awssdk.core.interceptor.ExecutionInterceptorChain.beforeExecution(ExecutionInterceptorChain.java:59)
	at software.amazon.awssdk.awscore.internal.AwsExecutionContextBuilder.runInitialInterceptors(AwsExecutionContextBuilder.java:241)
	at software.amazon.awssdk.awscore.internal.AwsExecutionContextBuilder.invokeInterceptorsAndCreateExecutionContext(AwsExecutionContextBuilder.java:132)
	at software.amazon.awssdk.awscore.client.handler.AwsSyncClientHandler.invokeInterceptorsAndCreateExecutionContext(AwsSyncClientHandler.java:67)
	at software.amazon.awssdk.core.internal.handler.BaseSyncClientHandler.lambda$execute$1(BaseSyncClientHandler.java:76)
	at software.amazon.awssdk.core.internal.handler.BaseSyncClientHandler.measureApiCallSuccess(BaseSyncClientHandler.java:182)
	at software.amazon.awssdk.core.internal.handler.BaseSyncClientHandler.execute(BaseSyncClientHandler.java:74)
	at software.amazon.awssdk.core.client.handler.SdkSyncClientHandler.execute(SdkSyncClientHandler.java:45)
	at software.amazon.awssdk.awscore.client.handler.AwsSyncClientHandler.execute(AwsSyncClientHandler.java:53)
	at software.amazon.awssdk.services.s3.DefaultS3Client.putObject(DefaultS3Client.java:10220)
	at com.cloud.CloudUploader.upload(CloudUploader.java:38)
	at com.cloud.CloudUploaderTest.testUpload(CloudUploaderTest.java:32)
	at java.base/jdk.internal.reflect.DirectMethodHandleAccessor.invoke(DirectMethodHandleAccessor.java:103)
	at java.base/java.lang.reflect.Method.invoke(Method.java:580)
	at org.junit.platform.commons.util.ReflectionUtils.invokeMethod(ReflectionUtils.java:725)
	at org.junit.jupiter.engine.execution.MethodInvocation.proceed(MethodInvocation.java:60)
	at org.junit.jupiter.engine.execution.InvocationInterceptorChain$ValidatingInvocation.proceed(InvocationInterceptorChain.java:131)
	at org.junit.jupiter.engine.extension.TimeoutExtension.intercept(TimeoutExtension.java:149)
	at org.junit.jupiter.engine.extension.TimeoutExtension.interceptTestableMethod(TimeoutExtension.java:140)
	at org.junit.jupiter.engine.extension.TimeoutExtension.interceptTestMethod(TimeoutExtension.java:84)
	at org.junit.jupiter.engine.execution.ExecutableInvoker$ReflectiveInterceptorCall.lambda$ofVoidMethod$0(ExecutableInvoker.java:115)
	at org.junit.jupiter.engine.execution.ExecutableInvoker.lambda$invoke$0(ExecutableInvoker.java:105)
	at org.junit.jupiter.engine.execution.InvocationInterceptorChain$InterceptedInvocation.proceed(InvocationInterceptorChain.java:106)
	at org.junit.jupiter.engine.execution.InvocationInterceptorChain.proceed(InvocationInterceptorChain.java:64)
	at org.junit.jupiter.engine.execution.InvocationInterceptorChain.chainAndInvoke(InvocationInterceptorChain.java:45)
	at org.junit.jupiter.engine.execution.InvocationInterceptorChain.invoke(InvocationInterceptorChain.java:37)
	at org.junit.jupiter.engine.execution.ExecutableInvoker.invoke(ExecutableInvoker.java:104)
	at org.junit.jupiter.engine.execution.ExecutableInvoker.invoke(ExecutableInvoker.java:98)
	at org.junit.jupiter.engine.descriptor.TestMethodTestDescriptor.lambda$invokeTestMethod$7(TestMethodTestDescriptor.java:214)
	at org.junit.platform.engine.support.hierarchical.ThrowableCollector.execute(ThrowableCollector.java:73)
	at org.junit.jupiter.engine.descriptor.TestMethodTestDescriptor.invokeTestMethod(TestMethodTestDescriptor.java:210)
	at org.junit.jupiter.engine.descriptor.TestMethodTestDescriptor.execute(TestMethodTestDescriptor.java:135)
	at org.junit.jupiter.engine.descriptor.TestMethodTestDescriptor.execute(TestMethodTestDescriptor.java:66)
	at org.junit.platform.engine.support.hierarchical.NodeTestTask.lambda$executeRecursively$6(NodeTestTask.java:151)
	at org.junit.platform.engine.support.hierarchical.ThrowableCollector.execute(ThrowableCollector.java:73)
	at org.junit.platform.engine.support.hierarchical.NodeTestTask.lambda$executeRecursively$8(NodeTestTask.java:141)
	at org.junit.platform.engine.support.hierarchical.Node.around(Node.java:137)
	at org.junit.platform.engine.support.hierarchical.NodeTestTask.lambda$executeRecursively$9(NodeTestTask.java:139)
	at org.junit.platform.engine.support.hierarchical.ThrowableCollector.execute(ThrowableCollector.java:73)
	at org.junit.platform.engine.support.hierarchical.NodeTestTask.executeRecursively(NodeTestTask.java:138)
	at org.junit.platform.engine.support.hierarchical.NodeTestTask.execute(NodeTestTask.java:95)
	at java.base/java.util.ArrayList.forEach(ArrayList.java:1597)
	at org.junit.platform.engine.support.hierarchical.SameThreadHierarchicalTestExecutorService.invokeAll(SameThreadHierarchicalTestExecutorService.java:41)
	at org.junit.platform.engine.support.hierarchical.NodeTestTask.lambda$executeRecursively$6(NodeTestTask.java:155)
	at org.junit.platform.engine.support.hierarchical.ThrowableCollector.execute(ThrowableCollector.java:73)
	at org.junit.platform.engine.support.hierarchical.NodeTestTask.lambda$executeRecursively$8(NodeTestTask.java:141)
	at org.junit.platform.engine.support.hierarchical.Node.around(Node.java:137)
	at org.junit.platform.engine.support.hierarchical.NodeTestTask.lambda$executeRecursively$9(NodeTestTask.java:139)
	at org.junit.platform.engine.support.hierarchical.ThrowableCollector.execute(ThrowableCollector.java:73)
	at org.junit.platform.engine.support.hierarchical.NodeTestTask.executeRecursively(NodeTestTask.java:138)
	at org.junit.platform.engine.support.hierarchical.NodeTestTask.execute(NodeTestTask.java:95)
	at java.base/java.util.ArrayList.forEach(ArrayList.java:1597)
	at org.junit.platform.engine.support.hierarchical.SameThreadHierarchicalTestExecutorService.invokeAll(SameThreadHierarchicalTestExecutorService.java:41)
	at org.junit.platform.engine.support.hierarchical.NodeTestTask.lambda$executeRecursively$6(NodeTestTask.java:155)
	at org.junit.platform.engine.support.hierarchical.ThrowableCollector.execute(ThrowableCollector.java:73)
	at org.junit.platform.engine.support.hierarchical.NodeTestTask.lambda$executeRecursively$8(NodeTestTask.java:141)
	at org.junit.platform.engine.support.hierarchical.Node.around(Node.java:137)
	at org.junit.platform.engine.support.hierarchical.NodeTestTask.lambda$executeRecursively$9(NodeTestTask.java:139)
	at org.junit.platform.engine.support.hierarchical.ThrowableCollector.execute(ThrowableCollector.java:73)
	at org.junit.platform.engine.support.hierarchical.NodeTestTask.executeRecursively(NodeTestTask.java:138)
	at org.junit.platform.engine.support.hierarchical.NodeTestTask.execute(NodeTestTask.java:95)
	at org.junit.platform.engine.support.hierarchical.SameThreadHierarchicalTestExecutorService.submit(SameThreadHierarchicalTestExecutorService.java:35)
	at org.junit.platform.engine.support.hierarchical.HierarchicalTestExecutor.execute(HierarchicalTestExecutor.java:57)
	at org.junit.platform.engine.support.hierarchical.HierarchicalTestEngine.execute(HierarchicalTestEngine.java:54)
	at org.junit.platform.launcher.core.EngineExecutionOrchestrator.execute(EngineExecutionOrchestrator.java:107)
	at org.junit.platform.launcher.core.EngineExecutionOrchestrator.execute(EngineExecutionOrchestrator.java:88)
	at org.junit.platform.launcher.core.EngineExecutionOrchestrator.lambda$execute$0(EngineExecutionOrchestrator.java:54)
	at org.junit.platform.launcher.core.EngineExecutionOrchestrator.withInterceptedStreams(EngineExecutionOrchestrator.java:67)
	at org.junit.platform.launcher.core.EngineExecutionOrchestrator.execute(EngineExecutionOrchestrator.java:52)
	at org.junit.platform.launcher.core.DefaultLauncher.execute(DefaultLauncher.java:114)
	at org.junit.platform.launcher.core.DefaultLauncher.execute(DefaultLauncher.java:86)
	at org.junit.platform.launcher.core.DefaultLauncherSession$DelegatingLauncher.execute(DefaultLauncherSession.java:86)
	at org.apache.maven.surefire.junitplatform.LazyLauncher.execute(LazyLauncher.java:56)
	at org.apache.maven.surefire.junitplatform.JUnitPlatformProvider.execute(JUnitPlatformProvider.java:184)
	at org.apache.maven.surefire.junitplatform.JUnitPlatformProvider.invokeAllTests(JUnitPlatformProvider.java:148)
	at org.apache.maven.surefire.junitplatform.JUnitPlatformProvider.invoke(JUnitPlatformProvider.java:122)
	at org.apache.maven.surefire.booter.ForkedBooter.runSuitesInProcess(ForkedBooter.java:385)
	at org.apache.maven.surefire.booter.ForkedBooter.execute(ForkedBooter.java:162)
	at org.apache.maven.surefire.booter.ForkedBooter.run(ForkedBooter.java:507)
	at org.apache.maven.surefire.booter.ForkedBooter.main(ForkedBooter.java:495)
14:36:06.715 [main] DEBUG software.amazon.awssdk.auth.credentials.AwsCredentialsProviderChain - Loading credentials from EnvironmentVariableCredentialsProvider()
14:36:06.716 [main] DEBUG software.amazon.awssdk.core.interceptor.ExecutionInterceptorChain - Interceptor 'software.amazon.awssdk.transfer.s3.internal.ApplyUserAgentInterceptor@18d910b3' modified the message with its modifyRequest method.
14:36:06.720 [main] DEBUG software.amazon.awssdk.core.interceptor.ExecutionInterceptorChain - Interceptor 'software.amazon.awssdk.services.s3.endpoints.internal.S3RequestSetEndpointInterceptor@7e74a380' modified the message with its modifyHttpRequest method.
14:36:06.720 [main] DEBUG software.amazon.awssdk.core.interceptor.ExecutionInterceptorChain - Interceptor 'software.amazon.awssdk.services.s3.internal.handlers.StreamingRequestInterceptor@6dd1c3ed' modified the message with its modifyHttpRequest method.
14:36:06.724 [main] DEBUG software.amazon.awssdk.request - Sending Request: DefaultSdkHttpFullRequest(httpMethod=PUT, protocol=https, host=progettoedids.s3.eu-north-1.amazonaws.com, encodedPath=/cc, headers=[amz-sdk-invocation-id, Content-Length, Content-Type, Expect, User-Agent], queryParameters=[])
14:36:06.725 [main] DEBUG software.amazon.awssdk.core.internal.http.pipeline.stages.SigningStage - Using SelectedAuthScheme: aws.auth#sigv4
14:36:06.725 [main] DEBUG software.amazon.awssdk.http.auth.aws.internal.signer.DefaultV4RequestSigner - AWS4 Canonical Request: PUT
/cc

amz-sdk-invocation-id:fcb091da-09f5-76f5-c53f-36f545d0b89c
amz-sdk-request:attempt=1; max=4
content-length:135
content-type:application/octet-stream
host:progettoedids.s3.eu-north-1.amazonaws.com
x-amz-content-sha256:UNSIGNED-PAYLOAD
x-amz-date:20240630T123606Z

amz-sdk-invocation-id;amz-sdk-request;content-length;content-type;host;x-amz-content-sha256;x-amz-date
UNSIGNED-PAYLOAD
14:36:06.725 [main] DEBUG software.amazon.awssdk.http.auth.aws.internal.signer.DefaultV4RequestSigner - AWS4 Canonical Request Hash: ea065dfdef0fd1dc011f02bd2d8b8daa3f91815e2ec9a8d86c72c11fe62ea927
14:36:06.725 [main] DEBUG software.amazon.awssdk.http.auth.aws.internal.signer.DefaultV4RequestSigner - AWS4 String to sign: AWS4-HMAC-SHA256
20240630T123606Z
20240630/eu-north-1/s3/aws4_request
ea065dfdef0fd1dc011f02bd2d8b8daa3f91815e2ec9a8d86c72c11fe62ea927
14:36:06.890 [main] DEBUG software.amazon.awssdk.http.apache.internal.conn.SdkTlsSocketFactory - socket.getSupportedProtocols(): [TLSv1.3, TLSv1.2, TLSv1.1, TLSv1, SSLv3, SSLv2Hello], socket.getEnabledProtocols(): [TLSv1.3, TLSv1.2]
14:36:07.136 [main] DEBUG software.amazon.awssdk.http.apache.internal.net.SdkSslSocket - created: progettoedids.s3.eu-north-1.amazonaws.com/52.95.171.4:443
14:36:07.432 [main] DEBUG software.amazon.awssdk.requestId - Received successful response: 200, Request ID: 8NRRW3DTRGB82TEW, Extended Request ID: RI6SW8a8Chj13+M9m+E+280FUNCSzQUGgjbZhlVbGYUFmRsgVTbuz7CzWwDBPXklZ52rDnwDIv8=
14:36:07.433 [main] DEBUG software.amazon.awssdk.request - Received successful response: 200, Request ID: 8NRRW3DTRGB82TEW, Extended Request ID: RI6SW8a8Chj13+M9m+E+280FUNCSzQUGgjbZhlVbGYUFmRsgVTbuz7CzWwDBPXklZ52rDnwDIv8=
14:36:07.441 [main] DEBUG software.amazon.awssdk.core.interceptor.ExecutionInterceptorChain - Creating an interceptor chain that will apply interceptors in the following order: [software.amazon.awssdk.core.internal.interceptor.HttpChecksumValidationInterceptor@439b15f2, software.amazon.awssdk.awscore.interceptor.HelpfulUnknownHostExceptionInterceptor@3aa41da1, software.amazon.awssdk.awscore.eventstream.EventStreamInitialRequestInterceptor@74fab04a, software.amazon.awssdk.awscore.interceptor.TraceIdExecutionInterceptor@3c83468e, software.amazon.awssdk.services.s3.auth.scheme.internal.S3AuthSchemeInterceptor@272ce069, software.amazon.awssdk.services.s3.endpoints.internal.S3ResolveEndpointInterceptor@3d7fb838, software.amazon.awssdk.services.s3.endpoints.internal.S3RequestSetEndpointInterceptor@1c26273d, software.amazon.awssdk.services.s3.internal.handlers.StreamingRequestInterceptor@3a37a501, software.amazon.awssdk.services.s3.internal.handlers.CreateBucketInterceptor@7a583586, software.amazon.awssdk.services.s3.internal.handlers.CreateMultipartUploadRequestInterceptor@3a26ec8d, software.amazon.awssdk.services.s3.internal.handlers.DecodeUrlEncodedResponseInterceptor@17143b3b, software.amazon.awssdk.services.s3.internal.handlers.GetBucketPolicyInterceptor@100c8b75, software.amazon.awssdk.services.s3.internal.handlers.S3ExpressChecksumInterceptor@2bc378f7, software.amazon.awssdk.services.s3.internal.handlers.AsyncChecksumValidationInterceptor@268cbb86, software.amazon.awssdk.services.s3.internal.handlers.SyncChecksumValidationInterceptor@10f7918f, software.amazon.awssdk.services.s3.internal.handlers.EnableTrailingChecksumInterceptor@64d4f7c7, software.amazon.awssdk.services.s3.internal.handlers.ExceptionTranslationInterceptor@54e02f6a, software.amazon.awssdk.services.s3.internal.handlers.GetObjectInterceptor@17f3eefb, software.amazon.awssdk.services.s3.internal.handlers.CopySourceInterceptor@3ba46e63, software.amazon.awssdk.services.s3.internal.handlers.ObjectMetadataInterceptor@788ddc1f, software.amazon.awssdk.transfer.s3.internal.ApplyUserAgentInterceptor@2dc3271b]
14:36:07.442 [main] DEBUG software.amazon.awssdk.auth.credentials.AwsCredentialsProviderChain - Unable to load credentials from SystemPropertyCredentialsProvider(): Unable to load credentials from system settings. Access key must be specified either via environment variable (AWS_ACCESS_KEY_ID) or system property (aws.accessKeyId).
software.amazon.awssdk.core.exception.SdkClientException: Unable to load credentials from system settings. Access key must be specified either via environment variable (AWS_ACCESS_KEY_ID) or system property (aws.accessKeyId).
	at software.amazon.awssdk.core.exception.SdkClientException$BuilderImpl.build(SdkClientException.java:111)
	at software.amazon.awssdk.auth.credentials.internal.SystemSettingsCredentialsProvider.resolveCredentials(SystemSettingsCredentialsProvider.java:60)
	at software.amazon.awssdk.auth.credentials.AwsCredentialsProvider.resolveIdentity(AwsCredentialsProvider.java:54)
	at software.amazon.awssdk.identity.spi.IdentityProvider.resolveIdentity(IdentityProvider.java:60)
	at software.amazon.awssdk.auth.credentials.AwsCredentialsProviderChain.resolveCredentials(AwsCredentialsProviderChain.java:109)
	at software.amazon.awssdk.auth.credentials.internal.LazyAwsCredentialsProvider.resolveCredentials(LazyAwsCredentialsProvider.java:45)
	at software.amazon.awssdk.auth.credentials.DefaultCredentialsProvider.resolveCredentials(DefaultCredentialsProvider.java:129)
	at software.amazon.awssdk.auth.credentials.AwsCredentialsProvider.resolveIdentity(AwsCredentialsProvider.java:54)
	at software.amazon.awssdk.services.s3.auth.scheme.internal.S3AuthSchemeInterceptor.lambda$trySelectAuthScheme$4(S3AuthSchemeInterceptor.java:162)
	at software.amazon.awssdk.core.internal.util.MetricUtils.reportDuration(MetricUtils.java:77)
	at software.amazon.awssdk.services.s3.auth.scheme.internal.S3AuthSchemeInterceptor.trySelectAuthScheme(S3AuthSchemeInterceptor.java:162)
	at software.amazon.awssdk.services.s3.auth.scheme.internal.S3AuthSchemeInterceptor.selectAuthScheme(S3AuthSchemeInterceptor.java:84)
	at software.amazon.awssdk.services.s3.auth.scheme.internal.S3AuthSchemeInterceptor.beforeExecution(S3AuthSchemeInterceptor.java:64)
	at software.amazon.awssdk.core.interceptor.ExecutionInterceptorChain.lambda$beforeExecution$1(ExecutionInterceptorChain.java:59)
	at java.base/java.util.ArrayList.forEach(ArrayList.java:1597)
	at software.amazon.awssdk.core.interceptor.ExecutionInterceptorChain.beforeExecution(ExecutionInterceptorChain.java:59)
	at software.amazon.awssdk.awscore.internal.AwsExecutionContextBuilder.runInitialInterceptors(AwsExecutionContextBuilder.java:241)
	at software.amazon.awssdk.awscore.internal.AwsExecutionContextBuilder.invokeInterceptorsAndCreateExecutionContext(AwsExecutionContextBuilder.java:132)
	at software.amazon.awssdk.awscore.client.handler.AwsSyncClientHandler.invokeInterceptorsAndCreateExecutionContext(AwsSyncClientHandler.java:67)
	at software.amazon.awssdk.core.internal.handler.BaseSyncClientHandler.lambda$execute$0(BaseSyncClientHandler.java:62)
	at software.amazon.awssdk.core.internal.handler.BaseSyncClientHandler.measureApiCallSuccess(BaseSyncClientHandler.java:182)
	at software.amazon.awssdk.core.internal.handler.BaseSyncClientHandler.execute(BaseSyncClientHandler.java:60)
	at software.amazon.awssdk.core.client.handler.SdkSyncClientHandler.execute(SdkSyncClientHandler.java:52)
	at software.amazon.awssdk.awscore.client.handler.AwsSyncClientHandler.execute(AwsSyncClientHandler.java:60)
	at software.amazon.awssdk.services.s3.DefaultS3Client.getObject(DefaultS3Client.java:5203)
	at software.amazon.awssdk.services.s3.S3Client.getObjectAsBytes(S3Client.java:9542)
	at com.cloud.CloudUploaderTest.testUpload(CloudUploaderTest.java:37)
	at java.base/jdk.internal.reflect.DirectMethodHandleAccessor.invoke(DirectMethodHandleAccessor.java:103)
	at java.base/java.lang.reflect.Method.invoke(Method.java:580)
	at org.junit.platform.commons.util.ReflectionUtils.invokeMethod(ReflectionUtils.java:725)
	at org.junit.jupiter.engine.execution.MethodInvocation.proceed(MethodInvocation.java:60)
	at org.junit.jupiter.engine.execution.InvocationInterceptorChain$ValidatingInvocation.proceed(InvocationInterceptorChain.java:131)
	at org.junit.jupiter.engine.extension.TimeoutExtension.intercept(TimeoutExtension.java:149)
	at org.junit.jupiter.engine.extension.TimeoutExtension.interceptTestableMethod(TimeoutExtension.java:140)
	at org.junit.jupiter.engine.extension.TimeoutExtension.interceptTestMethod(TimeoutExtension.java:84)
	at org.junit.jupiter.engine.execution.ExecutableInvoker$ReflectiveInterceptorCall.lambda$ofVoidMethod$0(ExecutableInvoker.java:115)
	at org.junit.jupiter.engine.execution.ExecutableInvoker.lambda$invoke$0(ExecutableInvoker.java:105)
	at org.junit.jupiter.engine.execution.InvocationInterceptorChain$InterceptedInvocation.proceed(InvocationInterceptorChain.java:106)
	at org.junit.jupiter.engine.execution.InvocationInterceptorChain.proceed(InvocationInterceptorChain.java:64)
	at org.junit.jupiter.engine.execution.InvocationInterceptorChain.chainAndInvoke(InvocationInterceptorChain.java:45)
	at org.junit.jupiter.engine.execution.InvocationInterceptorChain.invoke(InvocationInterceptorChain.java:37)
	at org.junit.jupiter.engine.execution.ExecutableInvoker.invoke(ExecutableInvoker.java:104)
	at org.junit.jupiter.engine.execution.ExecutableInvoker.invoke(ExecutableInvoker.java:98)
	at org.junit.jupiter.engine.descriptor.TestMethodTestDescriptor.lambda$invokeTestMethod$7(TestMethodTestDescriptor.java:214)
	at org.junit.platform.engine.support.hierarchical.ThrowableCollector.execute(ThrowableCollector.java:73)
	at org.junit.jupiter.engine.descriptor.TestMethodTestDescriptor.invokeTestMethod(TestMethodTestDescriptor.java:210)
	at org.junit.jupiter.engine.descriptor.TestMethodTestDescriptor.execute(TestMethodTestDescriptor.java:135)
	at org.junit.jupiter.engine.descriptor.TestMethodTestDescriptor.execute(TestMethodTestDescriptor.java:66)
	at org.junit.platform.engine.support.hierarchical.NodeTestTask.lambda$executeRecursively$6(NodeTestTask.java:151)
	at org.junit.platform.engine.support.hierarchical.ThrowableCollector.execute(ThrowableCollector.java:73)
	at org.junit.platform.engine.support.hierarchical.NodeTestTask.lambda$executeRecursively$8(NodeTestTask.java:141)
	at org.junit.platform.engine.support.hierarchical.Node.around(Node.java:137)
	at org.junit.platform.engine.support.hierarchical.NodeTestTask.lambda$executeRecursively$9(NodeTestTask.java:139)
	at org.junit.platform.engine.support.hierarchical.ThrowableCollector.execute(ThrowableCollector.java:73)
	at org.junit.platform.engine.support.hierarchical.NodeTestTask.executeRecursively(NodeTestTask.java:138)
	at org.junit.platform.engine.support.hierarchical.NodeTestTask.execute(NodeTestTask.java:95)
	at java.base/java.util.ArrayList.forEach(ArrayList.java:1597)
	at org.junit.platform.engine.support.hierarchical.SameThreadHierarchicalTestExecutorService.invokeAll(SameThreadHierarchicalTestExecutorService.java:41)
	at org.junit.platform.engine.support.hierarchical.NodeTestTask.lambda$executeRecursively$6(NodeTestTask.java:155)
	at org.junit.platform.engine.support.hierarchical.ThrowableCollector.execute(ThrowableCollector.java:73)
	at org.junit.platform.engine.support.hierarchical.NodeTestTask.lambda$executeRecursively$8(NodeTestTask.java:141)
	at org.junit.platform.engine.support.hierarchical.Node.around(Node.java:137)
	at org.junit.platform.engine.support.hierarchical.NodeTestTask.lambda$executeRecursively$9(NodeTestTask.java:139)
	at org.junit.platform.engine.support.hierarchical.ThrowableCollector.execute(ThrowableCollector.java:73)
	at org.junit.platform.engine.support.hierarchical.NodeTestTask.executeRecursively(NodeTestTask.java:138)
	at org.junit.platform.engine.support.hierarchical.NodeTestTask.execute(NodeTestTask.java:95)
	at java.base/java.util.ArrayList.forEach(ArrayList.java:1597)
	at org.junit.platform.engine.support.hierarchical.SameThreadHierarchicalTestExecutorService.invokeAll(SameThreadHierarchicalTestExecutorService.java:41)
	at org.junit.platform.engine.support.hierarchical.NodeTestTask.lambda$executeRecursively$6(NodeTestTask.java:155)
	at org.junit.platform.engine.support.hierarchical.ThrowableCollector.execute(ThrowableCollector.java:73)
	at org.junit.platform.engine.support.hierarchical.NodeTestTask.lambda$executeRecursively$8(NodeTestTask.java:141)
	at org.junit.platform.engine.support.hierarchical.Node.around(Node.java:137)
	at org.junit.platform.engine.support.hierarchical.NodeTestTask.lambda$executeRecursively$9(NodeTestTask.java:139)
	at org.junit.platform.engine.support.hierarchical.ThrowableCollector.execute(ThrowableCollector.java:73)
	at org.junit.platform.engine.support.hierarchical.NodeTestTask.executeRecursively(NodeTestTask.java:138)
	at org.junit.platform.engine.support.hierarchical.NodeTestTask.execute(NodeTestTask.java:95)
	at org.junit.platform.engine.support.hierarchical.SameThreadHierarchicalTestExecutorService.submit(SameThreadHierarchicalTestExecutorService.java:35)
	at org.junit.platform.engine.support.hierarchical.HierarchicalTestExecutor.execute(HierarchicalTestExecutor.java:57)
	at org.junit.platform.engine.support.hierarchical.HierarchicalTestEngine.execute(HierarchicalTestEngine.java:54)
	at org.junit.platform.launcher.core.EngineExecutionOrchestrator.execute(EngineExecutionOrchestrator.java:107)
	at org.junit.platform.launcher.core.EngineExecutionOrchestrator.execute(EngineExecutionOrchestrator.java:88)
	at org.junit.platform.launcher.core.EngineExecutionOrchestrator.lambda$execute$0(EngineExecutionOrchestrator.java:54)
	at org.junit.platform.launcher.core.EngineExecutionOrchestrator.withInterceptedStreams(EngineExecutionOrchestrator.java:67)
	at org.junit.platform.launcher.core.EngineExecutionOrchestrator.execute(EngineExecutionOrchestrator.java:52)
	at org.junit.platform.launcher.core.DefaultLauncher.execute(DefaultLauncher.java:114)
	at org.junit.platform.launcher.core.DefaultLauncher.execute(DefaultLauncher.java:86)
	at org.junit.platform.launcher.core.DefaultLauncherSession$DelegatingLauncher.execute(DefaultLauncherSession.java:86)
	at org.apache.maven.surefire.junitplatform.LazyLauncher.execute(LazyLauncher.java:56)
	at org.apache.maven.surefire.junitplatform.JUnitPlatformProvider.execute(JUnitPlatformProvider.java:184)
	at org.apache.maven.surefire.junitplatform.JUnitPlatformProvider.invokeAllTests(JUnitPlatformProvider.java:148)
	at org.apache.maven.surefire.junitplatform.JUnitPlatformProvider.invoke(JUnitPlatformProvider.java:122)
	at org.apache.maven.surefire.booter.ForkedBooter.runSuitesInProcess(ForkedBooter.java:385)
	at org.apache.maven.surefire.booter.ForkedBooter.execute(ForkedBooter.java:162)
	at org.apache.maven.surefire.booter.ForkedBooter.run(ForkedBooter.java:507)
	at org.apache.maven.surefire.booter.ForkedBooter.main(ForkedBooter.java:495)
14:36:07.442 [main] DEBUG software.amazon.awssdk.auth.credentials.AwsCredentialsProviderChain - Loading credentials from EnvironmentVariableCredentialsProvider()
14:36:07.443 [main] DEBUG software.amazon.awssdk.core.interceptor.ExecutionInterceptorChain - Interceptor 'software.amazon.awssdk.transfer.s3.internal.ApplyUserAgentInterceptor@2dc3271b' modified the message with its modifyRequest method.
14:36:07.443 [main] DEBUG software.amazon.awssdk.core.interceptor.ExecutionInterceptorChain - Interceptor 'software.amazon.awssdk.services.s3.endpoints.internal.S3RequestSetEndpointInterceptor@1c26273d' modified the message with its modifyHttpRequest method.
14:36:07.443 [main] DEBUG software.amazon.awssdk.core.interceptor.ExecutionInterceptorChain - Interceptor 'software.amazon.awssdk.services.s3.internal.handlers.EnableTrailingChecksumInterceptor@64d4f7c7' modified the message with its modifyHttpRequest method.
14:36:07.444 [main] DEBUG software.amazon.awssdk.request - Sending Request: DefaultSdkHttpFullRequest(httpMethod=GET, protocol=https, host=progettoedids.s3.eu-north-1.amazonaws.com, encodedPath=/cc, headers=[amz-sdk-invocation-id, User-Agent, x-amz-te], queryParameters=[])
14:36:07.444 [main] DEBUG software.amazon.awssdk.core.internal.http.pipeline.stages.SigningStage - Using SelectedAuthScheme: aws.auth#sigv4
14:36:07.444 [main] DEBUG software.amazon.awssdk.http.auth.aws.internal.signer.DefaultV4RequestSigner - AWS4 Canonical Request: GET
/cc

amz-sdk-invocation-id:41b0eee1-3ecd-0512-ce95-7931f8af50ba
amz-sdk-request:attempt=1; max=4
host:progettoedids.s3.eu-north-1.amazonaws.com
x-amz-content-sha256:UNSIGNED-PAYLOAD
x-amz-date:20240630T123607Z
x-amz-te:append-md5

amz-sdk-invocation-id;amz-sdk-request;host;x-amz-content-sha256;x-amz-date;x-amz-te
UNSIGNED-PAYLOAD
14:36:07.445 [main] DEBUG software.amazon.awssdk.http.auth.aws.internal.signer.DefaultV4RequestSigner - AWS4 Canonical Request Hash: 1bc2c5dbab9a64834b5086301c6c92008f4be1b29ada73428d28676a0eb4c8a4
14:36:07.445 [main] DEBUG software.amazon.awssdk.http.auth.aws.internal.signer.DefaultV4RequestSigner - AWS4 String to sign: AWS4-HMAC-SHA256
20240630T123607Z
20240630/eu-north-1/s3/aws4_request
1bc2c5dbab9a64834b5086301c6c92008f4be1b29ada73428d28676a0eb4c8a4
14:36:07.537 [main] DEBUG software.amazon.awssdk.http.apache.internal.conn.SdkTlsSocketFactory - socket.getSupportedProtocols(): [TLSv1.3, TLSv1.2, TLSv1.1, TLSv1, SSLv3, SSLv2Hello], socket.getEnabledProtocols(): [TLSv1.3, TLSv1.2]
14:36:07.757 [main] DEBUG software.amazon.awssdk.http.apache.internal.net.SdkSslSocket - created: progettoedids.s3.eu-north-1.amazonaws.com/52.95.171.4:443
14:36:07.854 [main] DEBUG software.amazon.awssdk.requestId - Received successful response: 200, Request ID: T8PHXTMKHWWDZWR8, Extended Request ID: V05fnbdvYBFOPltuWrwPXI3hMeRhe6DmLhadX3J/8eYvpMynE2H9Ww4h07F123bfVWt6qd3yYUQ=
14:36:07.854 [main] DEBUG software.amazon.awssdk.request - Received successful response: 200, Request ID: T8PHXTMKHWWDZWR8, Extended Request ID: V05fnbdvYBFOPltuWrwPXI3hMeRhe6DmLhadX3J/8eYvpMynE2H9Ww4h07F123bfVWt6qd3yYUQ=
14:36:07.900 [main] DEBUG software.amazon.awssdk.core.interceptor.ExecutionInterceptorChain - Interceptor 'software.amazon.awssdk.services.s3.internal.handlers.EnableTrailingChecksumInterceptor@64d4f7c7' modified the message with its modifyResponse method.
]]></system-out>
  </testcase>
  <testcase name="testUploadFailure" classname="com.cloud.CloudUploaderTest" time="0.292">
    <system-out><![CDATA[14:36:07.932 [main] DEBUG software.amazon.awssdk.core.interceptor.ExecutionInterceptorChain - Creating an interceptor chain that will apply interceptors in the following order: [software.amazon.awssdk.core.internal.interceptor.HttpChecksumValidationInterceptor@532e27ab, software.amazon.awssdk.awscore.interceptor.HelpfulUnknownHostExceptionInterceptor@1cdc1bbc, software.amazon.awssdk.awscore.eventstream.EventStreamInitialRequestInterceptor@5f95f1e1, software.amazon.awssdk.awscore.interceptor.TraceIdExecutionInterceptor@672a1c62, software.amazon.awssdk.services.s3.auth.scheme.internal.S3AuthSchemeInterceptor@459b6c53, software.amazon.awssdk.services.s3.endpoints.internal.S3ResolveEndpointInterceptor@39e69ea7, software.amazon.awssdk.services.s3.endpoints.internal.S3RequestSetEndpointInterceptor@490c7a83, software.amazon.awssdk.services.s3.internal.handlers.StreamingRequestInterceptor@7e72a6cc, software.amazon.awssdk.services.s3.internal.handlers.CreateBucketInterceptor@6015a4a5, software.amazon.awssdk.services.s3.internal.handlers.CreateMultipartUploadRequestInterceptor@6d0b0da6, software.amazon.awssdk.services.s3.internal.handlers.DecodeUrlEncodedResponseInterceptor@4779aae6, software.amazon.awssdk.services.s3.internal.handlers.GetBucketPolicyInterceptor@2cd62003, software.amazon.awssdk.services.s3.internal.handlers.S3ExpressChecksumInterceptor@61ab89b0, software.amazon.awssdk.services.s3.internal.handlers.AsyncChecksumValidationInterceptor@5478ce1e, software.amazon.awssdk.services.s3.internal.handlers.SyncChecksumValidationInterceptor@5edc70ed, software.amazon.awssdk.services.s3.internal.handlers.EnableTrailingChecksumInterceptor@4317850d, software.amazon.awssdk.services.s3.internal.handlers.ExceptionTranslationInterceptor@7e4c72d6, software.amazon.awssdk.services.s3.internal.handlers.GetObjectInterceptor@6cd64b3f, software.amazon.awssdk.services.s3.internal.handlers.CopySourceInterceptor@51b01550, software.amazon.awssdk.services.s3.internal.handlers.ObjectMetadataInterceptor@2ef0dd86, software.amazon.awssdk.transfer.s3.internal.ApplyUserAgentInterceptor@3337d04c]
14:36:07.933 [main] DEBUG software.amazon.awssdk.auth.credentials.AwsCredentialsProviderChain - Unable to load credentials from SystemPropertyCredentialsProvider(): Unable to load credentials from system settings. Access key must be specified either via environment variable (AWS_ACCESS_KEY_ID) or system property (aws.accessKeyId).
software.amazon.awssdk.core.exception.SdkClientException: Unable to load credentials from system settings. Access key must be specified either via environment variable (AWS_ACCESS_KEY_ID) or system property (aws.accessKeyId).
	at software.amazon.awssdk.core.exception.SdkClientException$BuilderImpl.build(SdkClientException.java:111)
	at software.amazon.awssdk.auth.credentials.internal.SystemSettingsCredentialsProvider.resolveCredentials(SystemSettingsCredentialsProvider.java:60)
	at software.amazon.awssdk.auth.credentials.AwsCredentialsProvider.resolveIdentity(AwsCredentialsProvider.java:54)
	at software.amazon.awssdk.identity.spi.IdentityProvider.resolveIdentity(IdentityProvider.java:60)
	at software.amazon.awssdk.auth.credentials.AwsCredentialsProviderChain.resolveCredentials(AwsCredentialsProviderChain.java:109)
	at software.amazon.awssdk.auth.credentials.internal.LazyAwsCredentialsProvider.resolveCredentials(LazyAwsCredentialsProvider.java:45)
	at software.amazon.awssdk.auth.credentials.DefaultCredentialsProvider.resolveCredentials(DefaultCredentialsProvider.java:129)
	at software.amazon.awssdk.auth.credentials.AwsCredentialsProvider.resolveIdentity(AwsCredentialsProvider.java:54)
	at software.amazon.awssdk.services.s3.auth.scheme.internal.S3AuthSchemeInterceptor.lambda$trySelectAuthScheme$4(S3AuthSchemeInterceptor.java:162)
	at software.amazon.awssdk.core.internal.util.MetricUtils.reportDuration(MetricUtils.java:77)
	at software.amazon.awssdk.services.s3.auth.scheme.internal.S3AuthSchemeInterceptor.trySelectAuthScheme(S3AuthSchemeInterceptor.java:162)
	at software.amazon.awssdk.services.s3.auth.scheme.internal.S3AuthSchemeInterceptor.selectAuthScheme(S3AuthSchemeInterceptor.java:84)
	at software.amazon.awssdk.services.s3.auth.scheme.internal.S3AuthSchemeInterceptor.beforeExecution(S3AuthSchemeInterceptor.java:64)
	at software.amazon.awssdk.core.interceptor.ExecutionInterceptorChain.lambda$beforeExecution$1(ExecutionInterceptorChain.java:59)
	at java.base/java.util.ArrayList.forEach(ArrayList.java:1597)
	at software.amazon.awssdk.core.interceptor.ExecutionInterceptorChain.beforeExecution(ExecutionInterceptorChain.java:59)
	at software.amazon.awssdk.awscore.internal.AwsExecutionContextBuilder.runInitialInterceptors(AwsExecutionContextBuilder.java:241)
	at software.amazon.awssdk.awscore.internal.AwsExecutionContextBuilder.invokeInterceptorsAndCreateExecutionContext(AwsExecutionContextBuilder.java:132)
	at software.amazon.awssdk.awscore.client.handler.AwsSyncClientHandler.invokeInterceptorsAndCreateExecutionContext(AwsSyncClientHandler.java:67)
	at software.amazon.awssdk.core.internal.handler.BaseSyncClientHandler.lambda$execute$1(BaseSyncClientHandler.java:76)
	at software.amazon.awssdk.core.internal.handler.BaseSyncClientHandler.measureApiCallSuccess(BaseSyncClientHandler.java:182)
	at software.amazon.awssdk.core.internal.handler.BaseSyncClientHandler.execute(BaseSyncClientHandler.java:74)
	at software.amazon.awssdk.core.client.handler.SdkSyncClientHandler.execute(SdkSyncClientHandler.java:45)
	at software.amazon.awssdk.awscore.client.handler.AwsSyncClientHandler.execute(AwsSyncClientHandler.java:53)
	at software.amazon.awssdk.services.s3.DefaultS3Client.putObject(DefaultS3Client.java:10220)
	at com.cloud.CloudUploaderTest$1.upload(CloudUploaderTest.java:80)
	at com.cloud.CloudUploaderTest.testUploadFailure(CloudUploaderTest.java:89)
	at java.base/jdk.internal.reflect.DirectMethodHandleAccessor.invoke(DirectMethodHandleAccessor.java:103)
	at java.base/java.lang.reflect.Method.invoke(Method.java:580)
	at org.junit.platform.commons.util.ReflectionUtils.invokeMethod(ReflectionUtils.java:725)
	at org.junit.jupiter.engine.execution.MethodInvocation.proceed(MethodInvocation.java:60)
	at org.junit.jupiter.engine.execution.InvocationInterceptorChain$ValidatingInvocation.proceed(InvocationInterceptorChain.java:131)
	at org.junit.jupiter.engine.extension.TimeoutExtension.intercept(TimeoutExtension.java:149)
	at org.junit.jupiter.engine.extension.TimeoutExtension.interceptTestableMethod(TimeoutExtension.java:140)
	at org.junit.jupiter.engine.extension.TimeoutExtension.interceptTestMethod(TimeoutExtension.java:84)
	at org.junit.jupiter.engine.execution.ExecutableInvoker$ReflectiveInterceptorCall.lambda$ofVoidMethod$0(ExecutableInvoker.java:115)
	at org.junit.jupiter.engine.execution.ExecutableInvoker.lambda$invoke$0(ExecutableInvoker.java:105)
	at org.junit.jupiter.engine.execution.InvocationInterceptorChain$InterceptedInvocation.proceed(InvocationInterceptorChain.java:106)
	at org.junit.jupiter.engine.execution.InvocationInterceptorChain.proceed(InvocationInterceptorChain.java:64)
	at org.junit.jupiter.engine.execution.InvocationInterceptorChain.chainAndInvoke(InvocationInterceptorChain.java:45)
	at org.junit.jupiter.engine.execution.InvocationInterceptorChain.invoke(InvocationInterceptorChain.java:37)
	at org.junit.jupiter.engine.execution.ExecutableInvoker.invoke(ExecutableInvoker.java:104)
	at org.junit.jupiter.engine.execution.ExecutableInvoker.invoke(ExecutableInvoker.java:98)
	at org.junit.jupiter.engine.descriptor.TestMethodTestDescriptor.lambda$invokeTestMethod$7(TestMethodTestDescriptor.java:214)
	at org.junit.platform.engine.support.hierarchical.ThrowableCollector.execute(ThrowableCollector.java:73)
	at org.junit.jupiter.engine.descriptor.TestMethodTestDescriptor.invokeTestMethod(TestMethodTestDescriptor.java:210)
	at org.junit.jupiter.engine.descriptor.TestMethodTestDescriptor.execute(TestMethodTestDescriptor.java:135)
	at org.junit.jupiter.engine.descriptor.TestMethodTestDescriptor.execute(TestMethodTestDescriptor.java:66)
	at org.junit.platform.engine.support.hierarchical.NodeTestTask.lambda$executeRecursively$6(NodeTestTask.java:151)
	at org.junit.platform.engine.support.hierarchical.ThrowableCollector.execute(ThrowableCollector.java:73)
	at org.junit.platform.engine.support.hierarchical.NodeTestTask.lambda$executeRecursively$8(NodeTestTask.java:141)
	at org.junit.platform.engine.support.hierarchical.Node.around(Node.java:137)
	at org.junit.platform.engine.support.hierarchical.NodeTestTask.lambda$executeRecursively$9(NodeTestTask.java:139)
	at org.junit.platform.engine.support.hierarchical.ThrowableCollector.execute(ThrowableCollector.java:73)
	at org.junit.platform.engine.support.hierarchical.NodeTestTask.executeRecursively(NodeTestTask.java:138)
	at org.junit.platform.engine.support.hierarchical.NodeTestTask.execute(NodeTestTask.java:95)
	at java.base/java.util.ArrayList.forEach(ArrayList.java:1597)
	at org.junit.platform.engine.support.hierarchical.SameThreadHierarchicalTestExecutorService.invokeAll(SameThreadHierarchicalTestExecutorService.java:41)
	at org.junit.platform.engine.support.hierarchical.NodeTestTask.lambda$executeRecursively$6(NodeTestTask.java:155)
	at org.junit.platform.engine.support.hierarchical.ThrowableCollector.execute(ThrowableCollector.java:73)
	at org.junit.platform.engine.support.hierarchical.NodeTestTask.lambda$executeRecursively$8(NodeTestTask.java:141)
	at org.junit.platform.engine.support.hierarchical.Node.around(Node.java:137)
	at org.junit.platform.engine.support.hierarchical.NodeTestTask.lambda$executeRecursively$9(NodeTestTask.java:139)
	at org.junit.platform.engine.support.hierarchical.ThrowableCollector.execute(ThrowableCollector.java:73)
	at org.junit.platform.engine.support.hierarchical.NodeTestTask.executeRecursively(NodeTestTask.java:138)
	at org.junit.platform.engine.support.hierarchical.NodeTestTask.execute(NodeTestTask.java:95)
	at java.base/java.util.ArrayList.forEach(ArrayList.java:1597)
	at org.junit.platform.engine.support.hierarchical.SameThreadHierarchicalTestExecutorService.invokeAll(SameThreadHierarchicalTestExecutorService.java:41)
	at org.junit.platform.engine.support.hierarchical.NodeTestTask.lambda$executeRecursively$6(NodeTestTask.java:155)
	at org.junit.platform.engine.support.hierarchical.ThrowableCollector.execute(ThrowableCollector.java:73)
	at org.junit.platform.engine.support.hierarchical.NodeTestTask.lambda$executeRecursively$8(NodeTestTask.java:141)
	at org.junit.platform.engine.support.hierarchical.Node.around(Node.java:137)
	at org.junit.platform.engine.support.hierarchical.NodeTestTask.lambda$executeRecursively$9(NodeTestTask.java:139)
	at org.junit.platform.engine.support.hierarchical.ThrowableCollector.execute(ThrowableCollector.java:73)
	at org.junit.platform.engine.support.hierarchical.NodeTestTask.executeRecursively(NodeTestTask.java:138)
	at org.junit.platform.engine.support.hierarchical.NodeTestTask.execute(NodeTestTask.java:95)
	at org.junit.platform.engine.support.hierarchical.SameThreadHierarchicalTestExecutorService.submit(SameThreadHierarchicalTestExecutorService.java:35)
	at org.junit.platform.engine.support.hierarchical.HierarchicalTestExecutor.execute(HierarchicalTestExecutor.java:57)
	at org.junit.platform.engine.support.hierarchical.HierarchicalTestEngine.execute(HierarchicalTestEngine.java:54)
	at org.junit.platform.launcher.core.EngineExecutionOrchestrator.execute(EngineExecutionOrchestrator.java:107)
	at org.junit.platform.launcher.core.EngineExecutionOrchestrator.execute(EngineExecutionOrchestrator.java:88)
	at org.junit.platform.launcher.core.EngineExecutionOrchestrator.lambda$execute$0(EngineExecutionOrchestrator.java:54)
	at org.junit.platform.launcher.core.EngineExecutionOrchestrator.withInterceptedStreams(EngineExecutionOrchestrator.java:67)
	at org.junit.platform.launcher.core.EngineExecutionOrchestrator.execute(EngineExecutionOrchestrator.java:52)
	at org.junit.platform.launcher.core.DefaultLauncher.execute(DefaultLauncher.java:114)
	at org.junit.platform.launcher.core.DefaultLauncher.execute(DefaultLauncher.java:86)
	at org.junit.platform.launcher.core.DefaultLauncherSession$DelegatingLauncher.execute(DefaultLauncherSession.java:86)
	at org.apache.maven.surefire.junitplatform.LazyLauncher.execute(LazyLauncher.java:56)
	at org.apache.maven.surefire.junitplatform.JUnitPlatformProvider.execute(JUnitPlatformProvider.java:184)
	at org.apache.maven.surefire.junitplatform.JUnitPlatformProvider.invokeAllTests(JUnitPlatformProvider.java:148)
	at org.apache.maven.surefire.junitplatform.JUnitPlatformProvider.invoke(JUnitPlatformProvider.java:122)
	at org.apache.maven.surefire.booter.ForkedBooter.runSuitesInProcess(ForkedBooter.java:385)
	at org.apache.maven.surefire.booter.ForkedBooter.execute(ForkedBooter.java:162)
	at org.apache.maven.surefire.booter.ForkedBooter.run(ForkedBooter.java:507)
	at org.apache.maven.surefire.booter.ForkedBooter.main(ForkedBooter.java:495)
14:36:07.934 [main] DEBUG software.amazon.awssdk.auth.credentials.AwsCredentialsProviderChain - Loading credentials from EnvironmentVariableCredentialsProvider()
14:36:07.934 [main] DEBUG software.amazon.awssdk.core.interceptor.ExecutionInterceptorChain - Interceptor 'software.amazon.awssdk.transfer.s3.internal.ApplyUserAgentInterceptor@3337d04c' modified the message with its modifyRequest method.
14:36:07.935 [main] DEBUG software.amazon.awssdk.core.interceptor.ExecutionInterceptorChain - Interceptor 'software.amazon.awssdk.services.s3.endpoints.internal.S3RequestSetEndpointInterceptor@490c7a83' modified the message with its modifyHttpRequest method.
14:36:07.935 [main] DEBUG software.amazon.awssdk.core.interceptor.ExecutionInterceptorChain - Interceptor 'software.amazon.awssdk.services.s3.internal.handlers.StreamingRequestInterceptor@7e72a6cc' modified the message with its modifyHttpRequest method.
14:36:07.935 [main] DEBUG software.amazon.awssdk.request - Sending Request: DefaultSdkHttpFullRequest(httpMethod=PUT, protocol=https, host=invalid-bucket-name.s3.eu-north-1.amazonaws.com, encodedPath=/cc, headers=[amz-sdk-invocation-id, Content-Length, Content-Type, Expect, User-Agent], queryParameters=[])
14:36:07.936 [main] DEBUG software.amazon.awssdk.core.internal.http.pipeline.stages.SigningStage - Using SelectedAuthScheme: aws.auth#sigv4
14:36:07.936 [main] DEBUG software.amazon.awssdk.http.auth.aws.internal.signer.DefaultV4RequestSigner - AWS4 Canonical Request: PUT
/cc

amz-sdk-invocation-id:96e4288e-9308-84ce-090a-5d813fc0c099
amz-sdk-request:attempt=1; max=4
content-length:135
content-type:application/octet-stream
host:invalid-bucket-name.s3.eu-north-1.amazonaws.com
x-amz-content-sha256:UNSIGNED-PAYLOAD
x-amz-date:20240630T123607Z

amz-sdk-invocation-id;amz-sdk-request;content-length;content-type;host;x-amz-content-sha256;x-amz-date
UNSIGNED-PAYLOAD
14:36:07.936 [main] DEBUG software.amazon.awssdk.http.auth.aws.internal.signer.DefaultV4RequestSigner - AWS4 Canonical Request Hash: 220ca2a4b0dccdb694b0e95974a66d115d1664ccb16d899f6a91bc3db3241845
14:36:07.936 [main] DEBUG software.amazon.awssdk.http.auth.aws.internal.signer.DefaultV4RequestSigner - AWS4 String to sign: AWS4-HMAC-SHA256
20240630T123607Z
20240630/eu-north-1/s3/aws4_request
220ca2a4b0dccdb694b0e95974a66d115d1664ccb16d899f6a91bc3db3241845
14:36:08.015 [main] DEBUG software.amazon.awssdk.http.apache.internal.conn.SdkTlsSocketFactory - socket.getSupportedProtocols(): [TLSv1.3, TLSv1.2, TLSv1.1, TLSv1, SSLv3, SSLv2Hello], socket.getEnabledProtocols(): [TLSv1.3, TLSv1.2]
14:36:08.125 [main] DEBUG software.amazon.awssdk.http.apache.internal.net.SdkSslSocket - created: invalid-bucket-name.s3.eu-north-1.amazonaws.com/3.5.216.58:443
14:36:08.202 [main] DEBUG software.amazon.awssdk.requestId - Received failed response: 301, Request ID: T8PH1ZQ3YXQKCZN7, Extended Request ID: fRX51hlhkps1tSwE8V2FEGnnOK3Wi0VGV6bfwxiPwT/ORFvuGL9AzAq2Taz8qdKMR1ZxZKE4jaQidp8aq80nDg==
14:36:08.202 [main] DEBUG software.amazon.awssdk.request - Received failed response: 301, Request ID: T8PH1ZQ3YXQKCZN7, Extended Request ID: fRX51hlhkps1tSwE8V2FEGnnOK3Wi0VGV6bfwxiPwT/ORFvuGL9AzAq2Taz8qdKMR1ZxZKE4jaQidp8aq80nDg==
14:36:08.204 [main] DEBUG software.amazon.awssdk.http.apache.internal.net.SdkSslSocket - shutting down output of invalid-bucket-name.s3.eu-north-1.amazonaws.com/3.5.216.58:443
14:36:08.205 [main] DEBUG software.amazon.awssdk.http.apache.internal.net.SdkSslSocket - shutting down input of invalid-bucket-name.s3.eu-north-1.amazonaws.com/3.5.216.58:443
14:36:08.205 [main] DEBUG software.amazon.awssdk.http.apache.internal.net.SdkSslSocket - closing invalid-bucket-name.s3.eu-north-1.amazonaws.com/3.5.216.58:443
]]></system-out>
    <system-err><![CDATA[software.amazon.awssdk.services.s3.model.S3Exception: The bucket you are attempting to access must be addressed using the specified endpoint. Please send all future requests to this endpoint. (Service: S3, Status Code: 301, Request ID: T8PH1ZQ3YXQKCZN7, Extended Request ID: fRX51hlhkps1tSwE8V2FEGnnOK3Wi0VGV6bfwxiPwT/ORFvuGL9AzAq2Taz8qdKMR1ZxZKE4jaQidp8aq80nDg==)
	at software.amazon.awssdk.protocols.xml.internal.unmarshall.AwsXmlPredicatedResponseHandler.handleErrorResponse(AwsXmlPredicatedResponseHandler.java:156)
	at software.amazon.awssdk.protocols.xml.internal.unmarshall.AwsXmlPredicatedResponseHandler.handleResponse(AwsXmlPredicatedResponseHandler.java:108)
	at software.amazon.awssdk.protocols.xml.internal.unmarshall.AwsXmlPredicatedResponseHandler.handle(AwsXmlPredicatedResponseHandler.java:85)
	at software.amazon.awssdk.protocols.xml.internal.unmarshall.AwsXmlPredicatedResponseHandler.handle(AwsXmlPredicatedResponseHandler.java:43)
	at software.amazon.awssdk.awscore.client.handler.AwsSyncClientHandler$Crc32ValidationResponseHandler.handle(AwsSyncClientHandler.java:93)
	at software.amazon.awssdk.core.internal.handler.BaseClientHandler.lambda$successTransformationResponseHandler$7(BaseClientHandler.java:279)
	at software.amazon.awssdk.core.internal.http.pipeline.stages.HandleResponseStage.execute(HandleResponseStage.java:50)
	at software.amazon.awssdk.core.internal.http.pipeline.stages.HandleResponseStage.execute(HandleResponseStage.java:38)
	at software.amazon.awssdk.core.internal.http.pipeline.RequestPipelineBuilder$ComposingRequestPipelineStage.execute(RequestPipelineBuilder.java:206)
	at software.amazon.awssdk.core.internal.http.pipeline.stages.ApiCallAttemptTimeoutTrackingStage.execute(ApiCallAttemptTimeoutTrackingStage.java:72)
	at software.amazon.awssdk.core.internal.http.pipeline.stages.ApiCallAttemptTimeoutTrackingStage.execute(ApiCallAttemptTimeoutTrackingStage.java:42)
	at software.amazon.awssdk.core.internal.http.pipeline.stages.TimeoutExceptionHandlingStage.execute(TimeoutExceptionHandlingStage.java:78)
	at software.amazon.awssdk.core.internal.http.pipeline.stages.TimeoutExceptionHandlingStage.execute(TimeoutExceptionHandlingStage.java:40)
	at software.amazon.awssdk.core.internal.http.pipeline.stages.ApiCallAttemptMetricCollectionStage.execute(ApiCallAttemptMetricCollectionStage.java:55)
	at software.amazon.awssdk.core.internal.http.pipeline.stages.ApiCallAttemptMetricCollectionStage.execute(ApiCallAttemptMetricCollectionStage.java:39)
	at software.amazon.awssdk.core.internal.http.pipeline.stages.RetryableStage.execute(RetryableStage.java:81)
	at software.amazon.awssdk.core.internal.http.pipeline.stages.RetryableStage.execute(RetryableStage.java:36)
	at software.amazon.awssdk.core.internal.http.pipeline.RequestPipelineBuilder$ComposingRequestPipelineStage.execute(RequestPipelineBuilder.java:206)
	at software.amazon.awssdk.core.internal.http.StreamManagingStage.execute(StreamManagingStage.java:56)
	at software.amazon.awssdk.core.internal.http.StreamManagingStage.execute(StreamManagingStage.java:36)
	at software.amazon.awssdk.core.internal.http.pipeline.stages.ApiCallTimeoutTrackingStage.executeWithTimer(ApiCallTimeoutTrackingStage.java:80)
	at software.amazon.awssdk.core.internal.http.pipeline.stages.ApiCallTimeoutTrackingStage.execute(ApiCallTimeoutTrackingStage.java:60)
	at software.amazon.awssdk.core.internal.http.pipeline.stages.ApiCallTimeoutTrackingStage.execute(ApiCallTimeoutTrackingStage.java:42)
	at software.amazon.awssdk.core.internal.http.pipeline.stages.ApiCallMetricCollectionStage.execute(ApiCallMetricCollectionStage.java:50)
	at software.amazon.awssdk.core.internal.http.pipeline.stages.ApiCallMetricCollectionStage.execute(ApiCallMetricCollectionStage.java:32)
	at software.amazon.awssdk.core.internal.http.pipeline.RequestPipelineBuilder$ComposingRequestPipelineStage.execute(RequestPipelineBuilder.java:206)
	at software.amazon.awssdk.core.internal.http.pipeline.RequestPipelineBuilder$ComposingRequestPipelineStage.execute(RequestPipelineBuilder.java:206)
	at software.amazon.awssdk.core.internal.http.pipeline.stages.ExecutionFailureExceptionReportingStage.execute(ExecutionFailureExceptionReportingStage.java:37)
	at software.amazon.awssdk.core.internal.http.pipeline.stages.ExecutionFailureExceptionReportingStage.execute(ExecutionFailureExceptionReportingStage.java:26)
	at software.amazon.awssdk.core.internal.http.AmazonSyncHttpClient$RequestExecutionBuilderImpl.execute(AmazonSyncHttpClient.java:224)
	at software.amazon.awssdk.core.internal.handler.BaseSyncClientHandler.invoke(BaseSyncClientHandler.java:103)
	at software.amazon.awssdk.core.internal.handler.BaseSyncClientHandler.doExecute(BaseSyncClientHandler.java:173)
	at software.amazon.awssdk.core.internal.handler.BaseSyncClientHandler.lambda$execute$1(BaseSyncClientHandler.java:80)
	at software.amazon.awssdk.core.internal.handler.BaseSyncClientHandler.measureApiCallSuccess(BaseSyncClientHandler.java:182)
	at software.amazon.awssdk.core.internal.handler.BaseSyncClientHandler.execute(BaseSyncClientHandler.java:74)
	at software.amazon.awssdk.core.client.handler.SdkSyncClientHandler.execute(SdkSyncClientHandler.java:45)
	at software.amazon.awssdk.awscore.client.handler.AwsSyncClientHandler.execute(AwsSyncClientHandler.java:53)
	at software.amazon.awssdk.services.s3.DefaultS3Client.putObject(DefaultS3Client.java:10220)
	at com.cloud.CloudUploaderTest$1.upload(CloudUploaderTest.java:80)
	at com.cloud.CloudUploaderTest.testUploadFailure(CloudUploaderTest.java:89)
	at java.base/jdk.internal.reflect.DirectMethodHandleAccessor.invoke(DirectMethodHandleAccessor.java:103)
	at java.base/java.lang.reflect.Method.invoke(Method.java:580)
	at org.junit.platform.commons.util.ReflectionUtils.invokeMethod(ReflectionUtils.java:725)
	at org.junit.jupiter.engine.execution.MethodInvocation.proceed(MethodInvocation.java:60)
	at org.junit.jupiter.engine.execution.InvocationInterceptorChain$ValidatingInvocation.proceed(InvocationInterceptorChain.java:131)
	at org.junit.jupiter.engine.extension.TimeoutExtension.intercept(TimeoutExtension.java:149)
	at org.junit.jupiter.engine.extension.TimeoutExtension.interceptTestableMethod(TimeoutExtension.java:140)
	at org.junit.jupiter.engine.extension.TimeoutExtension.interceptTestMethod(TimeoutExtension.java:84)
	at org.junit.jupiter.engine.execution.ExecutableInvoker$ReflectiveInterceptorCall.lambda$ofVoidMethod$0(ExecutableInvoker.java:115)
	at org.junit.jupiter.engine.execution.ExecutableInvoker.lambda$invoke$0(ExecutableInvoker.java:105)
	at org.junit.jupiter.engine.execution.InvocationInterceptorChain$InterceptedInvocation.proceed(InvocationInterceptorChain.java:106)
	at org.junit.jupiter.engine.execution.InvocationInterceptorChain.proceed(InvocationInterceptorChain.java:64)
	at org.junit.jupiter.engine.execution.InvocationInterceptorChain.chainAndInvoke(InvocationInterceptorChain.java:45)
	at org.junit.jupiter.engine.execution.InvocationInterceptorChain.invoke(InvocationInterceptorChain.java:37)
	at org.junit.jupiter.engine.execution.ExecutableInvoker.invoke(ExecutableInvoker.java:104)
	at org.junit.jupiter.engine.execution.ExecutableInvoker.invoke(ExecutableInvoker.java:98)
	at org.junit.jupiter.engine.descriptor.TestMethodTestDescriptor.lambda$invokeTestMethod$7(TestMethodTestDescriptor.java:214)
	at org.junit.platform.engine.support.hierarchical.ThrowableCollector.execute(ThrowableCollector.java:73)
	at org.junit.jupiter.engine.descriptor.TestMethodTestDescriptor.invokeTestMethod(TestMethodTestDescriptor.java:210)
	at org.junit.jupiter.engine.descriptor.TestMethodTestDescriptor.execute(TestMethodTestDescriptor.java:135)
	at org.junit.jupiter.engine.descriptor.TestMethodTestDescriptor.execute(TestMethodTestDescriptor.java:66)
	at org.junit.platform.engine.support.hierarchical.NodeTestTask.lambda$executeRecursively$6(NodeTestTask.java:151)
	at org.junit.platform.engine.support.hierarchical.ThrowableCollector.execute(ThrowableCollector.java:73)
	at org.junit.platform.engine.support.hierarchical.NodeTestTask.lambda$executeRecursively$8(NodeTestTask.java:141)
	at org.junit.platform.engine.support.hierarchical.Node.around(Node.java:137)
	at org.junit.platform.engine.support.hierarchical.NodeTestTask.lambda$executeRecursively$9(NodeTestTask.java:139)
	at org.junit.platform.engine.support.hierarchical.ThrowableCollector.execute(ThrowableCollector.java:73)
	at org.junit.platform.engine.support.hierarchical.NodeTestTask.executeRecursively(NodeTestTask.java:138)
	at org.junit.platform.engine.support.hierarchical.NodeTestTask.execute(NodeTestTask.java:95)
	at java.base/java.util.ArrayList.forEach(ArrayList.java:1597)
	at org.junit.platform.engine.support.hierarchical.SameThreadHierarchicalTestExecutorService.invokeAll(SameThreadHierarchicalTestExecutorService.java:41)
	at org.junit.platform.engine.support.hierarchical.NodeTestTask.lambda$executeRecursively$6(NodeTestTask.java:155)
	at org.junit.platform.engine.support.hierarchical.ThrowableCollector.execute(ThrowableCollector.java:73)
	at org.junit.platform.engine.support.hierarchical.NodeTestTask.lambda$executeRecursively$8(NodeTestTask.java:141)
	at org.junit.platform.engine.support.hierarchical.Node.around(Node.java:137)
	at org.junit.platform.engine.support.hierarchical.NodeTestTask.lambda$executeRecursively$9(NodeTestTask.java:139)
	at org.junit.platform.engine.support.hierarchical.ThrowableCollector.execute(ThrowableCollector.java:73)
	at org.junit.platform.engine.support.hierarchical.NodeTestTask.executeRecursively(NodeTestTask.java:138)
	at org.junit.platform.engine.support.hierarchical.NodeTestTask.execute(NodeTestTask.java:95)
	at java.base/java.util.ArrayList.forEach(ArrayList.java:1597)
	at org.junit.platform.engine.support.hierarchical.SameThreadHierarchicalTestExecutorService.invokeAll(SameThreadHierarchicalTestExecutorService.java:41)
	at org.junit.platform.engine.support.hierarchical.NodeTestTask.lambda$executeRecursively$6(NodeTestTask.java:155)
	at org.junit.platform.engine.support.hierarchical.ThrowableCollector.execute(ThrowableCollector.java:73)
	at org.junit.platform.engine.support.hierarchical.NodeTestTask.lambda$executeRecursively$8(NodeTestTask.java:141)
	at org.junit.platform.engine.support.hierarchical.Node.around(Node.java:137)
	at org.junit.platform.engine.support.hierarchical.NodeTestTask.lambda$executeRecursively$9(NodeTestTask.java:139)
	at org.junit.platform.engine.support.hierarchical.ThrowableCollector.execute(ThrowableCollector.java:73)
	at org.junit.platform.engine.support.hierarchical.NodeTestTask.executeRecursively(NodeTestTask.java:138)
	at org.junit.platform.engine.support.hierarchical.NodeTestTask.execute(NodeTestTask.java:95)
	at org.junit.platform.engine.support.hierarchical.SameThreadHierarchicalTestExecutorService.submit(SameThreadHierarchicalTestExecutorService.java:35)
	at org.junit.platform.engine.support.hierarchical.HierarchicalTestExecutor.execute(HierarchicalTestExecutor.java:57)
	at org.junit.platform.engine.support.hierarchical.HierarchicalTestEngine.execute(HierarchicalTestEngine.java:54)
	at org.junit.platform.launcher.core.EngineExecutionOrchestrator.execute(EngineExecutionOrchestrator.java:107)
	at org.junit.platform.launcher.core.EngineExecutionOrchestrator.execute(EngineExecutionOrchestrator.java:88)
	at org.junit.platform.launcher.core.EngineExecutionOrchestrator.lambda$execute$0(EngineExecutionOrchestrator.java:54)
	at org.junit.platform.launcher.core.EngineExecutionOrchestrator.withInterceptedStreams(EngineExecutionOrchestrator.java:67)
	at org.junit.platform.launcher.core.EngineExecutionOrchestrator.execute(EngineExecutionOrchestrator.java:52)
	at org.junit.platform.launcher.core.DefaultLauncher.execute(DefaultLauncher.java:114)
	at org.junit.platform.launcher.core.DefaultLauncher.execute(DefaultLauncher.java:86)
	at org.junit.platform.launcher.core.DefaultLauncherSession$DelegatingLauncher.execute(DefaultLauncherSession.java:86)
	at org.apache.maven.surefire.junitplatform.LazyLauncher.execute(LazyLauncher.java:56)
	at org.apache.maven.surefire.junitplatform.JUnitPlatformProvider.execute(JUnitPlatformProvider.java:184)
	at org.apache.maven.surefire.junitplatform.JUnitPlatformProvider.invokeAllTests(JUnitPlatformProvider.java:148)
	at org.apache.maven.surefire.junitplatform.JUnitPlatformProvider.invoke(JUnitPlatformProvider.java:122)
	at org.apache.maven.surefire.booter.ForkedBooter.runSuitesInProcess(ForkedBooter.java:385)
	at org.apache.maven.surefire.booter.ForkedBooter.execute(ForkedBooter.java:162)
	at org.apache.maven.surefire.booter.ForkedBooter.run(ForkedBooter.java:507)
	at org.apache.maven.surefire.booter.ForkedBooter.main(ForkedBooter.java:495)
]]></system-err>
  </testcase>
  <testcase name="testDownload" classname="com.cloud.CloudUploaderTest" time="1.086">
    <system-out><![CDATA[14:36:08.221 [main] DEBUG software.amazon.awssdk.core.interceptor.ExecutionInterceptorChain - Creating an interceptor chain that will apply interceptors in the following order: [software.amazon.awssdk.core.internal.interceptor.HttpChecksumValidationInterceptor@177c41d7, software.amazon.awssdk.awscore.interceptor.HelpfulUnknownHostExceptionInterceptor@4f327096, software.amazon.awssdk.awscore.eventstream.EventStreamInitialRequestInterceptor@1d61a348, software.amazon.awssdk.awscore.interceptor.TraceIdExecutionInterceptor@78a515e4, software.amazon.awssdk.services.s3.auth.scheme.internal.S3AuthSchemeInterceptor@d2291de, software.amazon.awssdk.services.s3.endpoints.internal.S3ResolveEndpointInterceptor@51c8f62c, software.amazon.awssdk.services.s3.endpoints.internal.S3RequestSetEndpointInterceptor@41a374be, software.amazon.awssdk.services.s3.internal.handlers.StreamingRequestInterceptor@11f9535b, software.amazon.awssdk.services.s3.internal.handlers.CreateBucketInterceptor@8cc8cdb, software.amazon.awssdk.services.s3.internal.handlers.CreateMultipartUploadRequestInterceptor@1e236278, software.amazon.awssdk.services.s3.internal.handlers.DecodeUrlEncodedResponseInterceptor@44fff386, software.amazon.awssdk.services.s3.internal.handlers.GetBucketPolicyInterceptor@1fc713c9, software.amazon.awssdk.services.s3.internal.handlers.S3ExpressChecksumInterceptor@7301eebe, software.amazon.awssdk.services.s3.internal.handlers.AsyncChecksumValidationInterceptor@76b47204, software.amazon.awssdk.services.s3.internal.handlers.SyncChecksumValidationInterceptor@4d6ccc97, software.amazon.awssdk.services.s3.internal.handlers.EnableTrailingChecksumInterceptor@6a12c7a8, software.amazon.awssdk.services.s3.internal.handlers.ExceptionTranslationInterceptor@161aa04a, software.amazon.awssdk.services.s3.internal.handlers.GetObjectInterceptor@436bd4df, software.amazon.awssdk.services.s3.internal.handlers.CopySourceInterceptor@6848a051, software.amazon.awssdk.services.s3.internal.handlers.ObjectMetadataInterceptor@149b0577, software.amazon.awssdk.transfer.s3.internal.ApplyUserAgentInterceptor@5740ff5e]
14:36:08.222 [main] DEBUG software.amazon.awssdk.auth.credentials.AwsCredentialsProviderChain - Unable to load credentials from SystemPropertyCredentialsProvider(): Unable to load credentials from system settings. Access key must be specified either via environment variable (AWS_ACCESS_KEY_ID) or system property (aws.accessKeyId).
software.amazon.awssdk.core.exception.SdkClientException: Unable to load credentials from system settings. Access key must be specified either via environment variable (AWS_ACCESS_KEY_ID) or system property (aws.accessKeyId).
	at software.amazon.awssdk.core.exception.SdkClientException$BuilderImpl.build(SdkClientException.java:111)
	at software.amazon.awssdk.auth.credentials.internal.SystemSettingsCredentialsProvider.resolveCredentials(SystemSettingsCredentialsProvider.java:60)
	at software.amazon.awssdk.auth.credentials.AwsCredentialsProvider.resolveIdentity(AwsCredentialsProvider.java:54)
	at software.amazon.awssdk.identity.spi.IdentityProvider.resolveIdentity(IdentityProvider.java:60)
	at software.amazon.awssdk.auth.credentials.AwsCredentialsProviderChain.resolveCredentials(AwsCredentialsProviderChain.java:109)
	at software.amazon.awssdk.auth.credentials.internal.LazyAwsCredentialsProvider.resolveCredentials(LazyAwsCredentialsProvider.java:45)
	at software.amazon.awssdk.auth.credentials.DefaultCredentialsProvider.resolveCredentials(DefaultCredentialsProvider.java:129)
	at software.amazon.awssdk.auth.credentials.AwsCredentialsProvider.resolveIdentity(AwsCredentialsProvider.java:54)
	at software.amazon.awssdk.services.s3.auth.scheme.internal.S3AuthSchemeInterceptor.lambda$trySelectAuthScheme$4(S3AuthSchemeInterceptor.java:162)
	at software.amazon.awssdk.core.internal.util.MetricUtils.reportDuration(MetricUtils.java:77)
	at software.amazon.awssdk.services.s3.auth.scheme.internal.S3AuthSchemeInterceptor.trySelectAuthScheme(S3AuthSchemeInterceptor.java:162)
	at software.amazon.awssdk.services.s3.auth.scheme.internal.S3AuthSchemeInterceptor.selectAuthScheme(S3AuthSchemeInterceptor.java:84)
	at software.amazon.awssdk.services.s3.auth.scheme.internal.S3AuthSchemeInterceptor.beforeExecution(S3AuthSchemeInterceptor.java:64)
	at software.amazon.awssdk.core.interceptor.ExecutionInterceptorChain.lambda$beforeExecution$1(ExecutionInterceptorChain.java:59)
	at java.base/java.util.ArrayList.forEach(ArrayList.java:1597)
	at software.amazon.awssdk.core.interceptor.ExecutionInterceptorChain.beforeExecution(ExecutionInterceptorChain.java:59)
	at software.amazon.awssdk.awscore.internal.AwsExecutionContextBuilder.runInitialInterceptors(AwsExecutionContextBuilder.java:241)
	at software.amazon.awssdk.awscore.internal.AwsExecutionContextBuilder.invokeInterceptorsAndCreateExecutionContext(AwsExecutionContextBuilder.java:132)
	at software.amazon.awssdk.awscore.client.handler.AwsSyncClientHandler.invokeInterceptorsAndCreateExecutionContext(AwsSyncClientHandler.java:67)
	at software.amazon.awssdk.core.internal.handler.BaseSyncClientHandler.lambda$execute$1(BaseSyncClientHandler.java:76)
	at software.amazon.awssdk.core.internal.handler.BaseSyncClientHandler.measureApiCallSuccess(BaseSyncClientHandler.java:182)
	at software.amazon.awssdk.core.internal.handler.BaseSyncClientHandler.execute(BaseSyncClientHandler.java:74)
	at software.amazon.awssdk.core.client.handler.SdkSyncClientHandler.execute(SdkSyncClientHandler.java:45)
	at software.amazon.awssdk.awscore.client.handler.AwsSyncClientHandler.execute(AwsSyncClientHandler.java:53)
	at software.amazon.awssdk.services.s3.DefaultS3Client.putObject(DefaultS3Client.java:10220)
	at com.cloud.CloudUploaderTest.testDownload(CloudUploaderTest.java:57)
	at java.base/jdk.internal.reflect.DirectMethodHandleAccessor.invoke(DirectMethodHandleAccessor.java:103)
	at java.base/java.lang.reflect.Method.invoke(Method.java:580)
	at org.junit.platform.commons.util.ReflectionUtils.invokeMethod(ReflectionUtils.java:725)
	at org.junit.jupiter.engine.execution.MethodInvocation.proceed(MethodInvocation.java:60)
	at org.junit.jupiter.engine.execution.InvocationInterceptorChain$ValidatingInvocation.proceed(InvocationInterceptorChain.java:131)
	at org.junit.jupiter.engine.extension.TimeoutExtension.intercept(TimeoutExtension.java:149)
	at org.junit.jupiter.engine.extension.TimeoutExtension.interceptTestableMethod(TimeoutExtension.java:140)
	at org.junit.jupiter.engine.extension.TimeoutExtension.interceptTestMethod(TimeoutExtension.java:84)
	at org.junit.jupiter.engine.execution.ExecutableInvoker$ReflectiveInterceptorCall.lambda$ofVoidMethod$0(ExecutableInvoker.java:115)
	at org.junit.jupiter.engine.execution.ExecutableInvoker.lambda$invoke$0(ExecutableInvoker.java:105)
	at org.junit.jupiter.engine.execution.InvocationInterceptorChain$InterceptedInvocation.proceed(InvocationInterceptorChain.java:106)
	at org.junit.jupiter.engine.execution.InvocationInterceptorChain.proceed(InvocationInterceptorChain.java:64)
	at org.junit.jupiter.engine.execution.InvocationInterceptorChain.chainAndInvoke(InvocationInterceptorChain.java:45)
	at org.junit.jupiter.engine.execution.InvocationInterceptorChain.invoke(InvocationInterceptorChain.java:37)
	at org.junit.jupiter.engine.execution.ExecutableInvoker.invoke(ExecutableInvoker.java:104)
	at org.junit.jupiter.engine.execution.ExecutableInvoker.invoke(ExecutableInvoker.java:98)
	at org.junit.jupiter.engine.descriptor.TestMethodTestDescriptor.lambda$invokeTestMethod$7(TestMethodTestDescriptor.java:214)
	at org.junit.platform.engine.support.hierarchical.ThrowableCollector.execute(ThrowableCollector.java:73)
	at org.junit.jupiter.engine.descriptor.TestMethodTestDescriptor.invokeTestMethod(TestMethodTestDescriptor.java:210)
	at org.junit.jupiter.engine.descriptor.TestMethodTestDescriptor.execute(TestMethodTestDescriptor.java:135)
	at org.junit.jupiter.engine.descriptor.TestMethodTestDescriptor.execute(TestMethodTestDescriptor.java:66)
	at org.junit.platform.engine.support.hierarchical.NodeTestTask.lambda$executeRecursively$6(NodeTestTask.java:151)
	at org.junit.platform.engine.support.hierarchical.ThrowableCollector.execute(ThrowableCollector.java:73)
	at org.junit.platform.engine.support.hierarchical.NodeTestTask.lambda$executeRecursively$8(NodeTestTask.java:141)
	at org.junit.platform.engine.support.hierarchical.Node.around(Node.java:137)
	at org.junit.platform.engine.support.hierarchical.NodeTestTask.lambda$executeRecursively$9(NodeTestTask.java:139)
	at org.junit.platform.engine.support.hierarchical.ThrowableCollector.execute(ThrowableCollector.java:73)
	at org.junit.platform.engine.support.hierarchical.NodeTestTask.executeRecursively(NodeTestTask.java:138)
	at org.junit.platform.engine.support.hierarchical.NodeTestTask.execute(NodeTestTask.java:95)
	at java.base/java.util.ArrayList.forEach(ArrayList.java:1597)
	at org.junit.platform.engine.support.hierarchical.SameThreadHierarchicalTestExecutorService.invokeAll(SameThreadHierarchicalTestExecutorService.java:41)
	at org.junit.platform.engine.support.hierarchical.NodeTestTask.lambda$executeRecursively$6(NodeTestTask.java:155)
	at org.junit.platform.engine.support.hierarchical.ThrowableCollector.execute(ThrowableCollector.java:73)
	at org.junit.platform.engine.support.hierarchical.NodeTestTask.lambda$executeRecursively$8(NodeTestTask.java:141)
	at org.junit.platform.engine.support.hierarchical.Node.around(Node.java:137)
	at org.junit.platform.engine.support.hierarchical.NodeTestTask.lambda$executeRecursively$9(NodeTestTask.java:139)
	at org.junit.platform.engine.support.hierarchical.ThrowableCollector.execute(ThrowableCollector.java:73)
	at org.junit.platform.engine.support.hierarchical.NodeTestTask.executeRecursively(NodeTestTask.java:138)
	at org.junit.platform.engine.support.hierarchical.NodeTestTask.execute(NodeTestTask.java:95)
	at java.base/java.util.ArrayList.forEach(ArrayList.java:1597)
	at org.junit.platform.engine.support.hierarchical.SameThreadHierarchicalTestExecutorService.invokeAll(SameThreadHierarchicalTestExecutorService.java:41)
	at org.junit.platform.engine.support.hierarchical.NodeTestTask.lambda$executeRecursively$6(NodeTestTask.java:155)
	at org.junit.platform.engine.support.hierarchical.ThrowableCollector.execute(ThrowableCollector.java:73)
	at org.junit.platform.engine.support.hierarchical.NodeTestTask.lambda$executeRecursively$8(NodeTestTask.java:141)
	at org.junit.platform.engine.support.hierarchical.Node.around(Node.java:137)
	at org.junit.platform.engine.support.hierarchical.NodeTestTask.lambda$executeRecursively$9(NodeTestTask.java:139)
	at org.junit.platform.engine.support.hierarchical.ThrowableCollector.execute(ThrowableCollector.java:73)
	at org.junit.platform.engine.support.hierarchical.NodeTestTask.executeRecursively(NodeTestTask.java:138)
	at org.junit.platform.engine.support.hierarchical.NodeTestTask.execute(NodeTestTask.java:95)
	at org.junit.platform.engine.support.hierarchical.SameThreadHierarchicalTestExecutorService.submit(SameThreadHierarchicalTestExecutorService.java:35)
	at org.junit.platform.engine.support.hierarchical.HierarchicalTestExecutor.execute(HierarchicalTestExecutor.java:57)
	at org.junit.platform.engine.support.hierarchical.HierarchicalTestEngine.execute(HierarchicalTestEngine.java:54)
	at org.junit.platform.launcher.core.EngineExecutionOrchestrator.execute(EngineExecutionOrchestrator.java:107)
	at org.junit.platform.launcher.core.EngineExecutionOrchestrator.execute(EngineExecutionOrchestrator.java:88)
	at org.junit.platform.launcher.core.EngineExecutionOrchestrator.lambda$execute$0(EngineExecutionOrchestrator.java:54)
	at org.junit.platform.launcher.core.EngineExecutionOrchestrator.withInterceptedStreams(EngineExecutionOrchestrator.java:67)
	at org.junit.platform.launcher.core.EngineExecutionOrchestrator.execute(EngineExecutionOrchestrator.java:52)
	at org.junit.platform.launcher.core.DefaultLauncher.execute(DefaultLauncher.java:114)
	at org.junit.platform.launcher.core.DefaultLauncher.execute(DefaultLauncher.java:86)
	at org.junit.platform.launcher.core.DefaultLauncherSession$DelegatingLauncher.execute(DefaultLauncherSession.java:86)
	at org.apache.maven.surefire.junitplatform.LazyLauncher.execute(LazyLauncher.java:56)
	at org.apache.maven.surefire.junitplatform.JUnitPlatformProvider.execute(JUnitPlatformProvider.java:184)
	at org.apache.maven.surefire.junitplatform.JUnitPlatformProvider.invokeAllTests(JUnitPlatformProvider.java:148)
	at org.apache.maven.surefire.junitplatform.JUnitPlatformProvider.invoke(JUnitPlatformProvider.java:122)
	at org.apache.maven.surefire.booter.ForkedBooter.runSuitesInProcess(ForkedBooter.java:385)
	at org.apache.maven.surefire.booter.ForkedBooter.execute(ForkedBooter.java:162)
	at org.apache.maven.surefire.booter.ForkedBooter.run(ForkedBooter.java:507)
	at org.apache.maven.surefire.booter.ForkedBooter.main(ForkedBooter.java:495)
14:36:08.222 [main] DEBUG software.amazon.awssdk.auth.credentials.AwsCredentialsProviderChain - Loading credentials from EnvironmentVariableCredentialsProvider()
14:36:08.222 [main] DEBUG software.amazon.awssdk.core.interceptor.ExecutionInterceptorChain - Interceptor 'software.amazon.awssdk.transfer.s3.internal.ApplyUserAgentInterceptor@5740ff5e' modified the message with its modifyRequest method.
14:36:08.223 [main] DEBUG software.amazon.awssdk.core.interceptor.ExecutionInterceptorChain - Interceptor 'software.amazon.awssdk.services.s3.endpoints.internal.S3RequestSetEndpointInterceptor@41a374be' modified the message with its modifyHttpRequest method.
14:36:08.223 [main] DEBUG software.amazon.awssdk.core.interceptor.ExecutionInterceptorChain - Interceptor 'software.amazon.awssdk.services.s3.internal.handlers.StreamingRequestInterceptor@11f9535b' modified the message with its modifyHttpRequest method.
14:36:08.223 [main] DEBUG software.amazon.awssdk.request - Sending Request: DefaultSdkHttpFullRequest(httpMethod=PUT, protocol=https, host=progettoedids.s3.eu-north-1.amazonaws.com, encodedPath=/cc, headers=[amz-sdk-invocation-id, Content-Length, Content-Type, Expect, User-Agent], queryParameters=[])
14:36:08.224 [main] DEBUG software.amazon.awssdk.core.internal.http.pipeline.stages.SigningStage - Using SelectedAuthScheme: aws.auth#sigv4
14:36:08.224 [main] DEBUG software.amazon.awssdk.http.auth.aws.internal.signer.DefaultV4RequestSigner - AWS4 Canonical Request: PUT
/cc

amz-sdk-invocation-id:78afb653-80a4-a03d-cf14-3779e27af6ba
amz-sdk-request:attempt=1; max=4
content-length:135
content-type:application/octet-stream
host:progettoedids.s3.eu-north-1.amazonaws.com
x-amz-content-sha256:UNSIGNED-PAYLOAD
x-amz-date:20240630T123608Z

amz-sdk-invocation-id;amz-sdk-request;content-length;content-type;host;x-amz-content-sha256;x-amz-date
UNSIGNED-PAYLOAD
14:36:08.224 [main] DEBUG software.amazon.awssdk.http.auth.aws.internal.signer.DefaultV4RequestSigner - AWS4 Canonical Request Hash: 5547de27da7201b8b1391dee6a185f47e332d302630f47fe6ca3770ea323a99d
14:36:08.224 [main] DEBUG software.amazon.awssdk.http.auth.aws.internal.signer.DefaultV4RequestSigner - AWS4 String to sign: AWS4-HMAC-SHA256
20240630T123608Z
20240630/eu-north-1/s3/aws4_request
5547de27da7201b8b1391dee6a185f47e332d302630f47fe6ca3770ea323a99d
14:36:08.292 [main] DEBUG software.amazon.awssdk.http.apache.internal.conn.SdkTlsSocketFactory - socket.getSupportedProtocols(): [TLSv1.3, TLSv1.2, TLSv1.1, TLSv1, SSLv3, SSLv2Hello], socket.getEnabledProtocols(): [TLSv1.3, TLSv1.2]
14:36:08.553 [main] DEBUG software.amazon.awssdk.http.apache.internal.net.SdkSslSocket - created: progettoedids.s3.eu-north-1.amazonaws.com/52.95.171.4:443
14:36:08.821 [main] DEBUG software.amazon.awssdk.requestId - Received successful response: 200, Request ID: GAB8AQRTH2YYD57N, Extended Request ID: bRglGmgJHBrcSATmZbksvBEl9IAyHve/LrGE04OE2+VLMpWJyVI4IKo6M8nom2qL5O9XfdXc6M0=
14:36:08.821 [main] DEBUG software.amazon.awssdk.request - Received successful response: 200, Request ID: GAB8AQRTH2YYD57N, Extended Request ID: bRglGmgJHBrcSATmZbksvBEl9IAyHve/LrGE04OE2+VLMpWJyVI4IKo6M8nom2qL5O9XfdXc6M0=
14:36:08.829 [main] DEBUG software.amazon.awssdk.core.interceptor.ExecutionInterceptorChain - Creating an interceptor chain that will apply interceptors in the following order: [software.amazon.awssdk.core.internal.interceptor.HttpChecksumValidationInterceptor@18a25bbd, software.amazon.awssdk.awscore.interceptor.HelpfulUnknownHostExceptionInterceptor@5d5b9ecb, software.amazon.awssdk.awscore.eventstream.EventStreamInitialRequestInterceptor@1ee27d73, software.amazon.awssdk.awscore.interceptor.TraceIdExecutionInterceptor@5e5aafc6, software.amazon.awssdk.services.s3.auth.scheme.internal.S3AuthSchemeInterceptor@542f6803, software.amazon.awssdk.services.s3.endpoints.internal.S3ResolveEndpointInterceptor@5583098b, software.amazon.awssdk.services.s3.endpoints.internal.S3RequestSetEndpointInterceptor@5807efad, software.amazon.awssdk.services.s3.internal.handlers.StreamingRequestInterceptor@53a84ff4, software.amazon.awssdk.services.s3.internal.handlers.CreateBucketInterceptor@7ce85af2, software.amazon.awssdk.services.s3.internal.handlers.CreateMultipartUploadRequestInterceptor@316acbb5, software.amazon.awssdk.services.s3.internal.handlers.DecodeUrlEncodedResponseInterceptor@56f730b2, software.amazon.awssdk.services.s3.internal.handlers.GetBucketPolicyInterceptor@47311277, software.amazon.awssdk.services.s3.internal.handlers.S3ExpressChecksumInterceptor@7930ffa9, software.amazon.awssdk.services.s3.internal.handlers.AsyncChecksumValidationInterceptor@1e60b459, software.amazon.awssdk.services.s3.internal.handlers.SyncChecksumValidationInterceptor@717d7587, software.amazon.awssdk.services.s3.internal.handlers.EnableTrailingChecksumInterceptor@3e906375, software.amazon.awssdk.services.s3.internal.handlers.ExceptionTranslationInterceptor@40230eb9, software.amazon.awssdk.services.s3.internal.handlers.GetObjectInterceptor@5b7aa898, software.amazon.awssdk.services.s3.internal.handlers.CopySourceInterceptor@41b13f3d, software.amazon.awssdk.services.s3.internal.handlers.ObjectMetadataInterceptor@7c0777b5, software.amazon.awssdk.transfer.s3.internal.ApplyUserAgentInterceptor@2489e84a]
14:36:08.830 [main] DEBUG software.amazon.awssdk.auth.credentials.AwsCredentialsProviderChain - Unable to load credentials from SystemPropertyCredentialsProvider(): Unable to load credentials from system settings. Access key must be specified either via environment variable (AWS_ACCESS_KEY_ID) or system property (aws.accessKeyId).
software.amazon.awssdk.core.exception.SdkClientException: Unable to load credentials from system settings. Access key must be specified either via environment variable (AWS_ACCESS_KEY_ID) or system property (aws.accessKeyId).
	at software.amazon.awssdk.core.exception.SdkClientException$BuilderImpl.build(SdkClientException.java:111)
	at software.amazon.awssdk.auth.credentials.internal.SystemSettingsCredentialsProvider.resolveCredentials(SystemSettingsCredentialsProvider.java:60)
	at software.amazon.awssdk.auth.credentials.AwsCredentialsProvider.resolveIdentity(AwsCredentialsProvider.java:54)
	at software.amazon.awssdk.identity.spi.IdentityProvider.resolveIdentity(IdentityProvider.java:60)
	at software.amazon.awssdk.auth.credentials.AwsCredentialsProviderChain.resolveCredentials(AwsCredentialsProviderChain.java:109)
	at software.amazon.awssdk.auth.credentials.internal.LazyAwsCredentialsProvider.resolveCredentials(LazyAwsCredentialsProvider.java:45)
	at software.amazon.awssdk.auth.credentials.DefaultCredentialsProvider.resolveCredentials(DefaultCredentialsProvider.java:129)
	at software.amazon.awssdk.auth.credentials.AwsCredentialsProvider.resolveIdentity(AwsCredentialsProvider.java:54)
	at software.amazon.awssdk.services.s3.auth.scheme.internal.S3AuthSchemeInterceptor.lambda$trySelectAuthScheme$4(S3AuthSchemeInterceptor.java:162)
	at software.amazon.awssdk.core.internal.util.MetricUtils.reportDuration(MetricUtils.java:77)
	at software.amazon.awssdk.services.s3.auth.scheme.internal.S3AuthSchemeInterceptor.trySelectAuthScheme(S3AuthSchemeInterceptor.java:162)
	at software.amazon.awssdk.services.s3.auth.scheme.internal.S3AuthSchemeInterceptor.selectAuthScheme(S3AuthSchemeInterceptor.java:84)
	at software.amazon.awssdk.services.s3.auth.scheme.internal.S3AuthSchemeInterceptor.beforeExecution(S3AuthSchemeInterceptor.java:64)
	at software.amazon.awssdk.core.interceptor.ExecutionInterceptorChain.lambda$beforeExecution$1(ExecutionInterceptorChain.java:59)
	at java.base/java.util.ArrayList.forEach(ArrayList.java:1597)
	at software.amazon.awssdk.core.interceptor.ExecutionInterceptorChain.beforeExecution(ExecutionInterceptorChain.java:59)
	at software.amazon.awssdk.awscore.internal.AwsExecutionContextBuilder.runInitialInterceptors(AwsExecutionContextBuilder.java:241)
	at software.amazon.awssdk.awscore.internal.AwsExecutionContextBuilder.invokeInterceptorsAndCreateExecutionContext(AwsExecutionContextBuilder.java:132)
	at software.amazon.awssdk.awscore.client.handler.AwsSyncClientHandler.invokeInterceptorsAndCreateExecutionContext(AwsSyncClientHandler.java:67)
	at software.amazon.awssdk.core.internal.handler.BaseSyncClientHandler.lambda$execute$0(BaseSyncClientHandler.java:62)
	at software.amazon.awssdk.core.internal.handler.BaseSyncClientHandler.measureApiCallSuccess(BaseSyncClientHandler.java:182)
	at software.amazon.awssdk.core.internal.handler.BaseSyncClientHandler.execute(BaseSyncClientHandler.java:60)
	at software.amazon.awssdk.core.client.handler.SdkSyncClientHandler.execute(SdkSyncClientHandler.java:52)
	at software.amazon.awssdk.awscore.client.handler.AwsSyncClientHandler.execute(AwsSyncClientHandler.java:60)
	at software.amazon.awssdk.services.s3.DefaultS3Client.getObject(DefaultS3Client.java:5203)
	at software.amazon.awssdk.services.s3.S3Client.getObjectAsBytes(S3Client.java:9542)
	at com.cloud.CloudUploader.download(CloudUploader.java:53)
	at com.cloud.CloudUploaderTest.testDownload(CloudUploaderTest.java:61)
	at java.base/jdk.internal.reflect.DirectMethodHandleAccessor.invoke(DirectMethodHandleAccessor.java:103)
	at java.base/java.lang.reflect.Method.invoke(Method.java:580)
	at org.junit.platform.commons.util.ReflectionUtils.invokeMethod(ReflectionUtils.java:725)
	at org.junit.jupiter.engine.execution.MethodInvocation.proceed(MethodInvocation.java:60)
	at org.junit.jupiter.engine.execution.InvocationInterceptorChain$ValidatingInvocation.proceed(InvocationInterceptorChain.java:131)
	at org.junit.jupiter.engine.extension.TimeoutExtension.intercept(TimeoutExtension.java:149)
	at org.junit.jupiter.engine.extension.TimeoutExtension.interceptTestableMethod(TimeoutExtension.java:140)
	at org.junit.jupiter.engine.extension.TimeoutExtension.interceptTestMethod(TimeoutExtension.java:84)
	at org.junit.jupiter.engine.execution.ExecutableInvoker$ReflectiveInterceptorCall.lambda$ofVoidMethod$0(ExecutableInvoker.java:115)
	at org.junit.jupiter.engine.execution.ExecutableInvoker.lambda$invoke$0(ExecutableInvoker.java:105)
	at org.junit.jupiter.engine.execution.InvocationInterceptorChain$InterceptedInvocation.proceed(InvocationInterceptorChain.java:106)
	at org.junit.jupiter.engine.execution.InvocationInterceptorChain.proceed(InvocationInterceptorChain.java:64)
	at org.junit.jupiter.engine.execution.InvocationInterceptorChain.chainAndInvoke(InvocationInterceptorChain.java:45)
	at org.junit.jupiter.engine.execution.InvocationInterceptorChain.invoke(InvocationInterceptorChain.java:37)
	at org.junit.jupiter.engine.execution.ExecutableInvoker.invoke(ExecutableInvoker.java:104)
	at org.junit.jupiter.engine.execution.ExecutableInvoker.invoke(ExecutableInvoker.java:98)
	at org.junit.jupiter.engine.descriptor.TestMethodTestDescriptor.lambda$invokeTestMethod$7(TestMethodTestDescriptor.java:214)
	at org.junit.platform.engine.support.hierarchical.ThrowableCollector.execute(ThrowableCollector.java:73)
	at org.junit.jupiter.engine.descriptor.TestMethodTestDescriptor.invokeTestMethod(TestMethodTestDescriptor.java:210)
	at org.junit.jupiter.engine.descriptor.TestMethodTestDescriptor.execute(TestMethodTestDescriptor.java:135)
	at org.junit.jupiter.engine.descriptor.TestMethodTestDescriptor.execute(TestMethodTestDescriptor.java:66)
	at org.junit.platform.engine.support.hierarchical.NodeTestTask.lambda$executeRecursively$6(NodeTestTask.java:151)
	at org.junit.platform.engine.support.hierarchical.ThrowableCollector.execute(ThrowableCollector.java:73)
	at org.junit.platform.engine.support.hierarchical.NodeTestTask.lambda$executeRecursively$8(NodeTestTask.java:141)
	at org.junit.platform.engine.support.hierarchical.Node.around(Node.java:137)
	at org.junit.platform.engine.support.hierarchical.NodeTestTask.lambda$executeRecursively$9(NodeTestTask.java:139)
	at org.junit.platform.engine.support.hierarchical.ThrowableCollector.execute(ThrowableCollector.java:73)
	at org.junit.platform.engine.support.hierarchical.NodeTestTask.executeRecursively(NodeTestTask.java:138)
	at org.junit.platform.engine.support.hierarchical.NodeTestTask.execute(NodeTestTask.java:95)
	at java.base/java.util.ArrayList.forEach(ArrayList.java:1597)
	at org.junit.platform.engine.support.hierarchical.SameThreadHierarchicalTestExecutorService.invokeAll(SameThreadHierarchicalTestExecutorService.java:41)
	at org.junit.platform.engine.support.hierarchical.NodeTestTask.lambda$executeRecursively$6(NodeTestTask.java:155)
	at org.junit.platform.engine.support.hierarchical.ThrowableCollector.execute(ThrowableCollector.java:73)
	at org.junit.platform.engine.support.hierarchical.NodeTestTask.lambda$executeRecursively$8(NodeTestTask.java:141)
	at org.junit.platform.engine.support.hierarchical.Node.around(Node.java:137)
	at org.junit.platform.engine.support.hierarchical.NodeTestTask.lambda$executeRecursively$9(NodeTestTask.java:139)
	at org.junit.platform.engine.support.hierarchical.ThrowableCollector.execute(ThrowableCollector.java:73)
	at org.junit.platform.engine.support.hierarchical.NodeTestTask.executeRecursively(NodeTestTask.java:138)
	at org.junit.platform.engine.support.hierarchical.NodeTestTask.execute(NodeTestTask.java:95)
	at java.base/java.util.ArrayList.forEach(ArrayList.java:1597)
	at org.junit.platform.engine.support.hierarchical.SameThreadHierarchicalTestExecutorService.invokeAll(SameThreadHierarchicalTestExecutorService.java:41)
	at org.junit.platform.engine.support.hierarchical.NodeTestTask.lambda$executeRecursively$6(NodeTestTask.java:155)
	at org.junit.platform.engine.support.hierarchical.ThrowableCollector.execute(ThrowableCollector.java:73)
	at org.junit.platform.engine.support.hierarchical.NodeTestTask.lambda$executeRecursively$8(NodeTestTask.java:141)
	at org.junit.platform.engine.support.hierarchical.Node.around(Node.java:137)
	at org.junit.platform.engine.support.hierarchical.NodeTestTask.lambda$executeRecursively$9(NodeTestTask.java:139)
	at org.junit.platform.engine.support.hierarchical.ThrowableCollector.execute(ThrowableCollector.java:73)
	at org.junit.platform.engine.support.hierarchical.NodeTestTask.executeRecursively(NodeTestTask.java:138)
	at org.junit.platform.engine.support.hierarchical.NodeTestTask.execute(NodeTestTask.java:95)
	at org.junit.platform.engine.support.hierarchical.SameThreadHierarchicalTestExecutorService.submit(SameThreadHierarchicalTestExecutorService.java:35)
	at org.junit.platform.engine.support.hierarchical.HierarchicalTestExecutor.execute(HierarchicalTestExecutor.java:57)
	at org.junit.platform.engine.support.hierarchical.HierarchicalTestEngine.execute(HierarchicalTestEngine.java:54)
	at org.junit.platform.launcher.core.EngineExecutionOrchestrator.execute(EngineExecutionOrchestrator.java:107)
	at org.junit.platform.launcher.core.EngineExecutionOrchestrator.execute(EngineExecutionOrchestrator.java:88)
	at org.junit.platform.launcher.core.EngineExecutionOrchestrator.lambda$execute$0(EngineExecutionOrchestrator.java:54)
	at org.junit.platform.launcher.core.EngineExecutionOrchestrator.withInterceptedStreams(EngineExecutionOrchestrator.java:67)
	at org.junit.platform.launcher.core.EngineExecutionOrchestrator.execute(EngineExecutionOrchestrator.java:52)
	at org.junit.platform.launcher.core.DefaultLauncher.execute(DefaultLauncher.java:114)
	at org.junit.platform.launcher.core.DefaultLauncher.execute(DefaultLauncher.java:86)
	at org.junit.platform.launcher.core.DefaultLauncherSession$DelegatingLauncher.execute(DefaultLauncherSession.java:86)
	at org.apache.maven.surefire.junitplatform.LazyLauncher.execute(LazyLauncher.java:56)
	at org.apache.maven.surefire.junitplatform.JUnitPlatformProvider.execute(JUnitPlatformProvider.java:184)
	at org.apache.maven.surefire.junitplatform.JUnitPlatformProvider.invokeAllTests(JUnitPlatformProvider.java:148)
	at org.apache.maven.surefire.junitplatform.JUnitPlatformProvider.invoke(JUnitPlatformProvider.java:122)
	at org.apache.maven.surefire.booter.ForkedBooter.runSuitesInProcess(ForkedBooter.java:385)
	at org.apache.maven.surefire.booter.ForkedBooter.execute(ForkedBooter.java:162)
	at org.apache.maven.surefire.booter.ForkedBooter.run(ForkedBooter.java:507)
	at org.apache.maven.surefire.booter.ForkedBooter.main(ForkedBooter.java:495)
14:36:08.831 [main] DEBUG software.amazon.awssdk.auth.credentials.AwsCredentialsProviderChain - Loading credentials from EnvironmentVariableCredentialsProvider()
14:36:08.831 [main] DEBUG software.amazon.awssdk.core.interceptor.ExecutionInterceptorChain - Interceptor 'software.amazon.awssdk.transfer.s3.internal.ApplyUserAgentInterceptor@2489e84a' modified the message with its modifyRequest method.
14:36:08.831 [main] DEBUG software.amazon.awssdk.core.interceptor.ExecutionInterceptorChain - Interceptor 'software.amazon.awssdk.services.s3.endpoints.internal.S3RequestSetEndpointInterceptor@5807efad' modified the message with its modifyHttpRequest method.
14:36:08.832 [main] DEBUG software.amazon.awssdk.core.interceptor.ExecutionInterceptorChain - Interceptor 'software.amazon.awssdk.services.s3.internal.handlers.EnableTrailingChecksumInterceptor@3e906375' modified the message with its modifyHttpRequest method.
14:36:08.832 [main] DEBUG software.amazon.awssdk.request - Sending Request: DefaultSdkHttpFullRequest(httpMethod=GET, protocol=https, host=progettoedids.s3.eu-north-1.amazonaws.com, encodedPath=/cc, headers=[amz-sdk-invocation-id, User-Agent, x-amz-te], queryParameters=[])
14:36:08.832 [main] DEBUG software.amazon.awssdk.core.internal.http.pipeline.stages.SigningStage - Using SelectedAuthScheme: aws.auth#sigv4
14:36:08.833 [main] DEBUG software.amazon.awssdk.http.auth.aws.internal.signer.DefaultV4RequestSigner - AWS4 Canonical Request: GET
/cc

amz-sdk-invocation-id:00c4b934-e525-3c2d-9921-166968bbaf45
amz-sdk-request:attempt=1; max=4
host:progettoedids.s3.eu-north-1.amazonaws.com
x-amz-content-sha256:UNSIGNED-PAYLOAD
x-amz-date:20240630T123608Z
x-amz-te:append-md5

amz-sdk-invocation-id;amz-sdk-request;host;x-amz-content-sha256;x-amz-date;x-amz-te
UNSIGNED-PAYLOAD
14:36:08.833 [main] DEBUG software.amazon.awssdk.http.auth.aws.internal.signer.DefaultV4RequestSigner - AWS4 Canonical Request Hash: dbde01dbd76e698b5987b2692445724a22ada9f6e39ddaed791f11d762df2209
14:36:08.833 [main] DEBUG software.amazon.awssdk.http.auth.aws.internal.signer.DefaultV4RequestSigner - AWS4 String to sign: AWS4-HMAC-SHA256
20240630T123608Z
20240630/eu-north-1/s3/aws4_request
dbde01dbd76e698b5987b2692445724a22ada9f6e39ddaed791f11d762df2209
14:36:08.902 [main] DEBUG software.amazon.awssdk.http.apache.internal.conn.SdkTlsSocketFactory - socket.getSupportedProtocols(): [TLSv1.3, TLSv1.2, TLSv1.1, TLSv1, SSLv3, SSLv2Hello], socket.getEnabledProtocols(): [TLSv1.3, TLSv1.2]
14:36:09.142 [main] DEBUG software.amazon.awssdk.http.apache.internal.net.SdkSslSocket - created: progettoedids.s3.eu-north-1.amazonaws.com/52.95.171.4:443
14:36:09.303 [main] DEBUG software.amazon.awssdk.requestId - Received successful response: 200, Request ID: GABF5JBBS5GB9JV2, Extended Request ID: cKyfLXRAp3NLs/bmqwIhL/0aff8qgNWowfAaTrZSf++7bG/ZFS6mRxDT9FKaK0QrPZr84ZqRv8k=
14:36:09.303 [main] DEBUG software.amazon.awssdk.request - Received successful response: 200, Request ID: GABF5JBBS5GB9JV2, Extended Request ID: cKyfLXRAp3NLs/bmqwIhL/0aff8qgNWowfAaTrZSf++7bG/ZFS6mRxDT9FKaK0QrPZr84ZqRv8k=
14:36:09.304 [main] DEBUG software.amazon.awssdk.core.interceptor.ExecutionInterceptorChain - Interceptor 'software.amazon.awssdk.services.s3.internal.handlers.EnableTrailingChecksumInterceptor@3e906375' modified the message with its modifyResponse method.
]]></system-out>
  </testcase>
</testsuite>