<?xml version="1.0" encoding="UTF-8"?>
<testsuite xmlns:xsi="http://www.w3.org/2001/XMLSchema-instance" xsi:noNamespaceSchemaLocation="https://maven.apache.org/surefire/maven-surefire-plugin/xsd/surefire-test-report-3.0.xsd" version="3.0" name="com.atomic.ItemTest" time="0.005" tests="1" errors="0" skipped="0" failures="0">
  <properties>
    <property name="java.specification.version" value="22"/>
    <property name="sun.cpu.isalist" value="amd64"/>
    <property name="sun.jnu.encoding" value="Cp1252"/>
    <property name="java.class.path" value="C:\Users\Lorenzon\IdeaProjects\progettoedids\ASCIIgame\target\test-classes;C:\Users\Lorenzon\IdeaProjects\progettoedids\ASCIIgame\target\classes;C:\Users\Lorenzon\.m2\repository\software\amazon\awssdk\regions\2.25.57\regions-2.25.57.jar;C:\Users\Lorenzon\.m2\repository\software\amazon\awssdk\annotations\2.25.57\annotations-2.25.57.jar;C:\Users\Lorenzon\.m2\repository\software\amazon\awssdk\utils\2.25.57\utils-2.25.57.jar;C:\Users\Lorenzon\.m2\repository\org\reactivestreams\reactive-streams\1.0.4\reactive-streams-1.0.4.jar;C:\Users\Lorenzon\.m2\repository\software\amazon\awssdk\sdk-core\2.25.57\sdk-core-2.25.57.jar;C:\Users\Lorenzon\.m2\repository\software\amazon\awssdk\profiles\2.25.57\profiles-2.25.57.jar;C:\Users\Lorenzon\.m2\repository\software\amazon\awssdk\json-utils\2.25.57\json-utils-2.25.57.jar;C:\Users\Lorenzon\.m2\repository\org\slf4j\slf4j-api\1.7.30\slf4j-api-1.7.30.jar;C:\Users\Lorenzon\.m2\repository\software\amazon\awssdk\auth\2.25.57\auth-2.25.57.jar;C:\Users\Lorenzon\.m2\repository\software\amazon\awssdk\identity-spi\2.25.57\identity-spi-2.25.57.jar;C:\Users\Lorenzon\.m2\repository\software\amazon\awssdk\http-client-spi\2.25.57\http-client-spi-2.25.57.jar;C:\Users\Lorenzon\.m2\repository\software\amazon\awssdk\http-auth-aws\2.25.57\http-auth-aws-2.25.57.jar;C:\Users\Lorenzon\.m2\repository\software\amazon\awssdk\http-auth\2.25.57\http-auth-2.25.57.jar;C:\Users\Lorenzon\.m2\repository\software\amazon\awssdk\http-auth-spi\2.25.57\http-auth-spi-2.25.57.jar;C:\Users\Lorenzon\.m2\repository\software\amazon\eventstream\eventstream\1.0.1\eventstream-1.0.1.jar;C:\Users\Lorenzon\.m2\repository\ch\qos\logback\logback-classic\1.2.3\logback-classic-1.2.3.jar;C:\Users\Lorenzon\.m2\repository\ch\qos\logback\logback-core\1.2.3\logback-core-1.2.3.jar;C:\Users\Lorenzon\.m2\repository\software\amazon\awssdk\apache-client\2.25.57\apache-client-2.25.57.jar;C:\Users\Lorenzon\.m2\repository\software\amazon\awssdk\metrics-spi\2.25.57\metrics-spi-2.25.57.jar;C:\Users\Lorenzon\.m2\repository\org\apache\httpcomponents\httpclient\4.5.13\httpclient-4.5.13.jar;C:\Users\Lorenzon\.m2\repository\commons-logging\commons-logging\1.2\commons-logging-1.2.jar;C:\Users\Lorenzon\.m2\repository\org\apache\httpcomponents\httpcore\4.4.13\httpcore-4.4.13.jar;C:\Users\Lorenzon\.m2\repository\commons-codec\commons-codec\1.15\commons-codec-1.15.jar;C:\Users\Lorenzon\.m2\repository\software\amazon\awssdk\sso\2.25.57\sso-2.25.57.jar;C:\Users\Lorenzon\.m2\repository\software\amazon\awssdk\protocol-core\2.25.57\protocol-core-2.25.57.jar;C:\Users\Lorenzon\.m2\repository\software\amazon\awssdk\aws-json-protocol\2.25.57\aws-json-protocol-2.25.57.jar;C:\Users\Lorenzon\.m2\repository\software\amazon\awssdk\aws-core\2.25.57\aws-core-2.25.57.jar;C:\Users\Lorenzon\.m2\repository\software\amazon\awssdk\endpoints-spi\2.25.57\endpoints-spi-2.25.57.jar;C:\Users\Lorenzon\.m2\repository\software\amazon\awssdk\netty-nio-client\2.25.57\netty-nio-client-2.25.57.jar;C:\Users\Lorenzon\.m2\repository\io\netty\netty-codec-http\4.1.108.Final\netty-codec-http-4.1.108.Final.jar;C:\Users\Lorenzon\.m2\repository\io\netty\netty-codec-http2\4.1.108.Final\netty-codec-http2-4.1.108.Final.jar;C:\Users\Lorenzon\.m2\repository\io\netty\netty-codec\4.1.108.Final\netty-codec-4.1.108.Final.jar;C:\Users\Lorenzon\.m2\repository\io\netty\netty-transport\4.1.108.Final\netty-transport-4.1.108.Final.jar;C:\Users\Lorenzon\.m2\repository\io\netty\netty-common\4.1.108.Final\netty-common-4.1.108.Final.jar;C:\Users\Lorenzon\.m2\repository\io\netty\netty-buffer\4.1.108.Final\netty-buffer-4.1.108.Final.jar;C:\Users\Lorenzon\.m2\repository\io\netty\netty-handler\4.1.108.Final\netty-handler-4.1.108.Final.jar;C:\Users\Lorenzon\.m2\repository\io\netty\netty-transport-native-unix-common\4.1.108.Final\netty-transport-native-unix-common-4.1.108.Final.jar;C:\Users\Lorenzon\.m2\repository\io\netty\netty-transport-classes-epoll\4.1.108.Final\netty-transport-classes-epoll-4.1.108.Final.jar;C:\Users\Lorenzon\.m2\repository\io\netty\netty-resolver\4.1.108.Final\netty-resolver-4.1.108.Final.jar;C:\Users\Lorenzon\.m2\repository\software\amazon\awssdk\ssooidc\2.25.57\ssooidc-2.25.57.jar;C:\Users\Lorenzon\.m2\repository\software\amazon\awssdk\third-party-jackson-core\2.25.57\third-party-jackson-core-2.25.57.jar;C:\Users\Lorenzon\.m2\repository\software\amazon\awssdk\s3-transfer-manager\2.25.57\s3-transfer-manager-2.25.57.jar;C:\Users\Lorenzon\.m2\repository\software\amazon\awssdk\arns\2.25.57\arns-2.25.57.jar;C:\Users\Lorenzon\.m2\repository\software\amazon\awssdk\s3control\2.25.57\s3control-2.25.57.jar;C:\Users\Lorenzon\.m2\repository\software\amazon\awssdk\aws-xml-protocol\2.25.57\aws-xml-protocol-2.25.57.jar;C:\Users\Lorenzon\.m2\repository\software\amazon\awssdk\aws-query-protocol\2.25.57\aws-query-protocol-2.25.57.jar;C:\Users\Lorenzon\.m2\repository\org\junit\jupiter\junit-jupiter-api\5.8.2\junit-jupiter-api-5.8.2.jar;C:\Users\Lorenzon\.m2\repository\org\opentest4j\opentest4j\1.2.0\opentest4j-1.2.0.jar;C:\Users\Lorenzon\.m2\repository\org\junit\platform\junit-platform-commons\1.8.2\junit-platform-commons-1.8.2.jar;C:\Users\Lorenzon\.m2\repository\org\apiguardian\apiguardian-api\1.1.2\apiguardian-api-1.1.2.jar;C:\Users\Lorenzon\.m2\repository\org\junit\jupiter\junit-jupiter-engine\5.8.2\junit-jupiter-engine-5.8.2.jar;C:\Users\Lorenzon\.m2\repository\org\junit\platform\junit-platform-engine\1.8.2\junit-platform-engine-1.8.2.jar;C:\Users\Lorenzon\.m2\repository\software\amazon\awssdk\s3\2.25.57\s3-2.25.57.jar;C:\Users\Lorenzon\.m2\repository\software\amazon\awssdk\crt-core\2.25.57\crt-core-2.25.57.jar;C:\Users\Lorenzon\.m2\repository\software\amazon\awssdk\checksums\2.25.57\checksums-2.25.57.jar;C:\Users\Lorenzon\.m2\repository\software\amazon\awssdk\checksums-spi\2.25.57\checksums-spi-2.25.57.jar;"/>
    <property name="java.vm.vendor" value="Oracle Corporation"/>
    <property name="sun.arch.data.model" value="64"/>
    <property name="user.variant" value=""/>
    <property name="java.vendor.url" value="https://java.oracle.com/"/>
    <property name="user.timezone" value="Europe/Rome"/>
    <property name="os.name" value="Windows 11"/>
    <property name="java.vm.specification.version" value="22"/>
    <property name="sun.java.launcher" value="SUN_STANDARD"/>
    <property name="user.country" value="IT"/>
    <property name="sun.boot.library.path" value="C:\Program Files\Java\jdk-22\bin"/>
    <property name="sun.java.command" value="C:\Users\Lorenzon\AppData\Local\Temp\surefire17382125465896598100\surefirebooter-20240630143601891_3.jar C:\Users\Lorenzon\AppData\Local\Temp\surefire17382125465896598100 2024-06-30T14-36-01_627-jvmRun1 surefire-20240630143601891_1tmp surefire_0-20240630143601891_2tmp"/>
    <property name="jdk.debug" value="release"/>
    <property name="surefire.test.class.path" value="C:\Users\Lorenzon\IdeaProjects\progettoedids\ASCIIgame\target\test-classes;C:\Users\Lorenzon\IdeaProjects\progettoedids\ASCIIgame\target\classes;C:\Users\Lorenzon\.m2\repository\software\amazon\awssdk\regions\2.25.57\regions-2.25.57.jar;C:\Users\Lorenzon\.m2\repository\software\amazon\awssdk\annotations\2.25.57\annotations-2.25.57.jar;C:\Users\Lorenzon\.m2\repository\software\amazon\awssdk\utils\2.25.57\utils-2.25.57.jar;C:\Users\Lorenzon\.m2\repository\org\reactivestreams\reactive-streams\1.0.4\reactive-streams-1.0.4.jar;C:\Users\Lorenzon\.m2\repository\software\amazon\awssdk\sdk-core\2.25.57\sdk-core-2.25.57.jar;C:\Users\Lorenzon\.m2\repository\software\amazon\awssdk\profiles\2.25.57\profiles-2.25.57.jar;C:\Users\Lorenzon\.m2\repository\software\amazon\awssdk\json-utils\2.25.57\json-utils-2.25.57.jar;C:\Users\Lorenzon\.m2\repository\org\slf4j\slf4j-api\1.7.30\slf4j-api-1.7.30.jar;C:\Users\Lorenzon\.m2\repository\software\amazon\awssdk\auth\2.25.57\auth-2.25.57.jar;C:\Users\Lorenzon\.m2\repository\software\amazon\awssdk\identity-spi\2.25.57\identity-spi-2.25.57.jar;C:\Users\Lorenzon\.m2\repository\software\amazon\awssdk\http-client-spi\2.25.57\http-client-spi-2.25.57.jar;C:\Users\Lorenzon\.m2\repository\software\amazon\awssdk\http-auth-aws\2.25.57\http-auth-aws-2.25.57.jar;C:\Users\Lorenzon\.m2\repository\software\amazon\awssdk\http-auth\2.25.57\http-auth-2.25.57.jar;C:\Users\Lorenzon\.m2\repository\software\amazon\awssdk\http-auth-spi\2.25.57\http-auth-spi-2.25.57.jar;C:\Users\Lorenzon\.m2\repository\software\amazon\eventstream\eventstream\1.0.1\eventstream-1.0.1.jar;C:\Users\Lorenzon\.m2\repository\ch\qos\logback\logback-classic\1.2.3\logback-classic-1.2.3.jar;C:\Users\Lorenzon\.m2\repository\ch\qos\logback\logback-core\1.2.3\logback-core-1.2.3.jar;C:\Users\Lorenzon\.m2\repository\software\amazon\awssdk\apache-client\2.25.57\apache-client-2.25.57.jar;C:\Users\Lorenzon\.m2\repository\software\amazon\awssdk\metrics-spi\2.25.57\metrics-spi-2.25.57.jar;C:\Users\Lorenzon\.m2\repository\org\apache\httpcomponents\httpclient\4.5.13\httpclient-4.5.13.jar;C:\Users\Lorenzon\.m2\repository\commons-logging\commons-logging\1.2\commons-logging-1.2.jar;C:\Users\Lorenzon\.m2\repository\org\apache\httpcomponents\httpcore\4.4.13\httpcore-4.4.13.jar;C:\Users\Lorenzon\.m2\repository\commons-codec\commons-codec\1.15\commons-codec-1.15.jar;C:\Users\Lorenzon\.m2\repository\software\amazon\awssdk\sso\2.25.57\sso-2.25.57.jar;C:\Users\Lorenzon\.m2\repository\software\amazon\awssdk\protocol-core\2.25.57\protocol-core-2.25.57.jar;C:\Users\Lorenzon\.m2\repository\software\amazon\awssdk\aws-json-protocol\2.25.57\aws-json-protocol-2.25.57.jar;C:\Users\Lorenzon\.m2\repository\software\amazon\awssdk\aws-core\2.25.57\aws-core-2.25.57.jar;C:\Users\Lorenzon\.m2\repository\software\amazon\awssdk\endpoints-spi\2.25.57\endpoints-spi-2.25.57.jar;C:\Users\Lorenzon\.m2\repository\software\amazon\awssdk\netty-nio-client\2.25.57\netty-nio-client-2.25.57.jar;C:\Users\Lorenzon\.m2\repository\io\netty\netty-codec-http\4.1.108.Final\netty-codec-http-4.1.108.Final.jar;C:\Users\Lorenzon\.m2\repository\io\netty\netty-codec-http2\4.1.108.Final\netty-codec-http2-4.1.108.Final.jar;C:\Users\Lorenzon\.m2\repository\io\netty\netty-codec\4.1.108.Final\netty-codec-4.1.108.Final.jar;C:\Users\Lorenzon\.m2\repository\io\netty\netty-transport\4.1.108.Final\netty-transport-4.1.108.Final.jar;C:\Users\Lorenzon\.m2\repository\io\netty\netty-common\4.1.108.Final\netty-common-4.1.108.Final.jar;C:\Users\Lorenzon\.m2\repository\io\netty\netty-buffer\4.1.108.Final\netty-buffer-4.1.108.Final.jar;C:\Users\Lorenzon\.m2\repository\io\netty\netty-handler\4.1.108.Final\netty-handler-4.1.108.Final.jar;C:\Users\Lorenzon\.m2\repository\io\netty\netty-transport-native-unix-common\4.1.108.Final\netty-transport-native-unix-common-4.1.108.Final.jar;C:\Users\Lorenzon\.m2\repository\io\netty\netty-transport-classes-epoll\4.1.108.Final\netty-transport-classes-epoll-4.1.108.Final.jar;C:\Users\Lorenzon\.m2\repository\io\netty\netty-resolver\4.1.108.Final\netty-resolver-4.1.108.Final.jar;C:\Users\Lorenzon\.m2\repository\software\amazon\awssdk\ssooidc\2.25.57\ssooidc-2.25.57.jar;C:\Users\Lorenzon\.m2\repository\software\amazon\awssdk\third-party-jackson-core\2.25.57\third-party-jackson-core-2.25.57.jar;C:\Users\Lorenzon\.m2\repository\software\amazon\awssdk\s3-transfer-manager\2.25.57\s3-transfer-manager-2.25.57.jar;C:\Users\Lorenzon\.m2\repository\software\amazon\awssdk\arns\2.25.57\arns-2.25.57.jar;C:\Users\Lorenzon\.m2\repository\software\amazon\awssdk\s3control\2.25.57\s3control-2.25.57.jar;C:\Users\Lorenzon\.m2\repository\software\amazon\awssdk\aws-xml-protocol\2.25.57\aws-xml-protocol-2.25.57.jar;C:\Users\Lorenzon\.m2\repository\software\amazon\awssdk\aws-query-protocol\2.25.57\aws-query-protocol-2.25.57.jar;C:\Users\Lorenzon\.m2\repository\org\junit\jupiter\junit-jupiter-api\5.8.2\junit-jupiter-api-5.8.2.jar;C:\Users\Lorenzon\.m2\repository\org\opentest4j\opentest4j\1.2.0\opentest4j-1.2.0.jar;C:\Users\Lorenzon\.m2\repository\org\junit\platform\junit-platform-commons\1.8.2\junit-platform-commons-1.8.2.jar;C:\Users\Lorenzon\.m2\repository\org\apiguardian\apiguardian-api\1.1.2\apiguardian-api-1.1.2.jar;C:\Users\Lorenzon\.m2\repository\org\junit\jupiter\junit-jupiter-engine\5.8.2\junit-jupiter-engine-5.8.2.jar;C:\Users\Lorenzon\.m2\repository\org\junit\platform\junit-platform-engine\1.8.2\junit-platform-engine-1.8.2.jar;C:\Users\Lorenzon\.m2\repository\software\amazon\awssdk\s3\2.25.57\s3-2.25.57.jar;C:\Users\Lorenzon\.m2\repository\software\amazon\awssdk\crt-core\2.25.57\crt-core-2.25.57.jar;C:\Users\Lorenzon\.m2\repository\software\amazon\awssdk\checksums\2.25.57\checksums-2.25.57.jar;C:\Users\Lorenzon\.m2\repository\software\amazon\awssdk\checksums-spi\2.25.57\checksums-spi-2.25.57.jar;"/>
    <property name="sun.cpu.endian" value="little"/>
    <property name="user.home" value="C:\Users\Lorenzon"/>
    <property name="user.language" value="it"/>
    <property name="java.specification.vendor" value="Oracle Corporation"/>
    <property name="java.version.date" value="2024-04-16"/>
    <property name="java.home" value="C:\Program Files\Java\jdk-22"/>
    <property name="file.separator" value="\"/>
    <property name="basedir" value="C:\Users\Lorenzon\IdeaProjects\progettoedids\ASCIIgame"/>
    <property name="java.vm.compressedOopsMode" value="Zero based"/>
    <property name="line.separator" value="&#10;"/>
    <property name="java.vm.specification.vendor" value="Oracle Corporation"/>
    <property name="java.specification.name" value="Java Platform API Specification"/>
    <property name="surefire.real.class.path" value="C:\Users\Lorenzon\AppData\Local\Temp\surefire17382125465896598100\surefirebooter-20240630143601891_3.jar"/>
    <property name="user.script" value=""/>
    <property name="sun.management.compiler" value="HotSpot 64-Bit Tiered Compilers"/>
    <property name="java.runtime.version" value="22.0.1+8-16"/>
    <property name="user.name" value="Lorenzon"/>
    <property name="stdout.encoding" value="Cp1252"/>
    <property name="path.separator" value=";"/>
    <property name="os.version" value="10.0"/>
    <property name="java.runtime.name" value="Java(TM) SE Runtime Environment"/>
    <property name="file.encoding" value="UTF-8"/>
    <property name="java.vm.name" value="Java HotSpot(TM) 64-Bit Server VM"/>
    <property name="localRepository" value="C:\Users\Lorenzon\.m2\repository"/>
    <property name="java.vendor.url.bug" value="https://bugreport.java.com/bugreport/"/>
    <property name="java.io.tmpdir" value="C:\Users\Lorenzon\AppData\Local\Temp\"/>
    <property name="java.version" value="22.0.1"/>
    <property name="user.dir" value="C:\Users\Lorenzon\IdeaProjects\progettoedids\ASCIIgame"/>
    <property name="os.arch" value="amd64"/>
    <property name="java.vm.specification.name" value="Java Virtual Machine Specification"/>
    <property name="sun.os.patch.level" value=""/>
    <property name="native.encoding" value="Cp1252"/>
    <property name="java.library.path" value="C:\Program Files\Java\jdk-22\bin;C:\WINDOWS\Sun\Java\bin;C:\WINDOWS\system32;C:\WINDOWS;C:\Program Files\Common Files\Oracle\Java\javapath;C:\WINDOWS\system32;C:\WINDOWS;C:\WINDOWS\System32\Wbem;C:\WINDOWS\System32\WindowsPowerShell\v1.0\;C:\WINDOWS\System32\OpenSSH\;C:\Program Files\Git\cmd;C:\Users\Lorenzon\AppData\Local\Programs\Python\Python312\Scripts\;C:\Users\Lorenzon\AppData\Local\Programs\Python\Python312\;C:\Users\Lorenzon\AppData\Local\Microsoft\WindowsApps;C:\Users\Lorenzon\AppData\Local\Programs\Microsoft VS Code\bin;C:\msys64\mingw64\bin;C:\Program Files\CMake\bin;C:\Program Files\Git\cmd;C:\Program Files\Spice64\bin;C:\VSARM\armcc\bin;C:\msys64\mingw32\bin;C:\MinGW\bin;C:\Program Files\JetBrains\IntelliJ IDEA 2024.1.3\bin;;C:\apache-maven-3.9.8\bin;;."/>
    <property name="java.vm.info" value="mixed mode, sharing"/>
    <property name="stderr.encoding" value="Cp1252"/>
    <property name="java.vendor" value="Oracle Corporation"/>
    <property name="java.vm.version" value="22.0.1+8-16"/>
    <property name="sun.io.unicode.encoding" value="UnicodeLittle"/>
    <property name="java.class.version" value="66.0"/>
  </properties>
  <testcase name="testConstructor" classname="com.atomic.ItemTest" time="0.002">
    <system-out><![CDATA[test Constructor
]]></system-out>
  </testcase>
</testsuite>