<?xml version="1.0" encoding="UTF-8"?>
<testsuite xmlns:xsi="http://www.w3.org/2001/XMLSchema-instance" xsi:noNamespaceSchemaLocation="https://maven.apache.org/surefire/maven-surefire-plugin/xsd/surefire-test-report-3.0.xsd" version="3.0" name="com.cloud.CloudUploaderTest" time="7.718" tests="4" errors="0" skipped="0" failures="0">
  <properties>
    <property name="java.specification.version" value="22"/>
    <property name="sun.cpu.isalist" value="amd64"/>
    <property name="sun.jnu.encoding" value="Cp1252"/>
    <property name="java.class.path" value="C:\Users\Lorenzon\IdeaProjects\progettoedids\ASCIIgame\target\test-classes;C:\Users\Lorenzon\IdeaProjects\progettoedids\ASCIIgame\target\classes;C:\Users\Lorenzon\.m2\repository\software\amazon\awssdk\regions\2.25.57\regions-2.25.57.jar;C:\Users\Lorenzon\.m2\repository\software\amazon\awssdk\annotations\2.25.57\annotations-2.25.57.jar;C:\Users\Lorenzon\.m2\repository\software\amazon\awssdk\utils\2.25.57\utils-2.25.57.jar;C:\Users\Lorenzon\.m2\repository\software\amazon\awssdk\sdk-core\2.25.57\sdk-core-2.25.57.jar;C:\Users\Lorenzon\.m2\repository\software\amazon\awssdk\profiles\2.25.57\profiles-2.25.57.jar;C:\Users\Lorenzon\.m2\repository\software\amazon\awssdk\json-utils\2.25.57\json-utils-2.25.57.jar;C:\Users\Lorenzon\.m2\repository\org\slf4j\slf4j-api\1.7.30\slf4j-api-1.7.30.jar;C:\Users\Lorenzon\.m2\repository\software\amazon\awssdk\auth\2.25.57\auth-2.25.57.jar;C:\Users\Lorenzon\.m2\repository\software\amazon\awssdk\identity-spi\2.25.57\identity-spi-2.25.57.jar;C:\Users\Lorenzon\.m2\repository\software\amazon\awssdk\http-client-spi\2.25.57\http-client-spi-2.25.57.jar;C:\Users\Lorenzon\.m2\repository\software\amazon\awssdk\http-auth-aws\2.25.57\http-auth-aws-2.25.57.jar;C:\Users\Lorenzon\.m2\repository\software\amazon\awssdk\http-auth\2.25.57\http-auth-2.25.57.jar;C:\Users\Lorenzon\.m2\repository\software\amazon\awssdk\http-auth-spi\2.25.57\http-auth-spi-2.25.57.jar;C:\Users\Lorenzon\.m2\repository\software\amazon\eventstream\eventstream\1.0.1\eventstream-1.0.1.jar;C:\Users\Lorenzon\.m2\repository\ch\qos\logback\logback-classic\1.2.3\logback-classic-1.2.3.jar;C:\Users\Lorenzon\.m2\repository\ch\qos\logback\logback-core\1.2.3\logback-core-1.2.3.jar;C:\Users\Lorenzon\.m2\repository\software\amazon\awssdk\apache-client\2.25.57\apache-client-2.25.57.jar;C:\Users\Lorenzon\.m2\repository\software\amazon\awssdk\metrics-spi\2.25.57\metrics-spi-2.25.57.jar;C:\Users\Lorenzon\.m2\repository\org\apache\httpcomponents\httpclient\4.5.13\httpclient-4.5.13.jar;C:\Users\Lorenzon\.m2\repository\commons-logging\commons-logging\1.2\commons-logging-1.2.jar;C:\Users\Lorenzon\.m2\repository\org\apache\httpcomponents\httpcore\4.4.13\httpcore-4.4.13.jar;C:\Users\Lorenzon\.m2\repository\commons-codec\commons-codec\1.15\commons-codec-1.15.jar;C:\Users\Lorenzon\.m2\repository\software\amazon\awssdk\sso\2.25.57\sso-2.25.57.jar;C:\Users\Lorenzon\.m2\repository\software\amazon\awssdk\protocol-core\2.25.57\protocol-core-2.25.57.jar;C:\Users\Lorenzon\.m2\repository\software\amazon\awssdk\aws-json-protocol\2.25.57\aws-json-protocol-2.25.57.jar;C:\Users\Lorenzon\.m2\repository\software\amazon\awssdk\aws-core\2.25.57\aws-core-2.25.57.jar;C:\Users\Lorenzon\.m2\repository\software\amazon\awssdk\endpoints-spi\2.25.57\endpoints-spi-2.25.57.jar;C:\Users\Lorenzon\.m2\repository\software\amazon\awssdk\ssooidc\2.25.57\ssooidc-2.25.57.jar;C:\Users\Lorenzon\.m2\repository\software\amazon\awssdk\third-party-jackson-core\2.25.57\third-party-jackson-core-2.25.57.jar;C:\Users\Lorenzon\.m2\repository\software\amazon\awssdk\s3-transfer-manager\2.25.57\s3-transfer-manager-2.25.57.jar;C:\Users\Lorenzon\.m2\repository\software\amazon\awssdk\arns\2.25.57\arns-2.25.57.jar;C:\Users\Lorenzon\.m2\repository\software\amazon\awssdk\secretsmanager\2.25.57\secretsmanager-2.25.57.jar;C:\Users\Lorenzon\.m2\repository\software\amazon\awssdk\s3control\2.25.57\s3control-2.25.57.jar;C:\Users\Lorenzon\.m2\repository\software\amazon\awssdk\aws-xml-protocol\2.25.57\aws-xml-protocol-2.25.57.jar;C:\Users\Lorenzon\.m2\repository\org\junit\jupiter\junit-jupiter-api\5.8.2\junit-jupiter-api-5.8.2.jar;C:\Users\Lorenzon\.m2\repository\org\opentest4j\opentest4j\1.2.0\opentest4j-1.2.0.jar;C:\Users\Lorenzon\.m2\repository\org\junit\platform\junit-platform-commons\1.8.2\junit-platform-commons-1.8.2.jar;C:\Users\Lorenzon\.m2\repository\org\apiguardian\apiguardian-api\1.1.2\apiguardian-api-1.1.2.jar;C:\Users\Lorenzon\.m2\repository\org\junit\jupiter\junit-jupiter-engine\5.8.2\junit-jupiter-engine-5.8.2.jar;C:\Users\Lorenzon\.m2\repository\org\junit\platform\junit-platform-engine\1.8.2\junit-platform-engine-1.8.2.jar;C:\Users\Lorenzon\.m2\repository\software\amazon\awssdk\netty-nio-client\2.25.57\netty-nio-client-2.25.57.jar;C:\Users\Lorenzon\.m2\repository\io\netty\netty-codec-http\4.1.108.Final\netty-codec-http-4.1.108.Final.jar;C:\Users\Lorenzon\.m2\repository\io\netty\netty-codec-http2\4.1.108.Final\netty-codec-http2-4.1.108.Final.jar;C:\Users\Lorenzon\.m2\repository\io\netty\netty-codec\4.1.108.Final\netty-codec-4.1.108.Final.jar;C:\Users\Lorenzon\.m2\repository\io\netty\netty-transport\4.1.108.Final\netty-transport-4.1.108.Final.jar;C:\Users\Lorenzon\.m2\repository\io\netty\netty-common\4.1.108.Final\netty-common-4.1.108.Final.jar;C:\Users\Lorenzon\.m2\repository\io\netty\netty-buffer\4.1.108.Final\netty-buffer-4.1.108.Final.jar;C:\Users\Lorenzon\.m2\repository\io\netty\netty-handler\4.1.108.Final\netty-handler-4.1.108.Final.jar;C:\Users\Lorenzon\.m2\repository\io\netty\netty-transport-native-unix-common\4.1.108.Final\netty-transport-native-unix-common-4.1.108.Final.jar;C:\Users\Lorenzon\.m2\repository\io\netty\netty-transport-classes-epoll\4.1.108.Final\netty-transport-classes-epoll-4.1.108.Final.jar;C:\Users\Lorenzon\.m2\repository\io\netty\netty-resolver\4.1.108.Final\netty-resolver-4.1.108.Final.jar;C:\Users\Lorenzon\.m2\repository\org\reactivestreams\reactive-streams\1.0.4\reactive-streams-1.0.4.jar;C:\Users\Lorenzon\.m2\repository\software\amazon\awssdk\sts\2.25.57\sts-2.25.57.jar;C:\Users\Lorenzon\.m2\repository\software\amazon\awssdk\aws-query-protocol\2.25.57\aws-query-protocol-2.25.57.jar;C:\Users\Lorenzon\.m2\repository\software\amazon\awssdk\s3\2.25.57\s3-2.25.57.jar;C:\Users\Lorenzon\.m2\repository\software\amazon\awssdk\crt-core\2.25.57\crt-core-2.25.57.jar;C:\Users\Lorenzon\.m2\repository\software\amazon\awssdk\checksums\2.25.57\checksums-2.25.57.jar;C:\Users\Lorenzon\.m2\repository\software\amazon\awssdk\checksums-spi\2.25.57\checksums-spi-2.25.57.jar;"/>
    <property name="java.vm.vendor" value="Oracle Corporation"/>
    <property name="sun.arch.data.model" value="64"/>
    <property name="user.variant" value=""/>
    <property name="java.vendor.url" value="https://java.oracle.com/"/>
    <property name="user.timezone" value="Europe/Rome"/>
    <property name="os.name" value="Windows 11"/>
    <property name="java.vm.specification.version" value="22"/>
    <property name="sun.java.launcher" value="SUN_STANDARD"/>
    <property name="user.country" value="IT"/>
    <property name="sun.boot.library.path" value="C:\Program Files\Java\jdk-22\bin"/>
    <property name="sun.java.command" value="C:\Users\Lorenzon\AppData\Local\Temp\surefire10791910124062324230\surefirebooter-20240628153322901_3.jar C:\Users\Lorenzon\AppData\Local\Temp\surefire10791910124062324230 2024-06-28T15-33-22_679-jvmRun1 surefire-20240628153322901_1tmp surefire_0-20240628153322901_2tmp"/>
    <property name="jdk.debug" value="release"/>
    <property name="surefire.test.class.path" value="C:\Users\Lorenzon\IdeaProjects\progettoedids\ASCIIgame\target\test-classes;C:\Users\Lorenzon\IdeaProjects\progettoedids\ASCIIgame\target\classes;C:\Users\Lorenzon\.m2\repository\software\amazon\awssdk\regions\2.25.57\regions-2.25.57.jar;C:\Users\Lorenzon\.m2\repository\software\amazon\awssdk\annotations\2.25.57\annotations-2.25.57.jar;C:\Users\Lorenzon\.m2\repository\software\amazon\awssdk\utils\2.25.57\utils-2.25.57.jar;C:\Users\Lorenzon\.m2\repository\software\amazon\awssdk\sdk-core\2.25.57\sdk-core-2.25.57.jar;C:\Users\Lorenzon\.m2\repository\software\amazon\awssdk\profiles\2.25.57\profiles-2.25.57.jar;C:\Users\Lorenzon\.m2\repository\software\amazon\awssdk\json-utils\2.25.57\json-utils-2.25.57.jar;C:\Users\Lorenzon\.m2\repository\org\slf4j\slf4j-api\1.7.30\slf4j-api-1.7.30.jar;C:\Users\Lorenzon\.m2\repository\software\amazon\awssdk\auth\2.25.57\auth-2.25.57.jar;C:\Users\Lorenzon\.m2\repository\software\amazon\awssdk\identity-spi\2.25.57\identity-spi-2.25.57.jar;C:\Users\Lorenzon\.m2\repository\software\amazon\awssdk\http-client-spi\2.25.57\http-client-spi-2.25.57.jar;C:\Users\Lorenzon\.m2\repository\software\amazon\awssdk\http-auth-aws\2.25.57\http-auth-aws-2.25.57.jar;C:\Users\Lorenzon\.m2\repository\software\amazon\awssdk\http-auth\2.25.57\http-auth-2.25.57.jar;C:\Users\Lorenzon\.m2\repository\software\amazon\awssdk\http-auth-spi\2.25.57\http-auth-spi-2.25.57.jar;C:\Users\Lorenzon\.m2\repository\software\amazon\eventstream\eventstream\1.0.1\eventstream-1.0.1.jar;C:\Users\Lorenzon\.m2\repository\ch\qos\logback\logback-classic\1.2.3\logback-classic-1.2.3.jar;C:\Users\Lorenzon\.m2\repository\ch\qos\logback\logback-core\1.2.3\logback-core-1.2.3.jar;C:\Users\Lorenzon\.m2\repository\software\amazon\awssdk\apache-client\2.25.57\apache-client-2.25.57.jar;C:\Users\Lorenzon\.m2\repository\software\amazon\awssdk\metrics-spi\2.25.57\metrics-spi-2.25.57.jar;C:\Users\Lorenzon\.m2\repository\org\apache\httpcomponents\httpclient\4.5.13\httpclient-4.5.13.jar;C:\Users\Lorenzon\.m2\repository\commons-logging\commons-logging\1.2\commons-logging-1.2.jar;C:\Users\Lorenzon\.m2\repository\org\apache\httpcomponents\httpcore\4.4.13\httpcore-4.4.13.jar;C:\Users\Lorenzon\.m2\repository\commons-codec\commons-codec\1.15\commons-codec-1.15.jar;C:\Users\Lorenzon\.m2\repository\software\amazon\awssdk\sso\2.25.57\sso-2.25.57.jar;C:\Users\Lorenzon\.m2\repository\software\amazon\awssdk\protocol-core\2.25.57\protocol-core-2.25.57.jar;C:\Users\Lorenzon\.m2\repository\software\amazon\awssdk\aws-json-protocol\2.25.57\aws-json-protocol-2.25.57.jar;C:\Users\Lorenzon\.m2\repository\software\amazon\awssdk\aws-core\2.25.57\aws-core-2.25.57.jar;C:\Users\Lorenzon\.m2\repository\software\amazon\awssdk\endpoints-spi\2.25.57\endpoints-spi-2.25.57.jar;C:\Users\Lorenzon\.m2\repository\software\amazon\awssdk\ssooidc\2.25.57\ssooidc-2.25.57.jar;C:\Users\Lorenzon\.m2\repository\software\amazon\awssdk\third-party-jackson-core\2.25.57\third-party-jackson-core-2.25.57.jar;C:\Users\Lorenzon\.m2\repository\software\amazon\awssdk\s3-transfer-manager\2.25.57\s3-transfer-manager-2.25.57.jar;C:\Users\Lorenzon\.m2\repository\software\amazon\awssdk\arns\2.25.57\arns-2.25.57.jar;C:\Users\Lorenzon\.m2\repository\software\amazon\awssdk\secretsmanager\2.25.57\secretsmanager-2.25.57.jar;C:\Users\Lorenzon\.m2\repository\software\amazon\awssdk\s3control\2.25.57\s3control-2.25.57.jar;C:\Users\Lorenzon\.m2\repository\software\amazon\awssdk\aws-xml-protocol\2.25.57\aws-xml-protocol-2.25.57.jar;C:\Users\Lorenzon\.m2\repository\org\junit\jupiter\junit-jupiter-api\5.8.2\junit-jupiter-api-5.8.2.jar;C:\Users\Lorenzon\.m2\repository\org\opentest4j\opentest4j\1.2.0\opentest4j-1.2.0.jar;C:\Users\Lorenzon\.m2\repository\org\junit\platform\junit-platform-commons\1.8.2\junit-platform-commons-1.8.2.jar;C:\Users\Lorenzon\.m2\repository\org\apiguardian\apiguardian-api\1.1.2\apiguardian-api-1.1.2.jar;C:\Users\Lorenzon\.m2\repository\org\junit\jupiter\junit-jupiter-engine\5.8.2\junit-jupiter-engine-5.8.2.jar;C:\Users\Lorenzon\.m2\repository\org\junit\platform\junit-platform-engine\1.8.2\junit-platform-engine-1.8.2.jar;C:\Users\Lorenzon\.m2\repository\software\amazon\awssdk\netty-nio-client\2.25.57\netty-nio-client-2.25.57.jar;C:\Users\Lorenzon\.m2\repository\io\netty\netty-codec-http\4.1.108.Final\netty-codec-http-4.1.108.Final.jar;C:\Users\Lorenzon\.m2\repository\io\netty\netty-codec-http2\4.1.108.Final\netty-codec-http2-4.1.108.Final.jar;C:\Users\Lorenzon\.m2\repository\io\netty\netty-codec\4.1.108.Final\netty-codec-4.1.108.Final.jar;C:\Users\Lorenzon\.m2\repository\io\netty\netty-transport\4.1.108.Final\netty-transport-4.1.108.Final.jar;C:\Users\Lorenzon\.m2\repository\io\netty\netty-common\4.1.108.Final\netty-common-4.1.108.Final.jar;C:\Users\Lorenzon\.m2\repository\io\netty\netty-buffer\4.1.108.Final\netty-buffer-4.1.108.Final.jar;C:\Users\Lorenzon\.m2\repository\io\netty\netty-handler\4.1.108.Final\netty-handler-4.1.108.Final.jar;C:\Users\Lorenzon\.m2\repository\io\netty\netty-transport-native-unix-common\4.1.108.Final\netty-transport-native-unix-common-4.1.108.Final.jar;C:\Users\Lorenzon\.m2\repository\io\netty\netty-transport-classes-epoll\4.1.108.Final\netty-transport-classes-epoll-4.1.108.Final.jar;C:\Users\Lorenzon\.m2\repository\io\netty\netty-resolver\4.1.108.Final\netty-resolver-4.1.108.Final.jar;C:\Users\Lorenzon\.m2\repository\org\reactivestreams\reactive-streams\1.0.4\reactive-streams-1.0.4.jar;C:\Users\Lorenzon\.m2\repository\software\amazon\awssdk\sts\2.25.57\sts-2.25.57.jar;C:\Users\Lorenzon\.m2\repository\software\amazon\awssdk\aws-query-protocol\2.25.57\aws-query-protocol-2.25.57.jar;C:\Users\Lorenzon\.m2\repository\software\amazon\awssdk\s3\2.25.57\s3-2.25.57.jar;C:\Users\Lorenzon\.m2\repository\software\amazon\awssdk\crt-core\2.25.57\crt-core-2.25.57.jar;C:\Users\Lorenzon\.m2\repository\software\amazon\awssdk\checksums\2.25.57\checksums-2.25.57.jar;C:\Users\Lorenzon\.m2\repository\software\amazon\awssdk\checksums-spi\2.25.57\checksums-spi-2.25.57.jar;"/>
    <property name="sun.cpu.endian" value="little"/>
    <property name="user.home" value="C:\Users\Lorenzon"/>
    <property name="user.language" value="it"/>
    <property name="java.specification.vendor" value="Oracle Corporation"/>
    <property name="java.version.date" value="2024-04-16"/>
    <property name="java.home" value="C:\Program Files\Java\jdk-22"/>
    <property name="file.separator" value="\"/>
    <property name="basedir" value="C:\Users\Lorenzon\IdeaProjects\progettoedids\ASCIIgame"/>
    <property name="java.vm.compressedOopsMode" value="Zero based"/>
    <property name="line.separator" value="&#10;"/>
    <property name="java.vm.specification.vendor" value="Oracle Corporation"/>
    <property name="java.specification.name" value="Java Platform API Specification"/>
    <property name="surefire.real.class.path" value="C:\Users\Lorenzon\AppData\Local\Temp\surefire10791910124062324230\surefirebooter-20240628153322901_3.jar"/>
    <property name="user.script" value=""/>
    <property name="sun.management.compiler" value="HotSpot 64-Bit Tiered Compilers"/>
    <property name="java.runtime.version" value="22.0.1+8-16"/>
    <property name="user.name" value="Lorenzon"/>
    <property name="stdout.encoding" value="Cp1252"/>
    <property name="path.separator" value=";"/>
    <property name="os.version" value="10.0"/>
    <property name="java.runtime.name" value="Java(TM) SE Runtime Environment"/>
    <property name="file.encoding" value="UTF-8"/>
    <property name="java.vm.name" value="Java HotSpot(TM) 64-Bit Server VM"/>
    <property name="localRepository" value="C:\Users\Lorenzon\.m2\repository"/>
    <property name="java.vendor.url.bug" value="https://bugreport.java.com/bugreport/"/>
    <property name="java.io.tmpdir" value="C:\Users\Lorenzon\AppData\Local\Temp\"/>
    <property name="java.version" value="22.0.1"/>
    <property name="user.dir" value="C:\Users\Lorenzon\IdeaProjects\progettoedids\ASCIIgame"/>
    <property name="os.arch" value="amd64"/>
    <property name="java.vm.specification.name" value="Java Virtual Machine Specification"/>
    <property name="sun.os.patch.level" value=""/>
    <property name="native.encoding" value="Cp1252"/>
    <property name="java.library.path" value="C:\Program Files\Java\jdk-22\bin;C:\WINDOWS\Sun\Java\bin;C:\WINDOWS\system32;C:\WINDOWS;C:\Program Files\Common Files\Oracle\Java\javapath;C:\WINDOWS\system32;C:\WINDOWS;C:\WINDOWS\System32\Wbem;C:\WINDOWS\System32\WindowsPowerShell\v1.0\;C:\WINDOWS\System32\OpenSSH\;C:\Program Files\Git\cmd;C:\Users\Lorenzon\AppData\Local\Programs\Python\Python312\Scripts\;C:\Users\Lorenzon\AppData\Local\Programs\Python\Python312\;C:\Users\Lorenzon\AppData\Local\Microsoft\WindowsApps;C:\Users\Lorenzon\AppData\Local\Programs\Microsoft VS Code\bin;C:\msys64\mingw64\bin;C:\Program Files\CMake\bin;C:\Program Files\Git\cmd;C:\Program Files\Spice64\bin;C:\VSARM\armcc\bin;C:\msys64\mingw32\bin;C:\MinGW\bin;C:\Program Files\JetBrains\IntelliJ IDEA 2024.1.3\bin;;C:\apache-maven-3.9.8\bin;;."/>
    <property name="java.vm.info" value="mixed mode, sharing"/>
    <property name="stderr.encoding" value="Cp1252"/>
    <property name="java.vendor" value="Oracle Corporation"/>
    <property name="java.vm.version" value="22.0.1+8-16"/>
    <property name="sun.io.unicode.encoding" value="UnicodeLittle"/>
    <property name="java.class.version" value="66.0"/>
  </properties>
  <testcase name="testDownloadFailure" classname="com.cloud.CloudUploaderTest" time="1.829">
    <system-out><![CDATA[15:33:24.957 [main] DEBUG software.amazon.awssdk.core.internal.http.loader.ClasspathSdkHttpServiceProvider - The HTTP implementation loaded is software.amazon.awssdk.http.apache.ApacheSdkHttpService@4c5474f5
15:33:25.668 [main] DEBUG software.amazon.awssdk.core.interceptor.ExecutionInterceptorChain - Creating an interceptor chain that will apply interceptors in the following order: [software.amazon.awssdk.core.internal.interceptor.HttpChecksumValidationInterceptor@1efdcd5, software.amazon.awssdk.awscore.interceptor.HelpfulUnknownHostExceptionInterceptor@1623bbe5, software.amazon.awssdk.awscore.eventstream.EventStreamInitialRequestInterceptor@7af1cd63, software.amazon.awssdk.awscore.interceptor.TraceIdExecutionInterceptor@4351171a, software.amazon.awssdk.services.s3.auth.scheme.internal.S3AuthSchemeInterceptor@3c2772d1, software.amazon.awssdk.services.s3.endpoints.internal.S3ResolveEndpointInterceptor@37d00a23, software.amazon.awssdk.services.s3.endpoints.internal.S3RequestSetEndpointInterceptor@433e536f, software.amazon.awssdk.services.s3.internal.handlers.StreamingRequestInterceptor@89c65d5, software.amazon.awssdk.services.s3.internal.handlers.CreateBucketInterceptor@faa3fed, software.amazon.awssdk.services.s3.internal.handlers.CreateMultipartUploadRequestInterceptor@381cad29, software.amazon.awssdk.services.s3.internal.handlers.DecodeUrlEncodedResponseInterceptor@988246e, software.amazon.awssdk.services.s3.internal.handlers.GetBucketPolicyInterceptor@62515a47, software.amazon.awssdk.services.s3.internal.handlers.S3ExpressChecksumInterceptor@3c5a54b7, software.amazon.awssdk.services.s3.internal.handlers.AsyncChecksumValidationInterceptor@61f2c3f0, software.amazon.awssdk.services.s3.internal.handlers.SyncChecksumValidationInterceptor@291120f4, software.amazon.awssdk.services.s3.internal.handlers.EnableTrailingChecksumInterceptor@417ad4f3, software.amazon.awssdk.services.s3.internal.handlers.ExceptionTranslationInterceptor@2f6bcf87, software.amazon.awssdk.services.s3.internal.handlers.GetObjectInterceptor@58f174d9, software.amazon.awssdk.services.s3.internal.handlers.CopySourceInterceptor@78c7f9b3, software.amazon.awssdk.services.s3.internal.handlers.ObjectMetadataInterceptor@6f8d7714, software.amazon.awssdk.transfer.s3.internal.ApplyUserAgentInterceptor@1e6b9a95]
15:33:25.779 [main] DEBUG software.amazon.awssdk.auth.credentials.AwsCredentialsProviderChain - Unable to load credentials from SystemPropertyCredentialsProvider(): Unable to load credentials from system settings. Access key must be specified either via environment variable (AWS_ACCESS_KEY_ID) or system property (aws.accessKeyId).
software.amazon.awssdk.core.exception.SdkClientException: Unable to load credentials from system settings. Access key must be specified either via environment variable (AWS_ACCESS_KEY_ID) or system property (aws.accessKeyId).
	at software.amazon.awssdk.core.exception.SdkClientException$BuilderImpl.build(SdkClientException.java:111)
	at software.amazon.awssdk.auth.credentials.internal.SystemSettingsCredentialsProvider.resolveCredentials(SystemSettingsCredentialsProvider.java:60)
	at software.amazon.awssdk.auth.credentials.AwsCredentialsProvider.resolveIdentity(AwsCredentialsProvider.java:54)
	at software.amazon.awssdk.identity.spi.IdentityProvider.resolveIdentity(IdentityProvider.java:60)
	at software.amazon.awssdk.auth.credentials.AwsCredentialsProviderChain.resolveCredentials(AwsCredentialsProviderChain.java:109)
	at software.amazon.awssdk.auth.credentials.internal.LazyAwsCredentialsProvider.resolveCredentials(LazyAwsCredentialsProvider.java:45)
	at software.amazon.awssdk.auth.credentials.DefaultCredentialsProvider.resolveCredentials(DefaultCredentialsProvider.java:129)
	at software.amazon.awssdk.auth.credentials.AwsCredentialsProvider.resolveIdentity(AwsCredentialsProvider.java:54)
	at software.amazon.awssdk.services.s3.auth.scheme.internal.S3AuthSchemeInterceptor.lambda$trySelectAuthScheme$4(S3AuthSchemeInterceptor.java:162)
	at software.amazon.awssdk.core.internal.util.MetricUtils.reportDuration(MetricUtils.java:77)
	at software.amazon.awssdk.services.s3.auth.scheme.internal.S3AuthSchemeInterceptor.trySelectAuthScheme(S3AuthSchemeInterceptor.java:162)
	at software.amazon.awssdk.services.s3.auth.scheme.internal.S3AuthSchemeInterceptor.selectAuthScheme(S3AuthSchemeInterceptor.java:84)
	at software.amazon.awssdk.services.s3.auth.scheme.internal.S3AuthSchemeInterceptor.beforeExecution(S3AuthSchemeInterceptor.java:64)
	at software.amazon.awssdk.core.interceptor.ExecutionInterceptorChain.lambda$beforeExecution$1(ExecutionInterceptorChain.java:59)
	at java.base/java.util.ArrayList.forEach(ArrayList.java:1597)
	at software.amazon.awssdk.core.interceptor.ExecutionInterceptorChain.beforeExecution(ExecutionInterceptorChain.java:59)
	at software.amazon.awssdk.awscore.internal.AwsExecutionContextBuilder.runInitialInterceptors(AwsExecutionContextBuilder.java:241)
	at software.amazon.awssdk.awscore.internal.AwsExecutionContextBuilder.invokeInterceptorsAndCreateExecutionContext(AwsExecutionContextBuilder.java:132)
	at software.amazon.awssdk.awscore.client.handler.AwsSyncClientHandler.invokeInterceptorsAndCreateExecutionContext(AwsSyncClientHandler.java:67)
	at software.amazon.awssdk.core.internal.handler.BaseSyncClientHandler.lambda$execute$0(BaseSyncClientHandler.java:62)
	at software.amazon.awssdk.core.internal.handler.BaseSyncClientHandler.measureApiCallSuccess(BaseSyncClientHandler.java:182)
	at software.amazon.awssdk.core.internal.handler.BaseSyncClientHandler.execute(BaseSyncClientHandler.java:60)
	at software.amazon.awssdk.core.client.handler.SdkSyncClientHandler.execute(SdkSyncClientHandler.java:52)
	at software.amazon.awssdk.awscore.client.handler.AwsSyncClientHandler.execute(AwsSyncClientHandler.java:60)
	at software.amazon.awssdk.services.s3.DefaultS3Client.getObject(DefaultS3Client.java:5203)
	at software.amazon.awssdk.services.s3.S3Client.getObjectAsBytes(S3Client.java:9542)
	at com.cloud.CloudUploaderTest$2.download(CloudUploaderTest.java:104)
	at com.cloud.CloudUploaderTest.testDownloadFailure(CloudUploaderTest.java:116)
	at java.base/jdk.internal.reflect.DirectMethodHandleAccessor.invoke(DirectMethodHandleAccessor.java:103)
	at java.base/java.lang.reflect.Method.invoke(Method.java:580)
	at org.junit.platform.commons.util.ReflectionUtils.invokeMethod(ReflectionUtils.java:725)
	at org.junit.jupiter.engine.execution.MethodInvocation.proceed(MethodInvocation.java:60)
	at org.junit.jupiter.engine.execution.InvocationInterceptorChain$ValidatingInvocation.proceed(InvocationInterceptorChain.java:131)
	at org.junit.jupiter.engine.extension.TimeoutExtension.intercept(TimeoutExtension.java:149)
	at org.junit.jupiter.engine.extension.TimeoutExtension.interceptTestableMethod(TimeoutExtension.java:140)
	at org.junit.jupiter.engine.extension.TimeoutExtension.interceptTestMethod(TimeoutExtension.java:84)
	at org.junit.jupiter.engine.execution.ExecutableInvoker$ReflectiveInterceptorCall.lambda$ofVoidMethod$0(ExecutableInvoker.java:115)
	at org.junit.jupiter.engine.execution.ExecutableInvoker.lambda$invoke$0(ExecutableInvoker.java:105)
	at org.junit.jupiter.engine.execution.InvocationInterceptorChain$InterceptedInvocation.proceed(InvocationInterceptorChain.java:106)
	at org.junit.jupiter.engine.execution.InvocationInterceptorChain.proceed(InvocationInterceptorChain.java:64)
	at org.junit.jupiter.engine.execution.InvocationInterceptorChain.chainAndInvoke(InvocationInterceptorChain.java:45)
	at org.junit.jupiter.engine.execution.InvocationInterceptorChain.invoke(InvocationInterceptorChain.java:37)
	at org.junit.jupiter.engine.execution.ExecutableInvoker.invoke(ExecutableInvoker.java:104)
	at org.junit.jupiter.engine.execution.ExecutableInvoker.invoke(ExecutableInvoker.java:98)
	at org.junit.jupiter.engine.descriptor.TestMethodTestDescriptor.lambda$invokeTestMethod$7(TestMethodTestDescriptor.java:214)
	at org.junit.platform.engine.support.hierarchical.ThrowableCollector.execute(ThrowableCollector.java:73)
	at org.junit.jupiter.engine.descriptor.TestMethodTestDescriptor.invokeTestMethod(TestMethodTestDescriptor.java:210)
	at org.junit.jupiter.engine.descriptor.TestMethodTestDescriptor.execute(TestMethodTestDescriptor.java:135)
	at org.junit.jupiter.engine.descriptor.TestMethodTestDescriptor.execute(TestMethodTestDescriptor.java:66)
	at org.junit.platform.engine.support.hierarchical.NodeTestTask.lambda$executeRecursively$6(NodeTestTask.java:151)
	at org.junit.platform.engine.support.hierarchical.ThrowableCollector.execute(ThrowableCollector.java:73)
	at org.junit.platform.engine.support.hierarchical.NodeTestTask.lambda$executeRecursively$8(NodeTestTask.java:141)
	at org.junit.platform.engine.support.hierarchical.Node.around(Node.java:137)
	at org.junit.platform.engine.support.hierarchical.NodeTestTask.lambda$executeRecursively$9(NodeTestTask.java:139)
	at org.junit.platform.engine.support.hierarchical.ThrowableCollector.execute(ThrowableCollector.java:73)
	at org.junit.platform.engine.support.hierarchical.NodeTestTask.executeRecursively(NodeTestTask.java:138)
	at org.junit.platform.engine.support.hierarchical.NodeTestTask.execute(NodeTestTask.java:95)
	at java.base/java.util.ArrayList.forEach(ArrayList.java:1597)
	at org.junit.platform.engine.support.hierarchical.SameThreadHierarchicalTestExecutorService.invokeAll(SameThreadHierarchicalTestExecutorService.java:41)
	at org.junit.platform.engine.support.hierarchical.NodeTestTask.lambda$executeRecursively$6(NodeTestTask.java:155)
	at org.junit.platform.engine.support.hierarchical.ThrowableCollector.execute(ThrowableCollector.java:73)
	at org.junit.platform.engine.support.hierarchical.NodeTestTask.lambda$executeRecursively$8(NodeTestTask.java:141)
	at org.junit.platform.engine.support.hierarchical.Node.around(Node.java:137)
	at org.junit.platform.engine.support.hierarchical.NodeTestTask.lambda$executeRecursively$9(NodeTestTask.java:139)
	at org.junit.platform.engine.support.hierarchical.ThrowableCollector.execute(ThrowableCollector.java:73)
	at org.junit.platform.engine.support.hierarchical.NodeTestTask.executeRecursively(NodeTestTask.java:138)
	at org.junit.platform.engine.support.hierarchical.NodeTestTask.execute(NodeTestTask.java:95)
	at java.base/java.util.ArrayList.forEach(ArrayList.java:1597)
	at org.junit.platform.engine.support.hierarchical.SameThreadHierarchicalTestExecutorService.invokeAll(SameThreadHierarchicalTestExecutorService.java:41)
	at org.junit.platform.engine.support.hierarchical.NodeTestTask.lambda$executeRecursively$6(NodeTestTask.java:155)
	at org.junit.platform.engine.support.hierarchical.ThrowableCollector.execute(ThrowableCollector.java:73)
	at org.junit.platform.engine.support.hierarchical.NodeTestTask.lambda$executeRecursively$8(NodeTestTask.java:141)
	at org.junit.platform.engine.support.hierarchical.Node.around(Node.java:137)
	at org.junit.platform.engine.support.hierarchical.NodeTestTask.lambda$executeRecursively$9(NodeTestTask.java:139)
	at org.junit.platform.engine.support.hierarchical.ThrowableCollector.execute(ThrowableCollector.java:73)
	at org.junit.platform.engine.support.hierarchical.NodeTestTask.executeRecursively(NodeTestTask.java:138)
	at org.junit.platform.engine.support.hierarchical.NodeTestTask.execute(NodeTestTask.java:95)
	at org.junit.platform.engine.support.hierarchical.SameThreadHierarchicalTestExecutorService.submit(SameThreadHierarchicalTestExecutorService.java:35)
	at org.junit.platform.engine.support.hierarchical.HierarchicalTestExecutor.execute(HierarchicalTestExecutor.java:57)
	at org.junit.platform.engine.support.hierarchical.HierarchicalTestEngine.execute(HierarchicalTestEngine.java:54)
	at org.junit.platform.launcher.core.EngineExecutionOrchestrator.execute(EngineExecutionOrchestrator.java:107)
	at org.junit.platform.launcher.core.EngineExecutionOrchestrator.execute(EngineExecutionOrchestrator.java:88)
	at org.junit.platform.launcher.core.EngineExecutionOrchestrator.lambda$execute$0(EngineExecutionOrchestrator.java:54)
	at org.junit.platform.launcher.core.EngineExecutionOrchestrator.withInterceptedStreams(EngineExecutionOrchestrator.java:67)
	at org.junit.platform.launcher.core.EngineExecutionOrchestrator.execute(EngineExecutionOrchestrator.java:52)
	at org.junit.platform.launcher.core.DefaultLauncher.execute(DefaultLauncher.java:114)
	at org.junit.platform.launcher.core.DefaultLauncher.execute(DefaultLauncher.java:86)
	at org.junit.platform.launcher.core.DefaultLauncherSession$DelegatingLauncher.execute(DefaultLauncherSession.java:86)
	at org.apache.maven.surefire.junitplatform.LazyLauncher.execute(LazyLauncher.java:56)
	at org.apache.maven.surefire.junitplatform.JUnitPlatformProvider.execute(JUnitPlatformProvider.java:184)
	at org.apache.maven.surefire.junitplatform.JUnitPlatformProvider.invokeAllTests(JUnitPlatformProvider.java:148)
	at org.apache.maven.surefire.junitplatform.JUnitPlatformProvider.invoke(JUnitPlatformProvider.java:122)
	at org.apache.maven.surefire.booter.ForkedBooter.runSuitesInProcess(ForkedBooter.java:385)
	at org.apache.maven.surefire.booter.ForkedBooter.execute(ForkedBooter.java:162)
	at org.apache.maven.surefire.booter.ForkedBooter.run(ForkedBooter.java:507)
	at org.apache.maven.surefire.booter.ForkedBooter.main(ForkedBooter.java:495)
15:33:25.779 [main] DEBUG software.amazon.awssdk.auth.credentials.AwsCredentialsProviderChain - Loading credentials from EnvironmentVariableCredentialsProvider()
15:33:25.794 [main] DEBUG software.amazon.awssdk.core.interceptor.ExecutionInterceptorChain - Interceptor 'software.amazon.awssdk.transfer.s3.internal.ApplyUserAgentInterceptor@1e6b9a95' modified the message with its modifyRequest method.
15:33:25.826 [main] DEBUG software.amazon.awssdk.core.interceptor.ExecutionInterceptorChain - Interceptor 'software.amazon.awssdk.services.s3.endpoints.internal.S3RequestSetEndpointInterceptor@433e536f' modified the message with its modifyHttpRequest method.
15:33:25.826 [main] DEBUG software.amazon.awssdk.core.interceptor.ExecutionInterceptorChain - Interceptor 'software.amazon.awssdk.services.s3.internal.handlers.EnableTrailingChecksumInterceptor@417ad4f3' modified the message with its modifyHttpRequest method.
15:33:25.874 [main] DEBUG software.amazon.awssdk.request - Sending Request: DefaultSdkHttpFullRequest(httpMethod=GET, protocol=https, host=invalid-bucket-name.s3.eu-north-1.amazonaws.com, encodedPath=/cc, headers=[amz-sdk-invocation-id, User-Agent, x-amz-te], queryParameters=[])
15:33:25.874 [main] DEBUG software.amazon.awssdk.core.internal.http.pipeline.stages.SigningStage - Using SelectedAuthScheme: aws.auth#sigv4
15:33:25.906 [main] DEBUG software.amazon.awssdk.http.auth.aws.internal.signer.DefaultV4RequestSigner - AWS4 Canonical Request: GET
/cc

amz-sdk-invocation-id:66418773-d2ba-3395-6736-30b54283e71e
amz-sdk-request:attempt=1; max=4
host:invalid-bucket-name.s3.eu-north-1.amazonaws.com
x-amz-content-sha256:UNSIGNED-PAYLOAD
x-amz-date:20240628T133325Z
x-amz-te:append-md5

amz-sdk-invocation-id;amz-sdk-request;host;x-amz-content-sha256;x-amz-date;x-amz-te
UNSIGNED-PAYLOAD
15:33:25.906 [main] DEBUG software.amazon.awssdk.http.auth.aws.internal.signer.DefaultV4RequestSigner - AWS4 Canonical Request Hash: cf117cac43ebd5668c39829d84179a593940375ced3b72febf7e030c08277db7
15:33:25.906 [main] DEBUG software.amazon.awssdk.http.auth.aws.internal.signer.DefaultV4RequestSigner - AWS4 String to sign: AWS4-HMAC-SHA256
20240628T133325Z
20240628/eu-north-1/s3/aws4_request
cf117cac43ebd5668c39829d84179a593940375ced3b72febf7e030c08277db7
15:33:26.473 [main] DEBUG software.amazon.awssdk.http.apache.internal.conn.SdkTlsSocketFactory - socket.getSupportedProtocols(): [TLSv1.3, TLSv1.2, TLSv1.1, TLSv1, SSLv3, SSLv2Hello], socket.getEnabledProtocols(): [TLSv1.3, TLSv1.2]
15:33:27.212 [main] DEBUG software.amazon.awssdk.http.apache.internal.net.SdkSslSocket - created: invalid-bucket-name.s3.eu-north-1.amazonaws.com/3.5.218.62:443
15:33:27.322 [main] DEBUG software.amazon.awssdk.requestId - Received failed response: 301, Request ID: B78PKN1CZSBEXPZ9, Extended Request ID: ji3yM9S3eh2d1HQNXyMHuosz6LBYX3QuibKI7rI5MThUlx7harPS+SMOxSpNfVBOzzdF3pcqE/WQ2dtsKZFtvQXnQcsocsSB
15:33:27.322 [main] DEBUG software.amazon.awssdk.request - Received failed response: 301, Request ID: B78PKN1CZSBEXPZ9, Extended Request ID: ji3yM9S3eh2d1HQNXyMHuosz6LBYX3QuibKI7rI5MThUlx7harPS+SMOxSpNfVBOzzdF3pcqE/WQ2dtsKZFtvQXnQcsocsSB
]]></system-out>
    <system-err><![CDATA[software.amazon.awssdk.services.s3.model.S3Exception: The bucket you are attempting to access must be addressed using the specified endpoint. Please send all future requests to this endpoint. (Service: S3, Status Code: 301, Request ID: B78PKN1CZSBEXPZ9, Extended Request ID: ji3yM9S3eh2d1HQNXyMHuosz6LBYX3QuibKI7rI5MThUlx7harPS+SMOxSpNfVBOzzdF3pcqE/WQ2dtsKZFtvQXnQcsocsSB)
	at software.amazon.awssdk.core.internal.http.CombinedResponseHandler.handleErrorResponse(CombinedResponseHandler.java:125)
	at software.amazon.awssdk.core.internal.http.CombinedResponseHandler.handleResponse(CombinedResponseHandler.java:82)
	at software.amazon.awssdk.core.internal.http.CombinedResponseHandler.handle(CombinedResponseHandler.java:60)
	at software.amazon.awssdk.core.internal.http.CombinedResponseHandler.handle(CombinedResponseHandler.java:41)
	at software.amazon.awssdk.core.internal.http.pipeline.stages.HandleResponseStage.execute(HandleResponseStage.java:50)
	at software.amazon.awssdk.core.internal.http.pipeline.stages.HandleResponseStage.execute(HandleResponseStage.java:38)
	at software.amazon.awssdk.core.internal.http.pipeline.RequestPipelineBuilder$ComposingRequestPipelineStage.execute(RequestPipelineBuilder.java:206)
	at software.amazon.awssdk.core.internal.http.pipeline.stages.ApiCallAttemptTimeoutTrackingStage.execute(ApiCallAttemptTimeoutTrackingStage.java:72)
	at software.amazon.awssdk.core.internal.http.pipeline.stages.ApiCallAttemptTimeoutTrackingStage.execute(ApiCallAttemptTimeoutTrackingStage.java:42)
	at software.amazon.awssdk.core.internal.http.pipeline.stages.TimeoutExceptionHandlingStage.execute(TimeoutExceptionHandlingStage.java:78)
	at software.amazon.awssdk.core.internal.http.pipeline.stages.TimeoutExceptionHandlingStage.execute(TimeoutExceptionHandlingStage.java:40)
	at software.amazon.awssdk.core.internal.http.pipeline.stages.ApiCallAttemptMetricCollectionStage.execute(ApiCallAttemptMetricCollectionStage.java:55)
	at software.amazon.awssdk.core.internal.http.pipeline.stages.ApiCallAttemptMetricCollectionStage.execute(ApiCallAttemptMetricCollectionStage.java:39)
	at software.amazon.awssdk.core.internal.http.pipeline.stages.RetryableStage.execute(RetryableStage.java:81)
	at software.amazon.awssdk.core.internal.http.pipeline.stages.RetryableStage.execute(RetryableStage.java:36)
	at software.amazon.awssdk.core.internal.http.pipeline.RequestPipelineBuilder$ComposingRequestPipelineStage.execute(RequestPipelineBuilder.java:206)
	at software.amazon.awssdk.core.internal.http.StreamManagingStage.execute(StreamManagingStage.java:56)
	at software.amazon.awssdk.core.internal.http.StreamManagingStage.execute(StreamManagingStage.java:36)
	at software.amazon.awssdk.core.internal.http.pipeline.stages.ApiCallTimeoutTrackingStage.executeWithTimer(ApiCallTimeoutTrackingStage.java:80)
	at software.amazon.awssdk.core.internal.http.pipeline.stages.ApiCallTimeoutTrackingStage.execute(ApiCallTimeoutTrackingStage.java:60)
	at software.amazon.awssdk.core.internal.http.pipeline.stages.ApiCallTimeoutTrackingStage.execute(ApiCallTimeoutTrackingStage.java:42)
	at software.amazon.awssdk.core.internal.http.pipeline.stages.ApiCallMetricCollectionStage.execute(ApiCallMetricCollectionStage.java:50)
	at software.amazon.awssdk.core.internal.http.pipeline.stages.ApiCallMetricCollectionStage.execute(ApiCallMetricCollectionStage.java:32)
	at software.amazon.awssdk.core.internal.http.pipeline.RequestPipelineBuilder$ComposingRequestPipelineStage.execute(RequestPipelineBuilder.java:206)
	at software.amazon.awssdk.core.internal.http.pipeline.RequestPipelineBuilder$ComposingRequestPipelineStage.execute(RequestPipelineBuilder.java:206)
	at software.amazon.awssdk.core.internal.http.pipeline.stages.ExecutionFailureExceptionReportingStage.execute(ExecutionFailureExceptionReportingStage.java:37)
	at software.amazon.awssdk.core.internal.http.pipeline.stages.ExecutionFailureExceptionReportingStage.execute(ExecutionFailureExceptionReportingStage.java:26)
	at software.amazon.awssdk.core.internal.http.AmazonSyncHttpClient$RequestExecutionBuilderImpl.execute(AmazonSyncHttpClient.java:224)
	at software.amazon.awssdk.core.internal.handler.BaseSyncClientHandler.invoke(BaseSyncClientHandler.java:103)
	at software.amazon.awssdk.core.internal.handler.BaseSyncClientHandler.doExecute(BaseSyncClientHandler.java:173)
	at software.amazon.awssdk.core.internal.handler.BaseSyncClientHandler.lambda$execute$0(BaseSyncClientHandler.java:66)
	at software.amazon.awssdk.core.internal.handler.BaseSyncClientHandler.measureApiCallSuccess(BaseSyncClientHandler.java:182)
	at software.amazon.awssdk.core.internal.handler.BaseSyncClientHandler.execute(BaseSyncClientHandler.java:60)
	at software.amazon.awssdk.core.client.handler.SdkSyncClientHandler.execute(SdkSyncClientHandler.java:52)
	at software.amazon.awssdk.awscore.client.handler.AwsSyncClientHandler.execute(AwsSyncClientHandler.java:60)
	at software.amazon.awssdk.services.s3.DefaultS3Client.getObject(DefaultS3Client.java:5203)
	at software.amazon.awssdk.services.s3.S3Client.getObjectAsBytes(S3Client.java:9542)
	at com.cloud.CloudUploaderTest$2.download(CloudUploaderTest.java:104)
	at com.cloud.CloudUploaderTest.testDownloadFailure(CloudUploaderTest.java:116)
	at java.base/jdk.internal.reflect.DirectMethodHandleAccessor.invoke(DirectMethodHandleAccessor.java:103)
	at java.base/java.lang.reflect.Method.invoke(Method.java:580)
	at org.junit.platform.commons.util.ReflectionUtils.invokeMethod(ReflectionUtils.java:725)
	at org.junit.jupiter.engine.execution.MethodInvocation.proceed(MethodInvocation.java:60)
	at org.junit.jupiter.engine.execution.InvocationInterceptorChain$ValidatingInvocation.proceed(InvocationInterceptorChain.java:131)
	at org.junit.jupiter.engine.extension.TimeoutExtension.intercept(TimeoutExtension.java:149)
	at org.junit.jupiter.engine.extension.TimeoutExtension.interceptTestableMethod(TimeoutExtension.java:140)
	at org.junit.jupiter.engine.extension.TimeoutExtension.interceptTestMethod(TimeoutExtension.java:84)
	at org.junit.jupiter.engine.execution.ExecutableInvoker$ReflectiveInterceptorCall.lambda$ofVoidMethod$0(ExecutableInvoker.java:115)
	at org.junit.jupiter.engine.execution.ExecutableInvoker.lambda$invoke$0(ExecutableInvoker.java:105)
	at org.junit.jupiter.engine.execution.InvocationInterceptorChain$InterceptedInvocation.proceed(InvocationInterceptorChain.java:106)
	at org.junit.jupiter.engine.execution.InvocationInterceptorChain.proceed(InvocationInterceptorChain.java:64)
	at org.junit.jupiter.engine.execution.InvocationInterceptorChain.chainAndInvoke(InvocationInterceptorChain.java:45)
	at org.junit.jupiter.engine.execution.InvocationInterceptorChain.invoke(InvocationInterceptorChain.java:37)
	at org.junit.jupiter.engine.execution.ExecutableInvoker.invoke(ExecutableInvoker.java:104)
	at org.junit.jupiter.engine.execution.ExecutableInvoker.invoke(ExecutableInvoker.java:98)
	at org.junit.jupiter.engine.descriptor.TestMethodTestDescriptor.lambda$invokeTestMethod$7(TestMethodTestDescriptor.java:214)
	at org.junit.platform.engine.support.hierarchical.ThrowableCollector.execute(ThrowableCollector.java:73)
	at org.junit.jupiter.engine.descriptor.TestMethodTestDescriptor.invokeTestMethod(TestMethodTestDescriptor.java:210)
	at org.junit.jupiter.engine.descriptor.TestMethodTestDescriptor.execute(TestMethodTestDescriptor.java:135)
	at org.junit.jupiter.engine.descriptor.TestMethodTestDescriptor.execute(TestMethodTestDescriptor.java:66)
	at org.junit.platform.engine.support.hierarchical.NodeTestTask.lambda$executeRecursively$6(NodeTestTask.java:151)
	at org.junit.platform.engine.support.hierarchical.ThrowableCollector.execute(ThrowableCollector.java:73)
	at org.junit.platform.engine.support.hierarchical.NodeTestTask.lambda$executeRecursively$8(NodeTestTask.java:141)
	at org.junit.platform.engine.support.hierarchical.Node.around(Node.java:137)
	at org.junit.platform.engine.support.hierarchical.NodeTestTask.lambda$executeRecursively$9(NodeTestTask.java:139)
	at org.junit.platform.engine.support.hierarchical.ThrowableCollector.execute(ThrowableCollector.java:73)
	at org.junit.platform.engine.support.hierarchical.NodeTestTask.executeRecursively(NodeTestTask.java:138)
	at org.junit.platform.engine.support.hierarchical.NodeTestTask.execute(NodeTestTask.java:95)
	at java.base/java.util.ArrayList.forEach(ArrayList.java:1597)
	at org.junit.platform.engine.support.hierarchical.SameThreadHierarchicalTestExecutorService.invokeAll(SameThreadHierarchicalTestExecutorService.java:41)
	at org.junit.platform.engine.support.hierarchical.NodeTestTask.lambda$executeRecursively$6(NodeTestTask.java:155)
	at org.junit.platform.engine.support.hierarchical.ThrowableCollector.execute(ThrowableCollector.java:73)
	at org.junit.platform.engine.support.hierarchical.NodeTestTask.lambda$executeRecursively$8(NodeTestTask.java:141)
	at org.junit.platform.engine.support.hierarchical.Node.around(Node.java:137)
	at org.junit.platform.engine.support.hierarchical.NodeTestTask.lambda$executeRecursively$9(NodeTestTask.java:139)
	at org.junit.platform.engine.support.hierarchical.ThrowableCollector.execute(ThrowableCollector.java:73)
	at org.junit.platform.engine.support.hierarchical.NodeTestTask.executeRecursively(NodeTestTask.java:138)
	at org.junit.platform.engine.support.hierarchical.NodeTestTask.execute(NodeTestTask.java:95)
	at java.base/java.util.ArrayList.forEach(ArrayList.java:1597)
	at org.junit.platform.engine.support.hierarchical.SameThreadHierarchicalTestExecutorService.invokeAll(SameThreadHierarchicalTestExecutorService.java:41)
	at org.junit.platform.engine.support.hierarchical.NodeTestTask.lambda$executeRecursively$6(NodeTestTask.java:155)
	at org.junit.platform.engine.support.hierarchical.ThrowableCollector.execute(ThrowableCollector.java:73)
	at org.junit.platform.engine.support.hierarchical.NodeTestTask.lambda$executeRecursively$8(NodeTestTask.java:141)
	at org.junit.platform.engine.support.hierarchical.Node.around(Node.java:137)
	at org.junit.platform.engine.support.hierarchical.NodeTestTask.lambda$executeRecursively$9(NodeTestTask.java:139)
	at org.junit.platform.engine.support.hierarchical.ThrowableCollector.execute(ThrowableCollector.java:73)
	at org.junit.platform.engine.support.hierarchical.NodeTestTask.executeRecursively(NodeTestTask.java:138)
	at org.junit.platform.engine.support.hierarchical.NodeTestTask.execute(NodeTestTask.java:95)
	at org.junit.platform.engine.support.hierarchical.SameThreadHierarchicalTestExecutorService.submit(SameThreadHierarchicalTestExecutorService.java:35)
	at org.junit.platform.engine.support.hierarchical.HierarchicalTestExecutor.execute(HierarchicalTestExecutor.java:57)
	at org.junit.platform.engine.support.hierarchical.HierarchicalTestEngine.execute(HierarchicalTestEngine.java:54)
	at org.junit.platform.launcher.core.EngineExecutionOrchestrator.execute(EngineExecutionOrchestrator.java:107)
	at org.junit.platform.launcher.core.EngineExecutionOrchestrator.execute(EngineExecutionOrchestrator.java:88)
	at org.junit.platform.launcher.core.EngineExecutionOrchestrator.lambda$execute$0(EngineExecutionOrchestrator.java:54)
	at org.junit.platform.launcher.core.EngineExecutionOrchestrator.withInterceptedStreams(EngineExecutionOrchestrator.java:67)
	at org.junit.platform.launcher.core.EngineExecutionOrchestrator.execute(EngineExecutionOrchestrator.java:52)
	at org.junit.platform.launcher.core.DefaultLauncher.execute(DefaultLauncher.java:114)
	at org.junit.platform.launcher.core.DefaultLauncher.execute(DefaultLauncher.java:86)
	at org.junit.platform.launcher.core.DefaultLauncherSession$DelegatingLauncher.execute(DefaultLauncherSession.java:86)
	at org.apache.maven.surefire.junitplatform.LazyLauncher.execute(LazyLauncher.java:56)
	at org.apache.maven.surefire.junitplatform.JUnitPlatformProvider.execute(JUnitPlatformProvider.java:184)
	at org.apache.maven.surefire.junitplatform.JUnitPlatformProvider.invokeAllTests(JUnitPlatformProvider.java:148)
	at org.apache.maven.surefire.junitplatform.JUnitPlatformProvider.invoke(JUnitPlatformProvider.java:122)
	at org.apache.maven.surefire.booter.ForkedBooter.runSuitesInProcess(ForkedBooter.java:385)
	at org.apache.maven.surefire.booter.ForkedBooter.execute(ForkedBooter.java:162)
	at org.apache.maven.surefire.booter.ForkedBooter.run(ForkedBooter.java:507)
	at org.apache.maven.surefire.booter.ForkedBooter.main(ForkedBooter.java:495)
]]></system-err>
  </testcase>
  <testcase name="testUpload" classname="com.cloud.CloudUploaderTest" time="2.301">
    <system-out><![CDATA[15:33:27.495 [main] DEBUG software.amazon.awssdk.core.interceptor.ExecutionInterceptorChain - Creating an interceptor chain that will apply interceptors in the following order: [software.amazon.awssdk.core.internal.interceptor.HttpChecksumValidationInterceptor@3e33d73e, software.amazon.awssdk.awscore.interceptor.HelpfulUnknownHostExceptionInterceptor@6981f8f3, software.amazon.awssdk.awscore.eventstream.EventStreamInitialRequestInterceptor@623dcf2a, software.amazon.awssdk.awscore.interceptor.TraceIdExecutionInterceptor@2eae4349, software.amazon.awssdk.services.s3.auth.scheme.internal.S3AuthSchemeInterceptor@e84fb85, software.amazon.awssdk.services.s3.endpoints.internal.S3ResolveEndpointInterceptor@68a4dcc6, software.amazon.awssdk.services.s3.endpoints.internal.S3RequestSetEndpointInterceptor@646c0a67, software.amazon.awssdk.services.s3.internal.handlers.StreamingRequestInterceptor@3804a9a8, software.amazon.awssdk.services.s3.internal.handlers.CreateBucketInterceptor@117525fe, software.amazon.awssdk.services.s3.internal.handlers.CreateMultipartUploadRequestInterceptor@5f7989fa, software.amazon.awssdk.services.s3.internal.handlers.DecodeUrlEncodedResponseInterceptor@5bc28f40, software.amazon.awssdk.services.s3.internal.handlers.GetBucketPolicyInterceptor@46963479, software.amazon.awssdk.services.s3.internal.handlers.S3ExpressChecksumInterceptor@7e74a380, software.amazon.awssdk.services.s3.internal.handlers.AsyncChecksumValidationInterceptor@6dd1c3ed, software.amazon.awssdk.services.s3.internal.handlers.SyncChecksumValidationInterceptor@22a6e998, software.amazon.awssdk.services.s3.internal.handlers.EnableTrailingChecksumInterceptor@55e42449, software.amazon.awssdk.services.s3.internal.handlers.ExceptionTranslationInterceptor@e57e5d6, software.amazon.awssdk.services.s3.internal.handlers.GetObjectInterceptor@6dfa915a, software.amazon.awssdk.services.s3.internal.handlers.CopySourceInterceptor@78054f54, software.amazon.awssdk.services.s3.internal.handlers.ObjectMetadataInterceptor@cb7fa71, software.amazon.awssdk.transfer.s3.internal.ApplyUserAgentInterceptor@3dffc764]
15:33:27.495 [main] DEBUG software.amazon.awssdk.auth.credentials.AwsCredentialsProviderChain - Unable to load credentials from SystemPropertyCredentialsProvider(): Unable to load credentials from system settings. Access key must be specified either via environment variable (AWS_ACCESS_KEY_ID) or system property (aws.accessKeyId).
software.amazon.awssdk.core.exception.SdkClientException: Unable to load credentials from system settings. Access key must be specified either via environment variable (AWS_ACCESS_KEY_ID) or system property (aws.accessKeyId).
	at software.amazon.awssdk.core.exception.SdkClientException$BuilderImpl.build(SdkClientException.java:111)
	at software.amazon.awssdk.auth.credentials.internal.SystemSettingsCredentialsProvider.resolveCredentials(SystemSettingsCredentialsProvider.java:60)
	at software.amazon.awssdk.auth.credentials.AwsCredentialsProvider.resolveIdentity(AwsCredentialsProvider.java:54)
	at software.amazon.awssdk.identity.spi.IdentityProvider.resolveIdentity(IdentityProvider.java:60)
	at software.amazon.awssdk.auth.credentials.AwsCredentialsProviderChain.resolveCredentials(AwsCredentialsProviderChain.java:109)
	at software.amazon.awssdk.auth.credentials.internal.LazyAwsCredentialsProvider.resolveCredentials(LazyAwsCredentialsProvider.java:45)
	at software.amazon.awssdk.auth.credentials.DefaultCredentialsProvider.resolveCredentials(DefaultCredentialsProvider.java:129)
	at software.amazon.awssdk.auth.credentials.AwsCredentialsProvider.resolveIdentity(AwsCredentialsProvider.java:54)
	at software.amazon.awssdk.services.s3.auth.scheme.internal.S3AuthSchemeInterceptor.lambda$trySelectAuthScheme$4(S3AuthSchemeInterceptor.java:162)
	at software.amazon.awssdk.core.internal.util.MetricUtils.reportDuration(MetricUtils.java:77)
	at software.amazon.awssdk.services.s3.auth.scheme.internal.S3AuthSchemeInterceptor.trySelectAuthScheme(S3AuthSchemeInterceptor.java:162)
	at software.amazon.awssdk.services.s3.auth.scheme.internal.S3AuthSchemeInterceptor.selectAuthScheme(S3AuthSchemeInterceptor.java:84)
	at software.amazon.awssdk.services.s3.auth.scheme.internal.S3AuthSchemeInterceptor.beforeExecution(S3AuthSchemeInterceptor.java:64)
	at software.amazon.awssdk.core.interceptor.ExecutionInterceptorChain.lambda$beforeExecution$1(ExecutionInterceptorChain.java:59)
	at java.base/java.util.ArrayList.forEach(ArrayList.java:1597)
	at software.amazon.awssdk.core.interceptor.ExecutionInterceptorChain.beforeExecution(ExecutionInterceptorChain.java:59)
	at software.amazon.awssdk.awscore.internal.AwsExecutionContextBuilder.runInitialInterceptors(AwsExecutionContextBuilder.java:241)
	at software.amazon.awssdk.awscore.internal.AwsExecutionContextBuilder.invokeInterceptorsAndCreateExecutionContext(AwsExecutionContextBuilder.java:132)
	at software.amazon.awssdk.awscore.client.handler.AwsSyncClientHandler.invokeInterceptorsAndCreateExecutionContext(AwsSyncClientHandler.java:67)
	at software.amazon.awssdk.core.internal.handler.BaseSyncClientHandler.lambda$execute$1(BaseSyncClientHandler.java:76)
	at software.amazon.awssdk.core.internal.handler.BaseSyncClientHandler.measureApiCallSuccess(BaseSyncClientHandler.java:182)
	at software.amazon.awssdk.core.internal.handler.BaseSyncClientHandler.execute(BaseSyncClientHandler.java:74)
	at software.amazon.awssdk.core.client.handler.SdkSyncClientHandler.execute(SdkSyncClientHandler.java:45)
	at software.amazon.awssdk.awscore.client.handler.AwsSyncClientHandler.execute(AwsSyncClientHandler.java:53)
	at software.amazon.awssdk.services.s3.DefaultS3Client.putObject(DefaultS3Client.java:10220)
	at com.cloud.CloudUploader.upload(CloudUploader.java:38)
	at com.cloud.CloudUploaderTest.testUpload(CloudUploaderTest.java:32)
	at java.base/jdk.internal.reflect.DirectMethodHandleAccessor.invoke(DirectMethodHandleAccessor.java:103)
	at java.base/java.lang.reflect.Method.invoke(Method.java:580)
	at org.junit.platform.commons.util.ReflectionUtils.invokeMethod(ReflectionUtils.java:725)
	at org.junit.jupiter.engine.execution.MethodInvocation.proceed(MethodInvocation.java:60)
	at org.junit.jupiter.engine.execution.InvocationInterceptorChain$ValidatingInvocation.proceed(InvocationInterceptorChain.java:131)
	at org.junit.jupiter.engine.extension.TimeoutExtension.intercept(TimeoutExtension.java:149)
	at org.junit.jupiter.engine.extension.TimeoutExtension.interceptTestableMethod(TimeoutExtension.java:140)
	at org.junit.jupiter.engine.extension.TimeoutExtension.interceptTestMethod(TimeoutExtension.java:84)
	at org.junit.jupiter.engine.execution.ExecutableInvoker$ReflectiveInterceptorCall.lambda$ofVoidMethod$0(ExecutableInvoker.java:115)
	at org.junit.jupiter.engine.execution.ExecutableInvoker.lambda$invoke$0(ExecutableInvoker.java:105)
	at org.junit.jupiter.engine.execution.InvocationInterceptorChain$InterceptedInvocation.proceed(InvocationInterceptorChain.java:106)
	at org.junit.jupiter.engine.execution.InvocationInterceptorChain.proceed(InvocationInterceptorChain.java:64)
	at org.junit.jupiter.engine.execution.InvocationInterceptorChain.chainAndInvoke(InvocationInterceptorChain.java:45)
	at org.junit.jupiter.engine.execution.InvocationInterceptorChain.invoke(InvocationInterceptorChain.java:37)
	at org.junit.jupiter.engine.execution.ExecutableInvoker.invoke(ExecutableInvoker.java:104)
	at org.junit.jupiter.engine.execution.ExecutableInvoker.invoke(ExecutableInvoker.java:98)
	at org.junit.jupiter.engine.descriptor.TestMethodTestDescriptor.lambda$invokeTestMethod$7(TestMethodTestDescriptor.java:214)
	at org.junit.platform.engine.support.hierarchical.ThrowableCollector.execute(ThrowableCollector.java:73)
	at org.junit.jupiter.engine.descriptor.TestMethodTestDescriptor.invokeTestMethod(TestMethodTestDescriptor.java:210)
	at org.junit.jupiter.engine.descriptor.TestMethodTestDescriptor.execute(TestMethodTestDescriptor.java:135)
	at org.junit.jupiter.engine.descriptor.TestMethodTestDescriptor.execute(TestMethodTestDescriptor.java:66)
	at org.junit.platform.engine.support.hierarchical.NodeTestTask.lambda$executeRecursively$6(NodeTestTask.java:151)
	at org.junit.platform.engine.support.hierarchical.ThrowableCollector.execute(ThrowableCollector.java:73)
	at org.junit.platform.engine.support.hierarchical.NodeTestTask.lambda$executeRecursively$8(NodeTestTask.java:141)
	at org.junit.platform.engine.support.hierarchical.Node.around(Node.java:137)
	at org.junit.platform.engine.support.hierarchical.NodeTestTask.lambda$executeRecursively$9(NodeTestTask.java:139)
	at org.junit.platform.engine.support.hierarchical.ThrowableCollector.execute(ThrowableCollector.java:73)
	at org.junit.platform.engine.support.hierarchical.NodeTestTask.executeRecursively(NodeTestTask.java:138)
	at org.junit.platform.engine.support.hierarchical.NodeTestTask.execute(NodeTestTask.java:95)
	at java.base/java.util.ArrayList.forEach(ArrayList.java:1597)
	at org.junit.platform.engine.support.hierarchical.SameThreadHierarchicalTestExecutorService.invokeAll(SameThreadHierarchicalTestExecutorService.java:41)
	at org.junit.platform.engine.support.hierarchical.NodeTestTask.lambda$executeRecursively$6(NodeTestTask.java:155)
	at org.junit.platform.engine.support.hierarchical.ThrowableCollector.execute(ThrowableCollector.java:73)
	at org.junit.platform.engine.support.hierarchical.NodeTestTask.lambda$executeRecursively$8(NodeTestTask.java:141)
	at org.junit.platform.engine.support.hierarchical.Node.around(Node.java:137)
	at org.junit.platform.engine.support.hierarchical.NodeTestTask.lambda$executeRecursively$9(NodeTestTask.java:139)
	at org.junit.platform.engine.support.hierarchical.ThrowableCollector.execute(ThrowableCollector.java:73)
	at org.junit.platform.engine.support.hierarchical.NodeTestTask.executeRecursively(NodeTestTask.java:138)
	at org.junit.platform.engine.support.hierarchical.NodeTestTask.execute(NodeTestTask.java:95)
	at java.base/java.util.ArrayList.forEach(ArrayList.java:1597)
	at org.junit.platform.engine.support.hierarchical.SameThreadHierarchicalTestExecutorService.invokeAll(SameThreadHierarchicalTestExecutorService.java:41)
	at org.junit.platform.engine.support.hierarchical.NodeTestTask.lambda$executeRecursively$6(NodeTestTask.java:155)
	at org.junit.platform.engine.support.hierarchical.ThrowableCollector.execute(ThrowableCollector.java:73)
	at org.junit.platform.engine.support.hierarchical.NodeTestTask.lambda$executeRecursively$8(NodeTestTask.java:141)
	at org.junit.platform.engine.support.hierarchical.Node.around(Node.java:137)
	at org.junit.platform.engine.support.hierarchical.NodeTestTask.lambda$executeRecursively$9(NodeTestTask.java:139)
	at org.junit.platform.engine.support.hierarchical.ThrowableCollector.execute(ThrowableCollector.java:73)
	at org.junit.platform.engine.support.hierarchical.NodeTestTask.executeRecursively(NodeTestTask.java:138)
	at org.junit.platform.engine.support.hierarchical.NodeTestTask.execute(NodeTestTask.java:95)
	at org.junit.platform.engine.support.hierarchical.SameThreadHierarchicalTestExecutorService.submit(SameThreadHierarchicalTestExecutorService.java:35)
	at org.junit.platform.engine.support.hierarchical.HierarchicalTestExecutor.execute(HierarchicalTestExecutor.java:57)
	at org.junit.platform.engine.support.hierarchical.HierarchicalTestEngine.execute(HierarchicalTestEngine.java:54)
	at org.junit.platform.launcher.core.EngineExecutionOrchestrator.execute(EngineExecutionOrchestrator.java:107)
	at org.junit.platform.launcher.core.EngineExecutionOrchestrator.execute(EngineExecutionOrchestrator.java:88)
	at org.junit.platform.launcher.core.EngineExecutionOrchestrator.lambda$execute$0(EngineExecutionOrchestrator.java:54)
	at org.junit.platform.launcher.core.EngineExecutionOrchestrator.withInterceptedStreams(EngineExecutionOrchestrator.java:67)
	at org.junit.platform.launcher.core.EngineExecutionOrchestrator.execute(EngineExecutionOrchestrator.java:52)
	at org.junit.platform.launcher.core.DefaultLauncher.execute(DefaultLauncher.java:114)
	at org.junit.platform.launcher.core.DefaultLauncher.execute(DefaultLauncher.java:86)
	at org.junit.platform.launcher.core.DefaultLauncherSession$DelegatingLauncher.execute(DefaultLauncherSession.java:86)
	at org.apache.maven.surefire.junitplatform.LazyLauncher.execute(LazyLauncher.java:56)
	at org.apache.maven.surefire.junitplatform.JUnitPlatformProvider.execute(JUnitPlatformProvider.java:184)
	at org.apache.maven.surefire.junitplatform.JUnitPlatformProvider.invokeAllTests(JUnitPlatformProvider.java:148)
	at org.apache.maven.surefire.junitplatform.JUnitPlatformProvider.invoke(JUnitPlatformProvider.java:122)
	at org.apache.maven.surefire.booter.ForkedBooter.runSuitesInProcess(ForkedBooter.java:385)
	at org.apache.maven.surefire.booter.ForkedBooter.execute(ForkedBooter.java:162)
	at org.apache.maven.surefire.booter.ForkedBooter.run(ForkedBooter.java:507)
	at org.apache.maven.surefire.booter.ForkedBooter.main(ForkedBooter.java:495)
15:33:27.495 [main] DEBUG software.amazon.awssdk.auth.credentials.AwsCredentialsProviderChain - Loading credentials from EnvironmentVariableCredentialsProvider()
15:33:27.495 [main] DEBUG software.amazon.awssdk.core.interceptor.ExecutionInterceptorChain - Interceptor 'software.amazon.awssdk.transfer.s3.internal.ApplyUserAgentInterceptor@3dffc764' modified the message with its modifyRequest method.
15:33:27.507 [main] DEBUG software.amazon.awssdk.core.interceptor.ExecutionInterceptorChain - Interceptor 'software.amazon.awssdk.services.s3.endpoints.internal.S3RequestSetEndpointInterceptor@646c0a67' modified the message with its modifyHttpRequest method.
15:33:27.507 [main] DEBUG software.amazon.awssdk.core.interceptor.ExecutionInterceptorChain - Interceptor 'software.amazon.awssdk.services.s3.internal.handlers.StreamingRequestInterceptor@3804a9a8' modified the message with its modifyHttpRequest method.
15:33:27.511 [main] DEBUG software.amazon.awssdk.request - Sending Request: DefaultSdkHttpFullRequest(httpMethod=PUT, protocol=https, host=progettoedids.s3.eu-north-1.amazonaws.com, encodedPath=/cc, headers=[amz-sdk-invocation-id, Content-Length, Content-Type, Expect, User-Agent], queryParameters=[])
15:33:27.511 [main] DEBUG software.amazon.awssdk.core.internal.http.pipeline.stages.SigningStage - Using SelectedAuthScheme: aws.auth#sigv4
15:33:27.511 [main] DEBUG software.amazon.awssdk.http.auth.aws.internal.signer.DefaultV4RequestSigner - AWS4 Canonical Request: PUT
/cc

amz-sdk-invocation-id:b1f5107e-6b88-24d5-e087-f3a28c53dd2e
amz-sdk-request:attempt=1; max=4
content-length:135
content-type:application/octet-stream
host:progettoedids.s3.eu-north-1.amazonaws.com
x-amz-content-sha256:UNSIGNED-PAYLOAD
x-amz-date:20240628T133327Z

amz-sdk-invocation-id;amz-sdk-request;content-length;content-type;host;x-amz-content-sha256;x-amz-date
UNSIGNED-PAYLOAD
15:33:27.511 [main] DEBUG software.amazon.awssdk.http.auth.aws.internal.signer.DefaultV4RequestSigner - AWS4 Canonical Request Hash: 2fde9a7c8f5313a1463a49c88bf3b60ae6329f4239834193aaf6d24f148f221b
15:33:27.511 [main] DEBUG software.amazon.awssdk.http.auth.aws.internal.signer.DefaultV4RequestSigner - AWS4 String to sign: AWS4-HMAC-SHA256
20240628T133327Z
20240628/eu-north-1/s3/aws4_request
2fde9a7c8f5313a1463a49c88bf3b60ae6329f4239834193aaf6d24f148f221b
15:33:27.919 [main] DEBUG software.amazon.awssdk.http.apache.internal.conn.SdkTlsSocketFactory - socket.getSupportedProtocols(): [TLSv1.3, TLSv1.2, TLSv1.1, TLSv1, SSLv3, SSLv2Hello], socket.getEnabledProtocols(): [TLSv1.3, TLSv1.2]
15:33:28.437 [main] DEBUG software.amazon.awssdk.http.apache.internal.net.SdkSslSocket - created: progettoedids.s3.eu-north-1.amazonaws.com/52.95.171.16:443
15:33:28.955 [main] DEBUG software.amazon.awssdk.requestId - Received successful response: 200, Request ID: G96MWGDB0FVJGH7K, Extended Request ID: 75CZSTE4u9IHcyck9T+wnPZ5eeABHnSd7IxwVRzjXb+n6r3C46PUY03jS2r8IgdxskDp2wm2h2U=
15:33:28.955 [main] DEBUG software.amazon.awssdk.request - Received successful response: 200, Request ID: G96MWGDB0FVJGH7K, Extended Request ID: 75CZSTE4u9IHcyck9T+wnPZ5eeABHnSd7IxwVRzjXb+n6r3C46PUY03jS2r8IgdxskDp2wm2h2U=
15:33:28.971 [main] DEBUG software.amazon.awssdk.core.interceptor.ExecutionInterceptorChain - Creating an interceptor chain that will apply interceptors in the following order: [software.amazon.awssdk.core.internal.interceptor.HttpChecksumValidationInterceptor@6f911326, software.amazon.awssdk.awscore.interceptor.HelpfulUnknownHostExceptionInterceptor@f1d0004, software.amazon.awssdk.awscore.eventstream.EventStreamInitialRequestInterceptor@6e4f263e, software.amazon.awssdk.awscore.interceptor.TraceIdExecutionInterceptor@48b4a043, software.amazon.awssdk.services.s3.auth.scheme.internal.S3AuthSchemeInterceptor@2f5b8250, software.amazon.awssdk.services.s3.endpoints.internal.S3ResolveEndpointInterceptor@4821aa9f, software.amazon.awssdk.services.s3.endpoints.internal.S3RequestSetEndpointInterceptor@5f481b73, software.amazon.awssdk.services.s3.internal.handlers.StreamingRequestInterceptor@32130e61, software.amazon.awssdk.services.s3.internal.handlers.CreateBucketInterceptor@41294371, software.amazon.awssdk.services.s3.internal.handlers.CreateMultipartUploadRequestInterceptor@4996c99, software.amazon.awssdk.services.s3.internal.handlers.DecodeUrlEncodedResponseInterceptor@1b956cfa, software.amazon.awssdk.services.s3.internal.handlers.GetBucketPolicyInterceptor@315f09ef, software.amazon.awssdk.services.s3.internal.handlers.S3ExpressChecksumInterceptor@3a66e67e, software.amazon.awssdk.services.s3.internal.handlers.AsyncChecksumValidationInterceptor@75d4a80f, software.amazon.awssdk.services.s3.internal.handlers.SyncChecksumValidationInterceptor@4596f8f3, software.amazon.awssdk.services.s3.internal.handlers.EnableTrailingChecksumInterceptor@ccf91df, software.amazon.awssdk.services.s3.internal.handlers.ExceptionTranslationInterceptor@117d32e, software.amazon.awssdk.services.s3.internal.handlers.GetObjectInterceptor@51d387d3, software.amazon.awssdk.services.s3.internal.handlers.CopySourceInterceptor@2370ac7a, software.amazon.awssdk.services.s3.internal.handlers.ObjectMetadataInterceptor@534180a2, software.amazon.awssdk.transfer.s3.internal.ApplyUserAgentInterceptor@6cf0a747]
15:33:28.971 [main] DEBUG software.amazon.awssdk.auth.credentials.AwsCredentialsProviderChain - Unable to load credentials from SystemPropertyCredentialsProvider(): Unable to load credentials from system settings. Access key must be specified either via environment variable (AWS_ACCESS_KEY_ID) or system property (aws.accessKeyId).
software.amazon.awssdk.core.exception.SdkClientException: Unable to load credentials from system settings. Access key must be specified either via environment variable (AWS_ACCESS_KEY_ID) or system property (aws.accessKeyId).
	at software.amazon.awssdk.core.exception.SdkClientException$BuilderImpl.build(SdkClientException.java:111)
	at software.amazon.awssdk.auth.credentials.internal.SystemSettingsCredentialsProvider.resolveCredentials(SystemSettingsCredentialsProvider.java:60)
	at software.amazon.awssdk.auth.credentials.AwsCredentialsProvider.resolveIdentity(AwsCredentialsProvider.java:54)
	at software.amazon.awssdk.identity.spi.IdentityProvider.resolveIdentity(IdentityProvider.java:60)
	at software.amazon.awssdk.auth.credentials.AwsCredentialsProviderChain.resolveCredentials(AwsCredentialsProviderChain.java:109)
	at software.amazon.awssdk.auth.credentials.internal.LazyAwsCredentialsProvider.resolveCredentials(LazyAwsCredentialsProvider.java:45)
	at software.amazon.awssdk.auth.credentials.DefaultCredentialsProvider.resolveCredentials(DefaultCredentialsProvider.java:129)
	at software.amazon.awssdk.auth.credentials.AwsCredentialsProvider.resolveIdentity(AwsCredentialsProvider.java:54)
	at software.amazon.awssdk.services.s3.auth.scheme.internal.S3AuthSchemeInterceptor.lambda$trySelectAuthScheme$4(S3AuthSchemeInterceptor.java:162)
	at software.amazon.awssdk.core.internal.util.MetricUtils.reportDuration(MetricUtils.java:77)
	at software.amazon.awssdk.services.s3.auth.scheme.internal.S3AuthSchemeInterceptor.trySelectAuthScheme(S3AuthSchemeInterceptor.java:162)
	at software.amazon.awssdk.services.s3.auth.scheme.internal.S3AuthSchemeInterceptor.selectAuthScheme(S3AuthSchemeInterceptor.java:84)
	at software.amazon.awssdk.services.s3.auth.scheme.internal.S3AuthSchemeInterceptor.beforeExecution(S3AuthSchemeInterceptor.java:64)
	at software.amazon.awssdk.core.interceptor.ExecutionInterceptorChain.lambda$beforeExecution$1(ExecutionInterceptorChain.java:59)
	at java.base/java.util.ArrayList.forEach(ArrayList.java:1597)
	at software.amazon.awssdk.core.interceptor.ExecutionInterceptorChain.beforeExecution(ExecutionInterceptorChain.java:59)
	at software.amazon.awssdk.awscore.internal.AwsExecutionContextBuilder.runInitialInterceptors(AwsExecutionContextBuilder.java:241)
	at software.amazon.awssdk.awscore.internal.AwsExecutionContextBuilder.invokeInterceptorsAndCreateExecutionContext(AwsExecutionContextBuilder.java:132)
	at software.amazon.awssdk.awscore.client.handler.AwsSyncClientHandler.invokeInterceptorsAndCreateExecutionContext(AwsSyncClientHandler.java:67)
	at software.amazon.awssdk.core.internal.handler.BaseSyncClientHandler.lambda$execute$0(BaseSyncClientHandler.java:62)
	at software.amazon.awssdk.core.internal.handler.BaseSyncClientHandler.measureApiCallSuccess(BaseSyncClientHandler.java:182)
	at software.amazon.awssdk.core.internal.handler.BaseSyncClientHandler.execute(BaseSyncClientHandler.java:60)
	at software.amazon.awssdk.core.client.handler.SdkSyncClientHandler.execute(SdkSyncClientHandler.java:52)
	at software.amazon.awssdk.awscore.client.handler.AwsSyncClientHandler.execute(AwsSyncClientHandler.java:60)
	at software.amazon.awssdk.services.s3.DefaultS3Client.getObject(DefaultS3Client.java:5203)
	at software.amazon.awssdk.services.s3.S3Client.getObjectAsBytes(S3Client.java:9542)
	at com.cloud.CloudUploaderTest.testUpload(CloudUploaderTest.java:37)
	at java.base/jdk.internal.reflect.DirectMethodHandleAccessor.invoke(DirectMethodHandleAccessor.java:103)
	at java.base/java.lang.reflect.Method.invoke(Method.java:580)
	at org.junit.platform.commons.util.ReflectionUtils.invokeMethod(ReflectionUtils.java:725)
	at org.junit.jupiter.engine.execution.MethodInvocation.proceed(MethodInvocation.java:60)
	at org.junit.jupiter.engine.execution.InvocationInterceptorChain$ValidatingInvocation.proceed(InvocationInterceptorChain.java:131)
	at org.junit.jupiter.engine.extension.TimeoutExtension.intercept(TimeoutExtension.java:149)
	at org.junit.jupiter.engine.extension.TimeoutExtension.interceptTestableMethod(TimeoutExtension.java:140)
	at org.junit.jupiter.engine.extension.TimeoutExtension.interceptTestMethod(TimeoutExtension.java:84)
	at org.junit.jupiter.engine.execution.ExecutableInvoker$ReflectiveInterceptorCall.lambda$ofVoidMethod$0(ExecutableInvoker.java:115)
	at org.junit.jupiter.engine.execution.ExecutableInvoker.lambda$invoke$0(ExecutableInvoker.java:105)
	at org.junit.jupiter.engine.execution.InvocationInterceptorChain$InterceptedInvocation.proceed(InvocationInterceptorChain.java:106)
	at org.junit.jupiter.engine.execution.InvocationInterceptorChain.proceed(InvocationInterceptorChain.java:64)
	at org.junit.jupiter.engine.execution.InvocationInterceptorChain.chainAndInvoke(InvocationInterceptorChain.java:45)
	at org.junit.jupiter.engine.execution.InvocationInterceptorChain.invoke(InvocationInterceptorChain.java:37)
	at org.junit.jupiter.engine.execution.ExecutableInvoker.invoke(ExecutableInvoker.java:104)
	at org.junit.jupiter.engine.execution.ExecutableInvoker.invoke(ExecutableInvoker.java:98)
	at org.junit.jupiter.engine.descriptor.TestMethodTestDescriptor.lambda$invokeTestMethod$7(TestMethodTestDescriptor.java:214)
	at org.junit.platform.engine.support.hierarchical.ThrowableCollector.execute(ThrowableCollector.java:73)
	at org.junit.jupiter.engine.descriptor.TestMethodTestDescriptor.invokeTestMethod(TestMethodTestDescriptor.java:210)
	at org.junit.jupiter.engine.descriptor.TestMethodTestDescriptor.execute(TestMethodTestDescriptor.java:135)
	at org.junit.jupiter.engine.descriptor.TestMethodTestDescriptor.execute(TestMethodTestDescriptor.java:66)
	at org.junit.platform.engine.support.hierarchical.NodeTestTask.lambda$executeRecursively$6(NodeTestTask.java:151)
	at org.junit.platform.engine.support.hierarchical.ThrowableCollector.execute(ThrowableCollector.java:73)
	at org.junit.platform.engine.support.hierarchical.NodeTestTask.lambda$executeRecursively$8(NodeTestTask.java:141)
	at org.junit.platform.engine.support.hierarchical.Node.around(Node.java:137)
	at org.junit.platform.engine.support.hierarchical.NodeTestTask.lambda$executeRecursively$9(NodeTestTask.java:139)
	at org.junit.platform.engine.support.hierarchical.ThrowableCollector.execute(ThrowableCollector.java:73)
	at org.junit.platform.engine.support.hierarchical.NodeTestTask.executeRecursively(NodeTestTask.java:138)
	at org.junit.platform.engine.support.hierarchical.NodeTestTask.execute(NodeTestTask.java:95)
	at java.base/java.util.ArrayList.forEach(ArrayList.java:1597)
	at org.junit.platform.engine.support.hierarchical.SameThreadHierarchicalTestExecutorService.invokeAll(SameThreadHierarchicalTestExecutorService.java:41)
	at org.junit.platform.engine.support.hierarchical.NodeTestTask.lambda$executeRecursively$6(NodeTestTask.java:155)
	at org.junit.platform.engine.support.hierarchical.ThrowableCollector.execute(ThrowableCollector.java:73)
	at org.junit.platform.engine.support.hierarchical.NodeTestTask.lambda$executeRecursively$8(NodeTestTask.java:141)
	at org.junit.platform.engine.support.hierarchical.Node.around(Node.java:137)
	at org.junit.platform.engine.support.hierarchical.NodeTestTask.lambda$executeRecursively$9(NodeTestTask.java:139)
	at org.junit.platform.engine.support.hierarchical.ThrowableCollector.execute(ThrowableCollector.java:73)
	at org.junit.platform.engine.support.hierarchical.NodeTestTask.executeRecursively(NodeTestTask.java:138)
	at org.junit.platform.engine.support.hierarchical.NodeTestTask.execute(NodeTestTask.java:95)
	at java.base/java.util.ArrayList.forEach(ArrayList.java:1597)
	at org.junit.platform.engine.support.hierarchical.SameThreadHierarchicalTestExecutorService.invokeAll(SameThreadHierarchicalTestExecutorService.java:41)
	at org.junit.platform.engine.support.hierarchical.NodeTestTask.lambda$executeRecursively$6(NodeTestTask.java:155)
	at org.junit.platform.engine.support.hierarchical.ThrowableCollector.execute(ThrowableCollector.java:73)
	at org.junit.platform.engine.support.hierarchical.NodeTestTask.lambda$executeRecursively$8(NodeTestTask.java:141)
	at org.junit.platform.engine.support.hierarchical.Node.around(Node.java:137)
	at org.junit.platform.engine.support.hierarchical.NodeTestTask.lambda$executeRecursively$9(NodeTestTask.java:139)
	at org.junit.platform.engine.support.hierarchical.ThrowableCollector.execute(ThrowableCollector.java:73)
	at org.junit.platform.engine.support.hierarchical.NodeTestTask.executeRecursively(NodeTestTask.java:138)
	at org.junit.platform.engine.support.hierarchical.NodeTestTask.execute(NodeTestTask.java:95)
	at org.junit.platform.engine.support.hierarchical.SameThreadHierarchicalTestExecutorService.submit(SameThreadHierarchicalTestExecutorService.java:35)
	at org.junit.platform.engine.support.hierarchical.HierarchicalTestExecutor.execute(HierarchicalTestExecutor.java:57)
	at org.junit.platform.engine.support.hierarchical.HierarchicalTestEngine.execute(HierarchicalTestEngine.java:54)
	at org.junit.platform.launcher.core.EngineExecutionOrchestrator.execute(EngineExecutionOrchestrator.java:107)
	at org.junit.platform.launcher.core.EngineExecutionOrchestrator.execute(EngineExecutionOrchestrator.java:88)
	at org.junit.platform.launcher.core.EngineExecutionOrchestrator.lambda$execute$0(EngineExecutionOrchestrator.java:54)
	at org.junit.platform.launcher.core.EngineExecutionOrchestrator.withInterceptedStreams(EngineExecutionOrchestrator.java:67)
	at org.junit.platform.launcher.core.EngineExecutionOrchestrator.execute(EngineExecutionOrchestrator.java:52)
	at org.junit.platform.launcher.core.DefaultLauncher.execute(DefaultLauncher.java:114)
	at org.junit.platform.launcher.core.DefaultLauncher.execute(DefaultLauncher.java:86)
	at org.junit.platform.launcher.core.DefaultLauncherSession$DelegatingLauncher.execute(DefaultLauncherSession.java:86)
	at org.apache.maven.surefire.junitplatform.LazyLauncher.execute(LazyLauncher.java:56)
	at org.apache.maven.surefire.junitplatform.JUnitPlatformProvider.execute(JUnitPlatformProvider.java:184)
	at org.apache.maven.surefire.junitplatform.JUnitPlatformProvider.invokeAllTests(JUnitPlatformProvider.java:148)
	at org.apache.maven.surefire.junitplatform.JUnitPlatformProvider.invoke(JUnitPlatformProvider.java:122)
	at org.apache.maven.surefire.booter.ForkedBooter.runSuitesInProcess(ForkedBooter.java:385)
	at org.apache.maven.surefire.booter.ForkedBooter.execute(ForkedBooter.java:162)
	at org.apache.maven.surefire.booter.ForkedBooter.run(ForkedBooter.java:507)
	at org.apache.maven.surefire.booter.ForkedBooter.main(ForkedBooter.java:495)
15:33:28.971 [main] DEBUG software.amazon.awssdk.auth.credentials.AwsCredentialsProviderChain - Loading credentials from EnvironmentVariableCredentialsProvider()
15:33:28.971 [main] DEBUG software.amazon.awssdk.core.interceptor.ExecutionInterceptorChain - Interceptor 'software.amazon.awssdk.transfer.s3.internal.ApplyUserAgentInterceptor@6cf0a747' modified the message with its modifyRequest method.
15:33:28.971 [main] DEBUG software.amazon.awssdk.core.interceptor.ExecutionInterceptorChain - Interceptor 'software.amazon.awssdk.services.s3.endpoints.internal.S3RequestSetEndpointInterceptor@5f481b73' modified the message with its modifyHttpRequest method.
15:33:28.971 [main] DEBUG software.amazon.awssdk.core.interceptor.ExecutionInterceptorChain - Interceptor 'software.amazon.awssdk.services.s3.internal.handlers.EnableTrailingChecksumInterceptor@ccf91df' modified the message with its modifyHttpRequest method.
15:33:28.971 [main] DEBUG software.amazon.awssdk.request - Sending Request: DefaultSdkHttpFullRequest(httpMethod=GET, protocol=https, host=progettoedids.s3.eu-north-1.amazonaws.com, encodedPath=/cc, headers=[amz-sdk-invocation-id, User-Agent, x-amz-te], queryParameters=[])
15:33:28.971 [main] DEBUG software.amazon.awssdk.core.internal.http.pipeline.stages.SigningStage - Using SelectedAuthScheme: aws.auth#sigv4
15:33:28.971 [main] DEBUG software.amazon.awssdk.http.auth.aws.internal.signer.DefaultV4RequestSigner - AWS4 Canonical Request: GET
/cc

amz-sdk-invocation-id:045a1c39-0b00-205b-ec01-0137a5c6ce5a
amz-sdk-request:attempt=1; max=4
host:progettoedids.s3.eu-north-1.amazonaws.com
x-amz-content-sha256:UNSIGNED-PAYLOAD
x-amz-date:20240628T133328Z
x-amz-te:append-md5

amz-sdk-invocation-id;amz-sdk-request;host;x-amz-content-sha256;x-amz-date;x-amz-te
UNSIGNED-PAYLOAD
15:33:28.971 [main] DEBUG software.amazon.awssdk.http.auth.aws.internal.signer.DefaultV4RequestSigner - AWS4 Canonical Request Hash: 0a3372cc234124d843eb506a699b35002a89f912147c4f50dca48552eedb1d39
15:33:28.971 [main] DEBUG software.amazon.awssdk.http.auth.aws.internal.signer.DefaultV4RequestSigner - AWS4 String to sign: AWS4-HMAC-SHA256
20240628T133328Z
20240628/eu-north-1/s3/aws4_request
0a3372cc234124d843eb506a699b35002a89f912147c4f50dca48552eedb1d39
15:33:29.159 [main] DEBUG software.amazon.awssdk.http.apache.internal.conn.SdkTlsSocketFactory - socket.getSupportedProtocols(): [TLSv1.3, TLSv1.2, TLSv1.1, TLSv1, SSLv3, SSLv2Hello], socket.getEnabledProtocols(): [TLSv1.3, TLSv1.2]
15:33:29.457 [main] DEBUG software.amazon.awssdk.http.apache.internal.net.SdkSslSocket - created: progettoedids.s3.eu-north-1.amazonaws.com/52.95.171.16:443
15:33:29.662 [main] DEBUG software.amazon.awssdk.requestId - Received successful response: 200, Request ID: CZKXJJA3T6FK1SYR, Extended Request ID: tN/SNnul7Y+rKR646tJ8bhWz7EDHvuNujxXEFTLek388UkFmx/OfTRzhPG4aem0KTKj5wNe3+r0=
15:33:29.662 [main] DEBUG software.amazon.awssdk.request - Received successful response: 200, Request ID: CZKXJJA3T6FK1SYR, Extended Request ID: tN/SNnul7Y+rKR646tJ8bhWz7EDHvuNujxXEFTLek388UkFmx/OfTRzhPG4aem0KTKj5wNe3+r0=
15:33:29.724 [main] DEBUG software.amazon.awssdk.core.interceptor.ExecutionInterceptorChain - Interceptor 'software.amazon.awssdk.services.s3.internal.handlers.EnableTrailingChecksumInterceptor@ccf91df' modified the message with its modifyResponse method.
]]></system-out>
  </testcase>
  <testcase name="testUploadFailure" classname="com.cloud.CloudUploaderTest" time="0.756">
    <system-out><![CDATA[15:33:29.756 [main] DEBUG software.amazon.awssdk.core.interceptor.ExecutionInterceptorChain - Creating an interceptor chain that will apply interceptors in the following order: [software.amazon.awssdk.core.internal.interceptor.HttpChecksumValidationInterceptor@5a02bfe3, software.amazon.awssdk.awscore.interceptor.HelpfulUnknownHostExceptionInterceptor@7a3e5cd3, software.amazon.awssdk.awscore.eventstream.EventStreamInitialRequestInterceptor@3c79088e, software.amazon.awssdk.awscore.interceptor.TraceIdExecutionInterceptor@4a37191a, software.amazon.awssdk.services.s3.auth.scheme.internal.S3AuthSchemeInterceptor@5854a18, software.amazon.awssdk.services.s3.endpoints.internal.S3ResolveEndpointInterceptor@d5556bf, software.amazon.awssdk.services.s3.endpoints.internal.S3RequestSetEndpointInterceptor@791c12e3, software.amazon.awssdk.services.s3.internal.handlers.StreamingRequestInterceptor@b112b13, software.amazon.awssdk.services.s3.internal.handlers.CreateBucketInterceptor@24eb65e3, software.amazon.awssdk.services.s3.internal.handlers.CreateMultipartUploadRequestInterceptor@3ac3f6f, software.amazon.awssdk.services.s3.internal.handlers.DecodeUrlEncodedResponseInterceptor@1abebef3, software.amazon.awssdk.services.s3.internal.handlers.GetBucketPolicyInterceptor@18f55704, software.amazon.awssdk.services.s3.internal.handlers.S3ExpressChecksumInterceptor@67cefd84, software.amazon.awssdk.services.s3.internal.handlers.AsyncChecksumValidationInterceptor@5fbe155, software.amazon.awssdk.services.s3.internal.handlers.SyncChecksumValidationInterceptor@6add8e3f, software.amazon.awssdk.services.s3.internal.handlers.EnableTrailingChecksumInterceptor@58a2b917, software.amazon.awssdk.services.s3.internal.handlers.ExceptionTranslationInterceptor@48904d5a, software.amazon.awssdk.services.s3.internal.handlers.GetObjectInterceptor@12bbfc54, software.amazon.awssdk.services.s3.internal.handlers.CopySourceInterceptor@1491344a, software.amazon.awssdk.services.s3.internal.handlers.ObjectMetadataInterceptor@59b65dce, software.amazon.awssdk.transfer.s3.internal.ApplyUserAgentInterceptor@1386313f]
15:33:29.756 [main] DEBUG software.amazon.awssdk.auth.credentials.AwsCredentialsProviderChain - Unable to load credentials from SystemPropertyCredentialsProvider(): Unable to load credentials from system settings. Access key must be specified either via environment variable (AWS_ACCESS_KEY_ID) or system property (aws.accessKeyId).
software.amazon.awssdk.core.exception.SdkClientException: Unable to load credentials from system settings. Access key must be specified either via environment variable (AWS_ACCESS_KEY_ID) or system property (aws.accessKeyId).
	at software.amazon.awssdk.core.exception.SdkClientException$BuilderImpl.build(SdkClientException.java:111)
	at software.amazon.awssdk.auth.credentials.internal.SystemSettingsCredentialsProvider.resolveCredentials(SystemSettingsCredentialsProvider.java:60)
	at software.amazon.awssdk.auth.credentials.AwsCredentialsProvider.resolveIdentity(AwsCredentialsProvider.java:54)
	at software.amazon.awssdk.identity.spi.IdentityProvider.resolveIdentity(IdentityProvider.java:60)
	at software.amazon.awssdk.auth.credentials.AwsCredentialsProviderChain.resolveCredentials(AwsCredentialsProviderChain.java:109)
	at software.amazon.awssdk.auth.credentials.internal.LazyAwsCredentialsProvider.resolveCredentials(LazyAwsCredentialsProvider.java:45)
	at software.amazon.awssdk.auth.credentials.DefaultCredentialsProvider.resolveCredentials(DefaultCredentialsProvider.java:129)
	at software.amazon.awssdk.auth.credentials.AwsCredentialsProvider.resolveIdentity(AwsCredentialsProvider.java:54)
	at software.amazon.awssdk.services.s3.auth.scheme.internal.S3AuthSchemeInterceptor.lambda$trySelectAuthScheme$4(S3AuthSchemeInterceptor.java:162)
	at software.amazon.awssdk.core.internal.util.MetricUtils.reportDuration(MetricUtils.java:77)
	at software.amazon.awssdk.services.s3.auth.scheme.internal.S3AuthSchemeInterceptor.trySelectAuthScheme(S3AuthSchemeInterceptor.java:162)
	at software.amazon.awssdk.services.s3.auth.scheme.internal.S3AuthSchemeInterceptor.selectAuthScheme(S3AuthSchemeInterceptor.java:84)
	at software.amazon.awssdk.services.s3.auth.scheme.internal.S3AuthSchemeInterceptor.beforeExecution(S3AuthSchemeInterceptor.java:64)
	at software.amazon.awssdk.core.interceptor.ExecutionInterceptorChain.lambda$beforeExecution$1(ExecutionInterceptorChain.java:59)
	at java.base/java.util.ArrayList.forEach(ArrayList.java:1597)
	at software.amazon.awssdk.core.interceptor.ExecutionInterceptorChain.beforeExecution(ExecutionInterceptorChain.java:59)
	at software.amazon.awssdk.awscore.internal.AwsExecutionContextBuilder.runInitialInterceptors(AwsExecutionContextBuilder.java:241)
	at software.amazon.awssdk.awscore.internal.AwsExecutionContextBuilder.invokeInterceptorsAndCreateExecutionContext(AwsExecutionContextBuilder.java:132)
	at software.amazon.awssdk.awscore.client.handler.AwsSyncClientHandler.invokeInterceptorsAndCreateExecutionContext(AwsSyncClientHandler.java:67)
	at software.amazon.awssdk.core.internal.handler.BaseSyncClientHandler.lambda$execute$1(BaseSyncClientHandler.java:76)
	at software.amazon.awssdk.core.internal.handler.BaseSyncClientHandler.measureApiCallSuccess(BaseSyncClientHandler.java:182)
	at software.amazon.awssdk.core.internal.handler.BaseSyncClientHandler.execute(BaseSyncClientHandler.java:74)
	at software.amazon.awssdk.core.client.handler.SdkSyncClientHandler.execute(SdkSyncClientHandler.java:45)
	at software.amazon.awssdk.awscore.client.handler.AwsSyncClientHandler.execute(AwsSyncClientHandler.java:53)
	at software.amazon.awssdk.services.s3.DefaultS3Client.putObject(DefaultS3Client.java:10220)
	at com.cloud.CloudUploaderTest$1.upload(CloudUploaderTest.java:80)
	at com.cloud.CloudUploaderTest.testUploadFailure(CloudUploaderTest.java:89)
	at java.base/jdk.internal.reflect.DirectMethodHandleAccessor.invoke(DirectMethodHandleAccessor.java:103)
	at java.base/java.lang.reflect.Method.invoke(Method.java:580)
	at org.junit.platform.commons.util.ReflectionUtils.invokeMethod(ReflectionUtils.java:725)
	at org.junit.jupiter.engine.execution.MethodInvocation.proceed(MethodInvocation.java:60)
	at org.junit.jupiter.engine.execution.InvocationInterceptorChain$ValidatingInvocation.proceed(InvocationInterceptorChain.java:131)
	at org.junit.jupiter.engine.extension.TimeoutExtension.intercept(TimeoutExtension.java:149)
	at org.junit.jupiter.engine.extension.TimeoutExtension.interceptTestableMethod(TimeoutExtension.java:140)
	at org.junit.jupiter.engine.extension.TimeoutExtension.interceptTestMethod(TimeoutExtension.java:84)
	at org.junit.jupiter.engine.execution.ExecutableInvoker$ReflectiveInterceptorCall.lambda$ofVoidMethod$0(ExecutableInvoker.java:115)
	at org.junit.jupiter.engine.execution.ExecutableInvoker.lambda$invoke$0(ExecutableInvoker.java:105)
	at org.junit.jupiter.engine.execution.InvocationInterceptorChain$InterceptedInvocation.proceed(InvocationInterceptorChain.java:106)
	at org.junit.jupiter.engine.execution.InvocationInterceptorChain.proceed(InvocationInterceptorChain.java:64)
	at org.junit.jupiter.engine.execution.InvocationInterceptorChain.chainAndInvoke(InvocationInterceptorChain.java:45)
	at org.junit.jupiter.engine.execution.InvocationInterceptorChain.invoke(InvocationInterceptorChain.java:37)
	at org.junit.jupiter.engine.execution.ExecutableInvoker.invoke(ExecutableInvoker.java:104)
	at org.junit.jupiter.engine.execution.ExecutableInvoker.invoke(ExecutableInvoker.java:98)
	at org.junit.jupiter.engine.descriptor.TestMethodTestDescriptor.lambda$invokeTestMethod$7(TestMethodTestDescriptor.java:214)
	at org.junit.platform.engine.support.hierarchical.ThrowableCollector.execute(ThrowableCollector.java:73)
	at org.junit.jupiter.engine.descriptor.TestMethodTestDescriptor.invokeTestMethod(TestMethodTestDescriptor.java:210)
	at org.junit.jupiter.engine.descriptor.TestMethodTestDescriptor.execute(TestMethodTestDescriptor.java:135)
	at org.junit.jupiter.engine.descriptor.TestMethodTestDescriptor.execute(TestMethodTestDescriptor.java:66)
	at org.junit.platform.engine.support.hierarchical.NodeTestTask.lambda$executeRecursively$6(NodeTestTask.java:151)
	at org.junit.platform.engine.support.hierarchical.ThrowableCollector.execute(ThrowableCollector.java:73)
	at org.junit.platform.engine.support.hierarchical.NodeTestTask.lambda$executeRecursively$8(NodeTestTask.java:141)
	at org.junit.platform.engine.support.hierarchical.Node.around(Node.java:137)
	at org.junit.platform.engine.support.hierarchical.NodeTestTask.lambda$executeRecursively$9(NodeTestTask.java:139)
	at org.junit.platform.engine.support.hierarchical.ThrowableCollector.execute(ThrowableCollector.java:73)
	at org.junit.platform.engine.support.hierarchical.NodeTestTask.executeRecursively(NodeTestTask.java:138)
	at org.junit.platform.engine.support.hierarchical.NodeTestTask.execute(NodeTestTask.java:95)
	at java.base/java.util.ArrayList.forEach(ArrayList.java:1597)
	at org.junit.platform.engine.support.hierarchical.SameThreadHierarchicalTestExecutorService.invokeAll(SameThreadHierarchicalTestExecutorService.java:41)
	at org.junit.platform.engine.support.hierarchical.NodeTestTask.lambda$executeRecursively$6(NodeTestTask.java:155)
	at org.junit.platform.engine.support.hierarchical.ThrowableCollector.execute(ThrowableCollector.java:73)
	at org.junit.platform.engine.support.hierarchical.NodeTestTask.lambda$executeRecursively$8(NodeTestTask.java:141)
	at org.junit.platform.engine.support.hierarchical.Node.around(Node.java:137)
	at org.junit.platform.engine.support.hierarchical.NodeTestTask.lambda$executeRecursively$9(NodeTestTask.java:139)
	at org.junit.platform.engine.support.hierarchical.ThrowableCollector.execute(ThrowableCollector.java:73)
	at org.junit.platform.engine.support.hierarchical.NodeTestTask.executeRecursively(NodeTestTask.java:138)
	at org.junit.platform.engine.support.hierarchical.NodeTestTask.execute(NodeTestTask.java:95)
	at java.base/java.util.ArrayList.forEach(ArrayList.java:1597)
	at org.junit.platform.engine.support.hierarchical.SameThreadHierarchicalTestExecutorService.invokeAll(SameThreadHierarchicalTestExecutorService.java:41)
	at org.junit.platform.engine.support.hierarchical.NodeTestTask.lambda$executeRecursively$6(NodeTestTask.java:155)
	at org.junit.platform.engine.support.hierarchical.ThrowableCollector.execute(ThrowableCollector.java:73)
	at org.junit.platform.engine.support.hierarchical.NodeTestTask.lambda$executeRecursively$8(NodeTestTask.java:141)
	at org.junit.platform.engine.support.hierarchical.Node.around(Node.java:137)
	at org.junit.platform.engine.support.hierarchical.NodeTestTask.lambda$executeRecursively$9(NodeTestTask.java:139)
	at org.junit.platform.engine.support.hierarchical.ThrowableCollector.execute(ThrowableCollector.java:73)
	at org.junit.platform.engine.support.hierarchical.NodeTestTask.executeRecursively(NodeTestTask.java:138)
	at org.junit.platform.engine.support.hierarchical.NodeTestTask.execute(NodeTestTask.java:95)
	at org.junit.platform.engine.support.hierarchical.SameThreadHierarchicalTestExecutorService.submit(SameThreadHierarchicalTestExecutorService.java:35)
	at org.junit.platform.engine.support.hierarchical.HierarchicalTestExecutor.execute(HierarchicalTestExecutor.java:57)
	at org.junit.platform.engine.support.hierarchical.HierarchicalTestEngine.execute(HierarchicalTestEngine.java:54)
	at org.junit.platform.launcher.core.EngineExecutionOrchestrator.execute(EngineExecutionOrchestrator.java:107)
	at org.junit.platform.launcher.core.EngineExecutionOrchestrator.execute(EngineExecutionOrchestrator.java:88)
	at org.junit.platform.launcher.core.EngineExecutionOrchestrator.lambda$execute$0(EngineExecutionOrchestrator.java:54)
	at org.junit.platform.launcher.core.EngineExecutionOrchestrator.withInterceptedStreams(EngineExecutionOrchestrator.java:67)
	at org.junit.platform.launcher.core.EngineExecutionOrchestrator.execute(EngineExecutionOrchestrator.java:52)
	at org.junit.platform.launcher.core.DefaultLauncher.execute(DefaultLauncher.java:114)
	at org.junit.platform.launcher.core.DefaultLauncher.execute(DefaultLauncher.java:86)
	at org.junit.platform.launcher.core.DefaultLauncherSession$DelegatingLauncher.execute(DefaultLauncherSession.java:86)
	at org.apache.maven.surefire.junitplatform.LazyLauncher.execute(LazyLauncher.java:56)
	at org.apache.maven.surefire.junitplatform.JUnitPlatformProvider.execute(JUnitPlatformProvider.java:184)
	at org.apache.maven.surefire.junitplatform.JUnitPlatformProvider.invokeAllTests(JUnitPlatformProvider.java:148)
	at org.apache.maven.surefire.junitplatform.JUnitPlatformProvider.invoke(JUnitPlatformProvider.java:122)
	at org.apache.maven.surefire.booter.ForkedBooter.runSuitesInProcess(ForkedBooter.java:385)
	at org.apache.maven.surefire.booter.ForkedBooter.execute(ForkedBooter.java:162)
	at org.apache.maven.surefire.booter.ForkedBooter.run(ForkedBooter.java:507)
	at org.apache.maven.surefire.booter.ForkedBooter.main(ForkedBooter.java:495)
15:33:29.772 [main] DEBUG software.amazon.awssdk.auth.credentials.AwsCredentialsProviderChain - Loading credentials from EnvironmentVariableCredentialsProvider()
15:33:29.772 [main] DEBUG software.amazon.awssdk.core.interceptor.ExecutionInterceptorChain - Interceptor 'software.amazon.awssdk.transfer.s3.internal.ApplyUserAgentInterceptor@1386313f' modified the message with its modifyRequest method.
15:33:29.772 [main] DEBUG software.amazon.awssdk.core.interceptor.ExecutionInterceptorChain - Interceptor 'software.amazon.awssdk.services.s3.endpoints.internal.S3RequestSetEndpointInterceptor@791c12e3' modified the message with its modifyHttpRequest method.
15:33:29.772 [main] DEBUG software.amazon.awssdk.core.interceptor.ExecutionInterceptorChain - Interceptor 'software.amazon.awssdk.services.s3.internal.handlers.StreamingRequestInterceptor@b112b13' modified the message with its modifyHttpRequest method.
15:33:29.772 [main] DEBUG software.amazon.awssdk.request - Sending Request: DefaultSdkHttpFullRequest(httpMethod=PUT, protocol=https, host=invalid-bucket-name.s3.eu-north-1.amazonaws.com, encodedPath=/cc, headers=[amz-sdk-invocation-id, Content-Length, Content-Type, Expect, User-Agent], queryParameters=[])
15:33:29.772 [main] DEBUG software.amazon.awssdk.core.internal.http.pipeline.stages.SigningStage - Using SelectedAuthScheme: aws.auth#sigv4
15:33:29.772 [main] DEBUG software.amazon.awssdk.http.auth.aws.internal.signer.DefaultV4RequestSigner - AWS4 Canonical Request: PUT
/cc

amz-sdk-invocation-id:2549eaf5-fdc0-fd11-9b16-0c08dc2d6890
amz-sdk-request:attempt=1; max=4
content-length:135
content-type:application/octet-stream
host:invalid-bucket-name.s3.eu-north-1.amazonaws.com
x-amz-content-sha256:UNSIGNED-PAYLOAD
x-amz-date:20240628T133329Z

amz-sdk-invocation-id;amz-sdk-request;content-length;content-type;host;x-amz-content-sha256;x-amz-date
UNSIGNED-PAYLOAD
15:33:29.772 [main] DEBUG software.amazon.awssdk.http.auth.aws.internal.signer.DefaultV4RequestSigner - AWS4 Canonical Request Hash: 0933396f42405d5fec6e2f8c588a84153cf9415eaf6f4328f9f3a8c532aa4cc0
15:33:29.772 [main] DEBUG software.amazon.awssdk.http.auth.aws.internal.signer.DefaultV4RequestSigner - AWS4 String to sign: AWS4-HMAC-SHA256
20240628T133329Z
20240628/eu-north-1/s3/aws4_request
0933396f42405d5fec6e2f8c588a84153cf9415eaf6f4328f9f3a8c532aa4cc0
15:33:29.977 [main] DEBUG software.amazon.awssdk.http.apache.internal.conn.SdkTlsSocketFactory - socket.getSupportedProtocols(): [TLSv1.3, TLSv1.2, TLSv1.1, TLSv1, SSLv3, SSLv2Hello], socket.getEnabledProtocols(): [TLSv1.3, TLSv1.2]
15:33:30.276 [main] DEBUG software.amazon.awssdk.http.apache.internal.net.SdkSslSocket - created: invalid-bucket-name.s3.eu-north-1.amazonaws.com/3.5.218.62:443
15:33:30.481 [main] DEBUG software.amazon.awssdk.requestId - Received failed response: 301, Request ID: FZN1XFSBPKWMMDNS, Extended Request ID: z7izJkuVmzbsFgyQVlsQ55lMrQEODLvMVsdfD3GnWS5ZGfvOcsjUFsYmXfDrf560/oof+URLNTc6SC6LWv/4zOay9kXs59vl
15:33:30.481 [main] DEBUG software.amazon.awssdk.request - Received failed response: 301, Request ID: FZN1XFSBPKWMMDNS, Extended Request ID: z7izJkuVmzbsFgyQVlsQ55lMrQEODLvMVsdfD3GnWS5ZGfvOcsjUFsYmXfDrf560/oof+URLNTc6SC6LWv/4zOay9kXs59vl
15:33:30.481 [main] DEBUG software.amazon.awssdk.http.apache.internal.net.SdkSslSocket - shutting down output of invalid-bucket-name.s3.eu-north-1.amazonaws.com/3.5.218.62:443
15:33:30.481 [main] DEBUG software.amazon.awssdk.http.apache.internal.net.SdkSslSocket - shutting down input of invalid-bucket-name.s3.eu-north-1.amazonaws.com/3.5.218.62:443
15:33:30.481 [main] DEBUG software.amazon.awssdk.http.apache.internal.net.SdkSslSocket - closing invalid-bucket-name.s3.eu-north-1.amazonaws.com/3.5.218.62:443
]]></system-out>
    <system-err><![CDATA[software.amazon.awssdk.services.s3.model.S3Exception: The bucket you are attempting to access must be addressed using the specified endpoint. Please send all future requests to this endpoint. (Service: S3, Status Code: 301, Request ID: FZN1XFSBPKWMMDNS, Extended Request ID: z7izJkuVmzbsFgyQVlsQ55lMrQEODLvMVsdfD3GnWS5ZGfvOcsjUFsYmXfDrf560/oof+URLNTc6SC6LWv/4zOay9kXs59vl)
	at software.amazon.awssdk.protocols.xml.internal.unmarshall.AwsXmlPredicatedResponseHandler.handleErrorResponse(AwsXmlPredicatedResponseHandler.java:156)
	at software.amazon.awssdk.protocols.xml.internal.unmarshall.AwsXmlPredicatedResponseHandler.handleResponse(AwsXmlPredicatedResponseHandler.java:108)
	at software.amazon.awssdk.protocols.xml.internal.unmarshall.AwsXmlPredicatedResponseHandler.handle(AwsXmlPredicatedResponseHandler.java:85)
	at software.amazon.awssdk.protocols.xml.internal.unmarshall.AwsXmlPredicatedResponseHandler.handle(AwsXmlPredicatedResponseHandler.java:43)
	at software.amazon.awssdk.awscore.client.handler.AwsSyncClientHandler$Crc32ValidationResponseHandler.handle(AwsSyncClientHandler.java:93)
	at software.amazon.awssdk.core.internal.handler.BaseClientHandler.lambda$successTransformationResponseHandler$7(BaseClientHandler.java:279)
	at software.amazon.awssdk.core.internal.http.pipeline.stages.HandleResponseStage.execute(HandleResponseStage.java:50)
	at software.amazon.awssdk.core.internal.http.pipeline.stages.HandleResponseStage.execute(HandleResponseStage.java:38)
	at software.amazon.awssdk.core.internal.http.pipeline.RequestPipelineBuilder$ComposingRequestPipelineStage.execute(RequestPipelineBuilder.java:206)
	at software.amazon.awssdk.core.internal.http.pipeline.stages.ApiCallAttemptTimeoutTrackingStage.execute(ApiCallAttemptTimeoutTrackingStage.java:72)
	at software.amazon.awssdk.core.internal.http.pipeline.stages.ApiCallAttemptTimeoutTrackingStage.execute(ApiCallAttemptTimeoutTrackingStage.java:42)
	at software.amazon.awssdk.core.internal.http.pipeline.stages.TimeoutExceptionHandlingStage.execute(TimeoutExceptionHandlingStage.java:78)
	at software.amazon.awssdk.core.internal.http.pipeline.stages.TimeoutExceptionHandlingStage.execute(TimeoutExceptionHandlingStage.java:40)
	at software.amazon.awssdk.core.internal.http.pipeline.stages.ApiCallAttemptMetricCollectionStage.execute(ApiCallAttemptMetricCollectionStage.java:55)
	at software.amazon.awssdk.core.internal.http.pipeline.stages.ApiCallAttemptMetricCollectionStage.execute(ApiCallAttemptMetricCollectionStage.java:39)
	at software.amazon.awssdk.core.internal.http.pipeline.stages.RetryableStage.execute(RetryableStage.java:81)
	at software.amazon.awssdk.core.internal.http.pipeline.stages.RetryableStage.execute(RetryableStage.java:36)
	at software.amazon.awssdk.core.internal.http.pipeline.RequestPipelineBuilder$ComposingRequestPipelineStage.execute(RequestPipelineBuilder.java:206)
	at software.amazon.awssdk.core.internal.http.StreamManagingStage.execute(StreamManagingStage.java:56)
	at software.amazon.awssdk.core.internal.http.StreamManagingStage.execute(StreamManagingStage.java:36)
	at software.amazon.awssdk.core.internal.http.pipeline.stages.ApiCallTimeoutTrackingStage.executeWithTimer(ApiCallTimeoutTrackingStage.java:80)
	at software.amazon.awssdk.core.internal.http.pipeline.stages.ApiCallTimeoutTrackingStage.execute(ApiCallTimeoutTrackingStage.java:60)
	at software.amazon.awssdk.core.internal.http.pipeline.stages.ApiCallTimeoutTrackingStage.execute(ApiCallTimeoutTrackingStage.java:42)
	at software.amazon.awssdk.core.internal.http.pipeline.stages.ApiCallMetricCollectionStage.execute(ApiCallMetricCollectionStage.java:50)
	at software.amazon.awssdk.core.internal.http.pipeline.stages.ApiCallMetricCollectionStage.execute(ApiCallMetricCollectionStage.java:32)
	at software.amazon.awssdk.core.internal.http.pipeline.RequestPipelineBuilder$ComposingRequestPipelineStage.execute(RequestPipelineBuilder.java:206)
	at software.amazon.awssdk.core.internal.http.pipeline.RequestPipelineBuilder$ComposingRequestPipelineStage.execute(RequestPipelineBuilder.java:206)
	at software.amazon.awssdk.core.internal.http.pipeline.stages.ExecutionFailureExceptionReportingStage.execute(ExecutionFailureExceptionReportingStage.java:37)
	at software.amazon.awssdk.core.internal.http.pipeline.stages.ExecutionFailureExceptionReportingStage.execute(ExecutionFailureExceptionReportingStage.java:26)
	at software.amazon.awssdk.core.internal.http.AmazonSyncHttpClient$RequestExecutionBuilderImpl.execute(AmazonSyncHttpClient.java:224)
	at software.amazon.awssdk.core.internal.handler.BaseSyncClientHandler.invoke(BaseSyncClientHandler.java:103)
	at software.amazon.awssdk.core.internal.handler.BaseSyncClientHandler.doExecute(BaseSyncClientHandler.java:173)
	at software.amazon.awssdk.core.internal.handler.BaseSyncClientHandler.lambda$execute$1(BaseSyncClientHandler.java:80)
	at software.amazon.awssdk.core.internal.handler.BaseSyncClientHandler.measureApiCallSuccess(BaseSyncClientHandler.java:182)
	at software.amazon.awssdk.core.internal.handler.BaseSyncClientHandler.execute(BaseSyncClientHandler.java:74)
	at software.amazon.awssdk.core.client.handler.SdkSyncClientHandler.execute(SdkSyncClientHandler.java:45)
	at software.amazon.awssdk.awscore.client.handler.AwsSyncClientHandler.execute(AwsSyncClientHandler.java:53)
	at software.amazon.awssdk.services.s3.DefaultS3Client.putObject(DefaultS3Client.java:10220)
	at com.cloud.CloudUploaderTest$1.upload(CloudUploaderTest.java:80)
	at com.cloud.CloudUploaderTest.testUploadFailure(CloudUploaderTest.java:89)
	at java.base/jdk.internal.reflect.DirectMethodHandleAccessor.invoke(DirectMethodHandleAccessor.java:103)
	at java.base/java.lang.reflect.Method.invoke(Method.java:580)
	at org.junit.platform.commons.util.ReflectionUtils.invokeMethod(ReflectionUtils.java:725)
	at org.junit.jupiter.engine.execution.MethodInvocation.proceed(MethodInvocation.java:60)
	at org.junit.jupiter.engine.execution.InvocationInterceptorChain$ValidatingInvocation.proceed(InvocationInterceptorChain.java:131)
	at org.junit.jupiter.engine.extension.TimeoutExtension.intercept(TimeoutExtension.java:149)
	at org.junit.jupiter.engine.extension.TimeoutExtension.interceptTestableMethod(TimeoutExtension.java:140)
	at org.junit.jupiter.engine.extension.TimeoutExtension.interceptTestMethod(TimeoutExtension.java:84)
	at org.junit.jupiter.engine.execution.ExecutableInvoker$ReflectiveInterceptorCall.lambda$ofVoidMethod$0(ExecutableInvoker.java:115)
	at org.junit.jupiter.engine.execution.ExecutableInvoker.lambda$invoke$0(ExecutableInvoker.java:105)
	at org.junit.jupiter.engine.execution.InvocationInterceptorChain$InterceptedInvocation.proceed(InvocationInterceptorChain.java:106)
	at org.junit.jupiter.engine.execution.InvocationInterceptorChain.proceed(InvocationInterceptorChain.java:64)
	at org.junit.jupiter.engine.execution.InvocationInterceptorChain.chainAndInvoke(InvocationInterceptorChain.java:45)
	at org.junit.jupiter.engine.execution.InvocationInterceptorChain.invoke(InvocationInterceptorChain.java:37)
	at org.junit.jupiter.engine.execution.ExecutableInvoker.invoke(ExecutableInvoker.java:104)
	at org.junit.jupiter.engine.execution.ExecutableInvoker.invoke(ExecutableInvoker.java:98)
	at org.junit.jupiter.engine.descriptor.TestMethodTestDescriptor.lambda$invokeTestMethod$7(TestMethodTestDescriptor.java:214)
	at org.junit.platform.engine.support.hierarchical.ThrowableCollector.execute(ThrowableCollector.java:73)
	at org.junit.jupiter.engine.descriptor.TestMethodTestDescriptor.invokeTestMethod(TestMethodTestDescriptor.java:210)
	at org.junit.jupiter.engine.descriptor.TestMethodTestDescriptor.execute(TestMethodTestDescriptor.java:135)
	at org.junit.jupiter.engine.descriptor.TestMethodTestDescriptor.execute(TestMethodTestDescriptor.java:66)
	at org.junit.platform.engine.support.hierarchical.NodeTestTask.lambda$executeRecursively$6(NodeTestTask.java:151)
	at org.junit.platform.engine.support.hierarchical.ThrowableCollector.execute(ThrowableCollector.java:73)
	at org.junit.platform.engine.support.hierarchical.NodeTestTask.lambda$executeRecursively$8(NodeTestTask.java:141)
	at org.junit.platform.engine.support.hierarchical.Node.around(Node.java:137)
	at org.junit.platform.engine.support.hierarchical.NodeTestTask.lambda$executeRecursively$9(NodeTestTask.java:139)
	at org.junit.platform.engine.support.hierarchical.ThrowableCollector.execute(ThrowableCollector.java:73)
	at org.junit.platform.engine.support.hierarchical.NodeTestTask.executeRecursively(NodeTestTask.java:138)
	at org.junit.platform.engine.support.hierarchical.NodeTestTask.execute(NodeTestTask.java:95)
	at java.base/java.util.ArrayList.forEach(ArrayList.java:1597)
	at org.junit.platform.engine.support.hierarchical.SameThreadHierarchicalTestExecutorService.invokeAll(SameThreadHierarchicalTestExecutorService.java:41)
	at org.junit.platform.engine.support.hierarchical.NodeTestTask.lambda$executeRecursively$6(NodeTestTask.java:155)
	at org.junit.platform.engine.support.hierarchical.ThrowableCollector.execute(ThrowableCollector.java:73)
	at org.junit.platform.engine.support.hierarchical.NodeTestTask.lambda$executeRecursively$8(NodeTestTask.java:141)
	at org.junit.platform.engine.support.hierarchical.Node.around(Node.java:137)
	at org.junit.platform.engine.support.hierarchical.NodeTestTask.lambda$executeRecursively$9(NodeTestTask.java:139)
	at org.junit.platform.engine.support.hierarchical.ThrowableCollector.execute(ThrowableCollector.java:73)
	at org.junit.platform.engine.support.hierarchical.NodeTestTask.executeRecursively(NodeTestTask.java:138)
	at org.junit.platform.engine.support.hierarchical.NodeTestTask.execute(NodeTestTask.java:95)
	at java.base/java.util.ArrayList.forEach(ArrayList.java:1597)
	at org.junit.platform.engine.support.hierarchical.SameThreadHierarchicalTestExecutorService.invokeAll(SameThreadHierarchicalTestExecutorService.java:41)
	at org.junit.platform.engine.support.hierarchical.NodeTestTask.lambda$executeRecursively$6(NodeTestTask.java:155)
	at org.junit.platform.engine.support.hierarchical.ThrowableCollector.execute(ThrowableCollector.java:73)
	at org.junit.platform.engine.support.hierarchical.NodeTestTask.lambda$executeRecursively$8(NodeTestTask.java:141)
	at org.junit.platform.engine.support.hierarchical.Node.around(Node.java:137)
	at org.junit.platform.engine.support.hierarchical.NodeTestTask.lambda$executeRecursively$9(NodeTestTask.java:139)
	at org.junit.platform.engine.support.hierarchical.ThrowableCollector.execute(ThrowableCollector.java:73)
	at org.junit.platform.engine.support.hierarchical.NodeTestTask.executeRecursively(NodeTestTask.java:138)
	at org.junit.platform.engine.support.hierarchical.NodeTestTask.execute(NodeTestTask.java:95)
	at org.junit.platform.engine.support.hierarchical.SameThreadHierarchicalTestExecutorService.submit(SameThreadHierarchicalTestExecutorService.java:35)
	at org.junit.platform.engine.support.hierarchical.HierarchicalTestExecutor.execute(HierarchicalTestExecutor.java:57)
	at org.junit.platform.engine.support.hierarchical.HierarchicalTestEngine.execute(HierarchicalTestEngine.java:54)
	at org.junit.platform.launcher.core.EngineExecutionOrchestrator.execute(EngineExecutionOrchestrator.java:107)
	at org.junit.platform.launcher.core.EngineExecutionOrchestrator.execute(EngineExecutionOrchestrator.java:88)
	at org.junit.platform.launcher.core.EngineExecutionOrchestrator.lambda$execute$0(EngineExecutionOrchestrator.java:54)
	at org.junit.platform.launcher.core.EngineExecutionOrchestrator.withInterceptedStreams(EngineExecutionOrchestrator.java:67)
	at org.junit.platform.launcher.core.EngineExecutionOrchestrator.execute(EngineExecutionOrchestrator.java:52)
	at org.junit.platform.launcher.core.DefaultLauncher.execute(DefaultLauncher.java:114)
	at org.junit.platform.launcher.core.DefaultLauncher.execute(DefaultLauncher.java:86)
	at org.junit.platform.launcher.core.DefaultLauncherSession$DelegatingLauncher.execute(DefaultLauncherSession.java:86)
	at org.apache.maven.surefire.junitplatform.LazyLauncher.execute(LazyLauncher.java:56)
	at org.apache.maven.surefire.junitplatform.JUnitPlatformProvider.execute(JUnitPlatformProvider.java:184)
	at org.apache.maven.surefire.junitplatform.JUnitPlatformProvider.invokeAllTests(JUnitPlatformProvider.java:148)
	at org.apache.maven.surefire.junitplatform.JUnitPlatformProvider.invoke(JUnitPlatformProvider.java:122)
	at org.apache.maven.surefire.booter.ForkedBooter.runSuitesInProcess(ForkedBooter.java:385)
	at org.apache.maven.surefire.booter.ForkedBooter.execute(ForkedBooter.java:162)
	at org.apache.maven.surefire.booter.ForkedBooter.run(ForkedBooter.java:507)
	at org.apache.maven.surefire.booter.ForkedBooter.main(ForkedBooter.java:495)
]]></system-err>
  </testcase>
  <testcase name="testDownload" classname="com.cloud.CloudUploaderTest" time="1.518">
    <system-out><![CDATA[15:33:30.496 [main] DEBUG software.amazon.awssdk.core.interceptor.ExecutionInterceptorChain - Creating an interceptor chain that will apply interceptors in the following order: [software.amazon.awssdk.core.internal.interceptor.HttpChecksumValidationInterceptor@36aa52d2, software.amazon.awssdk.awscore.interceptor.HelpfulUnknownHostExceptionInterceptor@4ee25d80, software.amazon.awssdk.awscore.eventstream.EventStreamInitialRequestInterceptor@16a35bd, software.amazon.awssdk.awscore.interceptor.TraceIdExecutionInterceptor@ba17be6, software.amazon.awssdk.services.s3.auth.scheme.internal.S3AuthSchemeInterceptor@6f798482, software.amazon.awssdk.services.s3.endpoints.internal.S3ResolveEndpointInterceptor@332bcab0, software.amazon.awssdk.services.s3.endpoints.internal.S3RequestSetEndpointInterceptor@633cc6b5, software.amazon.awssdk.services.s3.internal.handlers.StreamingRequestInterceptor@6342ff7f, software.amazon.awssdk.services.s3.internal.handlers.CreateBucketInterceptor@403c3a01, software.amazon.awssdk.services.s3.internal.handlers.CreateMultipartUploadRequestInterceptor@2daf06fc, software.amazon.awssdk.services.s3.internal.handlers.DecodeUrlEncodedResponseInterceptor@28237492, software.amazon.awssdk.services.s3.internal.handlers.GetBucketPolicyInterceptor@5ceecfee, software.amazon.awssdk.services.s3.internal.handlers.S3ExpressChecksumInterceptor@7da31a40, software.amazon.awssdk.services.s3.internal.handlers.AsyncChecksumValidationInterceptor@28ee7bee, software.amazon.awssdk.services.s3.internal.handlers.SyncChecksumValidationInterceptor@1b5a1d85, software.amazon.awssdk.services.s3.internal.handlers.EnableTrailingChecksumInterceptor@31e130bf, software.amazon.awssdk.services.s3.internal.handlers.ExceptionTranslationInterceptor@54755dd9, software.amazon.awssdk.services.s3.internal.handlers.GetObjectInterceptor@f1f7db2, software.amazon.awssdk.services.s3.internal.handlers.CopySourceInterceptor@4462efe1, software.amazon.awssdk.services.s3.internal.handlers.ObjectMetadataInterceptor@7c3e4b1a, software.amazon.awssdk.transfer.s3.internal.ApplyUserAgentInterceptor@2db4ad1]
15:33:30.512 [main] DEBUG software.amazon.awssdk.auth.credentials.AwsCredentialsProviderChain - Unable to load credentials from SystemPropertyCredentialsProvider(): Unable to load credentials from system settings. Access key must be specified either via environment variable (AWS_ACCESS_KEY_ID) or system property (aws.accessKeyId).
software.amazon.awssdk.core.exception.SdkClientException: Unable to load credentials from system settings. Access key must be specified either via environment variable (AWS_ACCESS_KEY_ID) or system property (aws.accessKeyId).
	at software.amazon.awssdk.core.exception.SdkClientException$BuilderImpl.build(SdkClientException.java:111)
	at software.amazon.awssdk.auth.credentials.internal.SystemSettingsCredentialsProvider.resolveCredentials(SystemSettingsCredentialsProvider.java:60)
	at software.amazon.awssdk.auth.credentials.AwsCredentialsProvider.resolveIdentity(AwsCredentialsProvider.java:54)
	at software.amazon.awssdk.identity.spi.IdentityProvider.resolveIdentity(IdentityProvider.java:60)
	at software.amazon.awssdk.auth.credentials.AwsCredentialsProviderChain.resolveCredentials(AwsCredentialsProviderChain.java:109)
	at software.amazon.awssdk.auth.credentials.internal.LazyAwsCredentialsProvider.resolveCredentials(LazyAwsCredentialsProvider.java:45)
	at software.amazon.awssdk.auth.credentials.DefaultCredentialsProvider.resolveCredentials(DefaultCredentialsProvider.java:129)
	at software.amazon.awssdk.auth.credentials.AwsCredentialsProvider.resolveIdentity(AwsCredentialsProvider.java:54)
	at software.amazon.awssdk.services.s3.auth.scheme.internal.S3AuthSchemeInterceptor.lambda$trySelectAuthScheme$4(S3AuthSchemeInterceptor.java:162)
	at software.amazon.awssdk.core.internal.util.MetricUtils.reportDuration(MetricUtils.java:77)
	at software.amazon.awssdk.services.s3.auth.scheme.internal.S3AuthSchemeInterceptor.trySelectAuthScheme(S3AuthSchemeInterceptor.java:162)
	at software.amazon.awssdk.services.s3.auth.scheme.internal.S3AuthSchemeInterceptor.selectAuthScheme(S3AuthSchemeInterceptor.java:84)
	at software.amazon.awssdk.services.s3.auth.scheme.internal.S3AuthSchemeInterceptor.beforeExecution(S3AuthSchemeInterceptor.java:64)
	at software.amazon.awssdk.core.interceptor.ExecutionInterceptorChain.lambda$beforeExecution$1(ExecutionInterceptorChain.java:59)
	at java.base/java.util.ArrayList.forEach(ArrayList.java:1597)
	at software.amazon.awssdk.core.interceptor.ExecutionInterceptorChain.beforeExecution(ExecutionInterceptorChain.java:59)
	at software.amazon.awssdk.awscore.internal.AwsExecutionContextBuilder.runInitialInterceptors(AwsExecutionContextBuilder.java:241)
	at software.amazon.awssdk.awscore.internal.AwsExecutionContextBuilder.invokeInterceptorsAndCreateExecutionContext(AwsExecutionContextBuilder.java:132)
	at software.amazon.awssdk.awscore.client.handler.AwsSyncClientHandler.invokeInterceptorsAndCreateExecutionContext(AwsSyncClientHandler.java:67)
	at software.amazon.awssdk.core.internal.handler.BaseSyncClientHandler.lambda$execute$1(BaseSyncClientHandler.java:76)
	at software.amazon.awssdk.core.internal.handler.BaseSyncClientHandler.measureApiCallSuccess(BaseSyncClientHandler.java:182)
	at software.amazon.awssdk.core.internal.handler.BaseSyncClientHandler.execute(BaseSyncClientHandler.java:74)
	at software.amazon.awssdk.core.client.handler.SdkSyncClientHandler.execute(SdkSyncClientHandler.java:45)
	at software.amazon.awssdk.awscore.client.handler.AwsSyncClientHandler.execute(AwsSyncClientHandler.java:53)
	at software.amazon.awssdk.services.s3.DefaultS3Client.putObject(DefaultS3Client.java:10220)
	at com.cloud.CloudUploaderTest.testDownload(CloudUploaderTest.java:57)
	at java.base/jdk.internal.reflect.DirectMethodHandleAccessor.invoke(DirectMethodHandleAccessor.java:103)
	at java.base/java.lang.reflect.Method.invoke(Method.java:580)
	at org.junit.platform.commons.util.ReflectionUtils.invokeMethod(ReflectionUtils.java:725)
	at org.junit.jupiter.engine.execution.MethodInvocation.proceed(MethodInvocation.java:60)
	at org.junit.jupiter.engine.execution.InvocationInterceptorChain$ValidatingInvocation.proceed(InvocationInterceptorChain.java:131)
	at org.junit.jupiter.engine.extension.TimeoutExtension.intercept(TimeoutExtension.java:149)
	at org.junit.jupiter.engine.extension.TimeoutExtension.interceptTestableMethod(TimeoutExtension.java:140)
	at org.junit.jupiter.engine.extension.TimeoutExtension.interceptTestMethod(TimeoutExtension.java:84)
	at org.junit.jupiter.engine.execution.ExecutableInvoker$ReflectiveInterceptorCall.lambda$ofVoidMethod$0(ExecutableInvoker.java:115)
	at org.junit.jupiter.engine.execution.ExecutableInvoker.lambda$invoke$0(ExecutableInvoker.java:105)
	at org.junit.jupiter.engine.execution.InvocationInterceptorChain$InterceptedInvocation.proceed(InvocationInterceptorChain.java:106)
	at org.junit.jupiter.engine.execution.InvocationInterceptorChain.proceed(InvocationInterceptorChain.java:64)
	at org.junit.jupiter.engine.execution.InvocationInterceptorChain.chainAndInvoke(InvocationInterceptorChain.java:45)
	at org.junit.jupiter.engine.execution.InvocationInterceptorChain.invoke(InvocationInterceptorChain.java:37)
	at org.junit.jupiter.engine.execution.ExecutableInvoker.invoke(ExecutableInvoker.java:104)
	at org.junit.jupiter.engine.execution.ExecutableInvoker.invoke(ExecutableInvoker.java:98)
	at org.junit.jupiter.engine.descriptor.TestMethodTestDescriptor.lambda$invokeTestMethod$7(TestMethodTestDescriptor.java:214)
	at org.junit.platform.engine.support.hierarchical.ThrowableCollector.execute(ThrowableCollector.java:73)
	at org.junit.jupiter.engine.descriptor.TestMethodTestDescriptor.invokeTestMethod(TestMethodTestDescriptor.java:210)
	at org.junit.jupiter.engine.descriptor.TestMethodTestDescriptor.execute(TestMethodTestDescriptor.java:135)
	at org.junit.jupiter.engine.descriptor.TestMethodTestDescriptor.execute(TestMethodTestDescriptor.java:66)
	at org.junit.platform.engine.support.hierarchical.NodeTestTask.lambda$executeRecursively$6(NodeTestTask.java:151)
	at org.junit.platform.engine.support.hierarchical.ThrowableCollector.execute(ThrowableCollector.java:73)
	at org.junit.platform.engine.support.hierarchical.NodeTestTask.lambda$executeRecursively$8(NodeTestTask.java:141)
	at org.junit.platform.engine.support.hierarchical.Node.around(Node.java:137)
	at org.junit.platform.engine.support.hierarchical.NodeTestTask.lambda$executeRecursively$9(NodeTestTask.java:139)
	at org.junit.platform.engine.support.hierarchical.ThrowableCollector.execute(ThrowableCollector.java:73)
	at org.junit.platform.engine.support.hierarchical.NodeTestTask.executeRecursively(NodeTestTask.java:138)
	at org.junit.platform.engine.support.hierarchical.NodeTestTask.execute(NodeTestTask.java:95)
	at java.base/java.util.ArrayList.forEach(ArrayList.java:1597)
	at org.junit.platform.engine.support.hierarchical.SameThreadHierarchicalTestExecutorService.invokeAll(SameThreadHierarchicalTestExecutorService.java:41)
	at org.junit.platform.engine.support.hierarchical.NodeTestTask.lambda$executeRecursively$6(NodeTestTask.java:155)
	at org.junit.platform.engine.support.hierarchical.ThrowableCollector.execute(ThrowableCollector.java:73)
	at org.junit.platform.engine.support.hierarchical.NodeTestTask.lambda$executeRecursively$8(NodeTestTask.java:141)
	at org.junit.platform.engine.support.hierarchical.Node.around(Node.java:137)
	at org.junit.platform.engine.support.hierarchical.NodeTestTask.lambda$executeRecursively$9(NodeTestTask.java:139)
	at org.junit.platform.engine.support.hierarchical.ThrowableCollector.execute(ThrowableCollector.java:73)
	at org.junit.platform.engine.support.hierarchical.NodeTestTask.executeRecursively(NodeTestTask.java:138)
	at org.junit.platform.engine.support.hierarchical.NodeTestTask.execute(NodeTestTask.java:95)
	at java.base/java.util.ArrayList.forEach(ArrayList.java:1597)
	at org.junit.platform.engine.support.hierarchical.SameThreadHierarchicalTestExecutorService.invokeAll(SameThreadHierarchicalTestExecutorService.java:41)
	at org.junit.platform.engine.support.hierarchical.NodeTestTask.lambda$executeRecursively$6(NodeTestTask.java:155)
	at org.junit.platform.engine.support.hierarchical.ThrowableCollector.execute(ThrowableCollector.java:73)
	at org.junit.platform.engine.support.hierarchical.NodeTestTask.lambda$executeRecursively$8(NodeTestTask.java:141)
	at org.junit.platform.engine.support.hierarchical.Node.around(Node.java:137)
	at org.junit.platform.engine.support.hierarchical.NodeTestTask.lambda$executeRecursively$9(NodeTestTask.java:139)
	at org.junit.platform.engine.support.hierarchical.ThrowableCollector.execute(ThrowableCollector.java:73)
	at org.junit.platform.engine.support.hierarchical.NodeTestTask.executeRecursively(NodeTestTask.java:138)
	at org.junit.platform.engine.support.hierarchical.NodeTestTask.execute(NodeTestTask.java:95)
	at org.junit.platform.engine.support.hierarchical.SameThreadHierarchicalTestExecutorService.submit(SameThreadHierarchicalTestExecutorService.java:35)
	at org.junit.platform.engine.support.hierarchical.HierarchicalTestExecutor.execute(HierarchicalTestExecutor.java:57)
	at org.junit.platform.engine.support.hierarchical.HierarchicalTestEngine.execute(HierarchicalTestEngine.java:54)
	at org.junit.platform.launcher.core.EngineExecutionOrchestrator.execute(EngineExecutionOrchestrator.java:107)
	at org.junit.platform.launcher.core.EngineExecutionOrchestrator.execute(EngineExecutionOrchestrator.java:88)
	at org.junit.platform.launcher.core.EngineExecutionOrchestrator.lambda$execute$0(EngineExecutionOrchestrator.java:54)
	at org.junit.platform.launcher.core.EngineExecutionOrchestrator.withInterceptedStreams(EngineExecutionOrchestrator.java:67)
	at org.junit.platform.launcher.core.EngineExecutionOrchestrator.execute(EngineExecutionOrchestrator.java:52)
	at org.junit.platform.launcher.core.DefaultLauncher.execute(DefaultLauncher.java:114)
	at org.junit.platform.launcher.core.DefaultLauncher.execute(DefaultLauncher.java:86)
	at org.junit.platform.launcher.core.DefaultLauncherSession$DelegatingLauncher.execute(DefaultLauncherSession.java:86)
	at org.apache.maven.surefire.junitplatform.LazyLauncher.execute(LazyLauncher.java:56)
	at org.apache.maven.surefire.junitplatform.JUnitPlatformProvider.execute(JUnitPlatformProvider.java:184)
	at org.apache.maven.surefire.junitplatform.JUnitPlatformProvider.invokeAllTests(JUnitPlatformProvider.java:148)
	at org.apache.maven.surefire.junitplatform.JUnitPlatformProvider.invoke(JUnitPlatformProvider.java:122)
	at org.apache.maven.surefire.booter.ForkedBooter.runSuitesInProcess(ForkedBooter.java:385)
	at org.apache.maven.surefire.booter.ForkedBooter.execute(ForkedBooter.java:162)
	at org.apache.maven.surefire.booter.ForkedBooter.run(ForkedBooter.java:507)
	at org.apache.maven.surefire.booter.ForkedBooter.main(ForkedBooter.java:495)
15:33:30.512 [main] DEBUG software.amazon.awssdk.auth.credentials.AwsCredentialsProviderChain - Loading credentials from EnvironmentVariableCredentialsProvider()
15:33:30.512 [main] DEBUG software.amazon.awssdk.core.interceptor.ExecutionInterceptorChain - Interceptor 'software.amazon.awssdk.transfer.s3.internal.ApplyUserAgentInterceptor@2db4ad1' modified the message with its modifyRequest method.
15:33:30.512 [main] DEBUG software.amazon.awssdk.core.interceptor.ExecutionInterceptorChain - Interceptor 'software.amazon.awssdk.services.s3.endpoints.internal.S3RequestSetEndpointInterceptor@633cc6b5' modified the message with its modifyHttpRequest method.
15:33:30.512 [main] DEBUG software.amazon.awssdk.core.interceptor.ExecutionInterceptorChain - Interceptor 'software.amazon.awssdk.services.s3.internal.handlers.StreamingRequestInterceptor@6342ff7f' modified the message with its modifyHttpRequest method.
15:33:30.512 [main] DEBUG software.amazon.awssdk.request - Sending Request: DefaultSdkHttpFullRequest(httpMethod=PUT, protocol=https, host=progettoedids.s3.eu-north-1.amazonaws.com, encodedPath=/cc, headers=[amz-sdk-invocation-id, Content-Length, Content-Type, Expect, User-Agent], queryParameters=[])
15:33:30.512 [main] DEBUG software.amazon.awssdk.core.internal.http.pipeline.stages.SigningStage - Using SelectedAuthScheme: aws.auth#sigv4
15:33:30.512 [main] DEBUG software.amazon.awssdk.http.auth.aws.internal.signer.DefaultV4RequestSigner - AWS4 Canonical Request: PUT
/cc

amz-sdk-invocation-id:f46bdcca-c120-b82c-6260-f219a87edfaa
amz-sdk-request:attempt=1; max=4
content-length:135
content-type:application/octet-stream
host:progettoedids.s3.eu-north-1.amazonaws.com
x-amz-content-sha256:UNSIGNED-PAYLOAD
x-amz-date:20240628T133330Z

amz-sdk-invocation-id;amz-sdk-request;content-length;content-type;host;x-amz-content-sha256;x-amz-date
UNSIGNED-PAYLOAD
15:33:30.512 [main] DEBUG software.amazon.awssdk.http.auth.aws.internal.signer.DefaultV4RequestSigner - AWS4 Canonical Request Hash: 11a686f202c340725c24d34d171aa37d387f542f12f9394627b8310b6c4d984c
15:33:30.512 [main] DEBUG software.amazon.awssdk.http.auth.aws.internal.signer.DefaultV4RequestSigner - AWS4 String to sign: AWS4-HMAC-SHA256
20240628T133330Z
20240628/eu-north-1/s3/aws4_request
11a686f202c340725c24d34d171aa37d387f542f12f9394627b8310b6c4d984c
15:33:30.713 [main] DEBUG software.amazon.awssdk.http.apache.internal.conn.SdkTlsSocketFactory - socket.getSupportedProtocols(): [TLSv1.3, TLSv1.2, TLSv1.1, TLSv1, SSLv3, SSLv2Hello], socket.getEnabledProtocols(): [TLSv1.3, TLSv1.2]
15:33:30.977 [main] DEBUG software.amazon.awssdk.http.apache.internal.net.SdkSslSocket - created: progettoedids.s3.eu-north-1.amazonaws.com/52.95.171.16:443
15:33:31.309 [main] DEBUG software.amazon.awssdk.requestId - Received successful response: 200, Request ID: GMDKGAMHRPJH2GE8, Extended Request ID: 2sNZqzAYg2QjDIAd8ys3VuOcjzq8yh5ivRJyXljg2jEl0JHwalC32RaN3+rfKcL6OWnS8F6PlFc=
15:33:31.309 [main] DEBUG software.amazon.awssdk.request - Received successful response: 200, Request ID: GMDKGAMHRPJH2GE8, Extended Request ID: 2sNZqzAYg2QjDIAd8ys3VuOcjzq8yh5ivRJyXljg2jEl0JHwalC32RaN3+rfKcL6OWnS8F6PlFc=
15:33:31.314 [main] DEBUG software.amazon.awssdk.core.interceptor.ExecutionInterceptorChain - Creating an interceptor chain that will apply interceptors in the following order: [software.amazon.awssdk.core.internal.interceptor.HttpChecksumValidationInterceptor@21a02556, software.amazon.awssdk.awscore.interceptor.HelpfulUnknownHostExceptionInterceptor@3c8a7e38, software.amazon.awssdk.awscore.eventstream.EventStreamInitialRequestInterceptor@138aa3cc, software.amazon.awssdk.awscore.interceptor.TraceIdExecutionInterceptor@10a98392, software.amazon.awssdk.services.s3.auth.scheme.internal.S3AuthSchemeInterceptor@30839e44, software.amazon.awssdk.services.s3.endpoints.internal.S3ResolveEndpointInterceptor@5f174dd2, software.amazon.awssdk.services.s3.endpoints.internal.S3RequestSetEndpointInterceptor@1945113f, software.amazon.awssdk.services.s3.internal.handlers.StreamingRequestInterceptor@45aca496, software.amazon.awssdk.services.s3.internal.handlers.CreateBucketInterceptor@697173d9, software.amazon.awssdk.services.s3.internal.handlers.CreateMultipartUploadRequestInterceptor@ceddaf8, software.amazon.awssdk.services.s3.internal.handlers.DecodeUrlEncodedResponseInterceptor@3d90eeb3, software.amazon.awssdk.services.s3.internal.handlers.GetBucketPolicyInterceptor@1db87583, software.amazon.awssdk.services.s3.internal.handlers.S3ExpressChecksumInterceptor@7fb53256, software.amazon.awssdk.services.s3.internal.handlers.AsyncChecksumValidationInterceptor@1d6d1d42, software.amazon.awssdk.services.s3.internal.handlers.SyncChecksumValidationInterceptor@27329d2a, software.amazon.awssdk.services.s3.internal.handlers.EnableTrailingChecksumInterceptor@7978e022, software.amazon.awssdk.services.s3.internal.handlers.ExceptionTranslationInterceptor@2f894ad9, software.amazon.awssdk.services.s3.internal.handlers.GetObjectInterceptor@5afbd567, software.amazon.awssdk.services.s3.internal.handlers.CopySourceInterceptor@6993c8df, software.amazon.awssdk.services.s3.internal.handlers.ObjectMetadataInterceptor@57545c3f, software.amazon.awssdk.transfer.s3.internal.ApplyUserAgentInterceptor@326e0b8e]
15:33:31.314 [main] DEBUG software.amazon.awssdk.auth.credentials.AwsCredentialsProviderChain - Unable to load credentials from SystemPropertyCredentialsProvider(): Unable to load credentials from system settings. Access key must be specified either via environment variable (AWS_ACCESS_KEY_ID) or system property (aws.accessKeyId).
software.amazon.awssdk.core.exception.SdkClientException: Unable to load credentials from system settings. Access key must be specified either via environment variable (AWS_ACCESS_KEY_ID) or system property (aws.accessKeyId).
	at software.amazon.awssdk.core.exception.SdkClientException$BuilderImpl.build(SdkClientException.java:111)
	at software.amazon.awssdk.auth.credentials.internal.SystemSettingsCredentialsProvider.resolveCredentials(SystemSettingsCredentialsProvider.java:60)
	at software.amazon.awssdk.auth.credentials.AwsCredentialsProvider.resolveIdentity(AwsCredentialsProvider.java:54)
	at software.amazon.awssdk.identity.spi.IdentityProvider.resolveIdentity(IdentityProvider.java:60)
	at software.amazon.awssdk.auth.credentials.AwsCredentialsProviderChain.resolveCredentials(AwsCredentialsProviderChain.java:109)
	at software.amazon.awssdk.auth.credentials.internal.LazyAwsCredentialsProvider.resolveCredentials(LazyAwsCredentialsProvider.java:45)
	at software.amazon.awssdk.auth.credentials.DefaultCredentialsProvider.resolveCredentials(DefaultCredentialsProvider.java:129)
	at software.amazon.awssdk.auth.credentials.AwsCredentialsProvider.resolveIdentity(AwsCredentialsProvider.java:54)
	at software.amazon.awssdk.services.s3.auth.scheme.internal.S3AuthSchemeInterceptor.lambda$trySelectAuthScheme$4(S3AuthSchemeInterceptor.java:162)
	at software.amazon.awssdk.core.internal.util.MetricUtils.reportDuration(MetricUtils.java:77)
	at software.amazon.awssdk.services.s3.auth.scheme.internal.S3AuthSchemeInterceptor.trySelectAuthScheme(S3AuthSchemeInterceptor.java:162)
	at software.amazon.awssdk.services.s3.auth.scheme.internal.S3AuthSchemeInterceptor.selectAuthScheme(S3AuthSchemeInterceptor.java:84)
	at software.amazon.awssdk.services.s3.auth.scheme.internal.S3AuthSchemeInterceptor.beforeExecution(S3AuthSchemeInterceptor.java:64)
	at software.amazon.awssdk.core.interceptor.ExecutionInterceptorChain.lambda$beforeExecution$1(ExecutionInterceptorChain.java:59)
	at java.base/java.util.ArrayList.forEach(ArrayList.java:1597)
	at software.amazon.awssdk.core.interceptor.ExecutionInterceptorChain.beforeExecution(ExecutionInterceptorChain.java:59)
	at software.amazon.awssdk.awscore.internal.AwsExecutionContextBuilder.runInitialInterceptors(AwsExecutionContextBuilder.java:241)
	at software.amazon.awssdk.awscore.internal.AwsExecutionContextBuilder.invokeInterceptorsAndCreateExecutionContext(AwsExecutionContextBuilder.java:132)
	at software.amazon.awssdk.awscore.client.handler.AwsSyncClientHandler.invokeInterceptorsAndCreateExecutionContext(AwsSyncClientHandler.java:67)
	at software.amazon.awssdk.core.internal.handler.BaseSyncClientHandler.lambda$execute$0(BaseSyncClientHandler.java:62)
	at software.amazon.awssdk.core.internal.handler.BaseSyncClientHandler.measureApiCallSuccess(BaseSyncClientHandler.java:182)
	at software.amazon.awssdk.core.internal.handler.BaseSyncClientHandler.execute(BaseSyncClientHandler.java:60)
	at software.amazon.awssdk.core.client.handler.SdkSyncClientHandler.execute(SdkSyncClientHandler.java:52)
	at software.amazon.awssdk.awscore.client.handler.AwsSyncClientHandler.execute(AwsSyncClientHandler.java:60)
	at software.amazon.awssdk.services.s3.DefaultS3Client.getObject(DefaultS3Client.java:5203)
	at software.amazon.awssdk.services.s3.S3Client.getObjectAsBytes(S3Client.java:9542)
	at com.cloud.CloudUploader.download(CloudUploader.java:53)
	at com.cloud.CloudUploaderTest.testDownload(CloudUploaderTest.java:61)
	at java.base/jdk.internal.reflect.DirectMethodHandleAccessor.invoke(DirectMethodHandleAccessor.java:103)
	at java.base/java.lang.reflect.Method.invoke(Method.java:580)
	at org.junit.platform.commons.util.ReflectionUtils.invokeMethod(ReflectionUtils.java:725)
	at org.junit.jupiter.engine.execution.MethodInvocation.proceed(MethodInvocation.java:60)
	at org.junit.jupiter.engine.execution.InvocationInterceptorChain$ValidatingInvocation.proceed(InvocationInterceptorChain.java:131)
	at org.junit.jupiter.engine.extension.TimeoutExtension.intercept(TimeoutExtension.java:149)
	at org.junit.jupiter.engine.extension.TimeoutExtension.interceptTestableMethod(TimeoutExtension.java:140)
	at org.junit.jupiter.engine.extension.TimeoutExtension.interceptTestMethod(TimeoutExtension.java:84)
	at org.junit.jupiter.engine.execution.ExecutableInvoker$ReflectiveInterceptorCall.lambda$ofVoidMethod$0(ExecutableInvoker.java:115)
	at org.junit.jupiter.engine.execution.ExecutableInvoker.lambda$invoke$0(ExecutableInvoker.java:105)
	at org.junit.jupiter.engine.execution.InvocationInterceptorChain$InterceptedInvocation.proceed(InvocationInterceptorChain.java:106)
	at org.junit.jupiter.engine.execution.InvocationInterceptorChain.proceed(InvocationInterceptorChain.java:64)
	at org.junit.jupiter.engine.execution.InvocationInterceptorChain.chainAndInvoke(InvocationInterceptorChain.java:45)
	at org.junit.jupiter.engine.execution.InvocationInterceptorChain.invoke(InvocationInterceptorChain.java:37)
	at org.junit.jupiter.engine.execution.ExecutableInvoker.invoke(ExecutableInvoker.java:104)
	at org.junit.jupiter.engine.execution.ExecutableInvoker.invoke(ExecutableInvoker.java:98)
	at org.junit.jupiter.engine.descriptor.TestMethodTestDescriptor.lambda$invokeTestMethod$7(TestMethodTestDescriptor.java:214)
	at org.junit.platform.engine.support.hierarchical.ThrowableCollector.execute(ThrowableCollector.java:73)
	at org.junit.jupiter.engine.descriptor.TestMethodTestDescriptor.invokeTestMethod(TestMethodTestDescriptor.java:210)
	at org.junit.jupiter.engine.descriptor.TestMethodTestDescriptor.execute(TestMethodTestDescriptor.java:135)
	at org.junit.jupiter.engine.descriptor.TestMethodTestDescriptor.execute(TestMethodTestDescriptor.java:66)
	at org.junit.platform.engine.support.hierarchical.NodeTestTask.lambda$executeRecursively$6(NodeTestTask.java:151)
	at org.junit.platform.engine.support.hierarchical.ThrowableCollector.execute(ThrowableCollector.java:73)
	at org.junit.platform.engine.support.hierarchical.NodeTestTask.lambda$executeRecursively$8(NodeTestTask.java:141)
	at org.junit.platform.engine.support.hierarchical.Node.around(Node.java:137)
	at org.junit.platform.engine.support.hierarchical.NodeTestTask.lambda$executeRecursively$9(NodeTestTask.java:139)
	at org.junit.platform.engine.support.hierarchical.ThrowableCollector.execute(ThrowableCollector.java:73)
	at org.junit.platform.engine.support.hierarchical.NodeTestTask.executeRecursively(NodeTestTask.java:138)
	at org.junit.platform.engine.support.hierarchical.NodeTestTask.execute(NodeTestTask.java:95)
	at java.base/java.util.ArrayList.forEach(ArrayList.java:1597)
	at org.junit.platform.engine.support.hierarchical.SameThreadHierarchicalTestExecutorService.invokeAll(SameThreadHierarchicalTestExecutorService.java:41)
	at org.junit.platform.engine.support.hierarchical.NodeTestTask.lambda$executeRecursively$6(NodeTestTask.java:155)
	at org.junit.platform.engine.support.hierarchical.ThrowableCollector.execute(ThrowableCollector.java:73)
	at org.junit.platform.engine.support.hierarchical.NodeTestTask.lambda$executeRecursively$8(NodeTestTask.java:141)
	at org.junit.platform.engine.support.hierarchical.Node.around(Node.java:137)
	at org.junit.platform.engine.support.hierarchical.NodeTestTask.lambda$executeRecursively$9(NodeTestTask.java:139)
	at org.junit.platform.engine.support.hierarchical.ThrowableCollector.execute(ThrowableCollector.java:73)
	at org.junit.platform.engine.support.hierarchical.NodeTestTask.executeRecursively(NodeTestTask.java:138)
	at org.junit.platform.engine.support.hierarchical.NodeTestTask.execute(NodeTestTask.java:95)
	at java.base/java.util.ArrayList.forEach(ArrayList.java:1597)
	at org.junit.platform.engine.support.hierarchical.SameThreadHierarchicalTestExecutorService.invokeAll(SameThreadHierarchicalTestExecutorService.java:41)
	at org.junit.platform.engine.support.hierarchical.NodeTestTask.lambda$executeRecursively$6(NodeTestTask.java:155)
	at org.junit.platform.engine.support.hierarchical.ThrowableCollector.execute(ThrowableCollector.java:73)
	at org.junit.platform.engine.support.hierarchical.NodeTestTask.lambda$executeRecursively$8(NodeTestTask.java:141)
	at org.junit.platform.engine.support.hierarchical.Node.around(Node.java:137)
	at org.junit.platform.engine.support.hierarchical.NodeTestTask.lambda$executeRecursively$9(NodeTestTask.java:139)
	at org.junit.platform.engine.support.hierarchical.ThrowableCollector.execute(ThrowableCollector.java:73)
	at org.junit.platform.engine.support.hierarchical.NodeTestTask.executeRecursively(NodeTestTask.java:138)
	at org.junit.platform.engine.support.hierarchical.NodeTestTask.execute(NodeTestTask.java:95)
	at org.junit.platform.engine.support.hierarchical.SameThreadHierarchicalTestExecutorService.submit(SameThreadHierarchicalTestExecutorService.java:35)
	at org.junit.platform.engine.support.hierarchical.HierarchicalTestExecutor.execute(HierarchicalTestExecutor.java:57)
	at org.junit.platform.engine.support.hierarchical.HierarchicalTestEngine.execute(HierarchicalTestEngine.java:54)
	at org.junit.platform.launcher.core.EngineExecutionOrchestrator.execute(EngineExecutionOrchestrator.java:107)
	at org.junit.platform.launcher.core.EngineExecutionOrchestrator.execute(EngineExecutionOrchestrator.java:88)
	at org.junit.platform.launcher.core.EngineExecutionOrchestrator.lambda$execute$0(EngineExecutionOrchestrator.java:54)
	at org.junit.platform.launcher.core.EngineExecutionOrchestrator.withInterceptedStreams(EngineExecutionOrchestrator.java:67)
	at org.junit.platform.launcher.core.EngineExecutionOrchestrator.execute(EngineExecutionOrchestrator.java:52)
	at org.junit.platform.launcher.core.DefaultLauncher.execute(DefaultLauncher.java:114)
	at org.junit.platform.launcher.core.DefaultLauncher.execute(DefaultLauncher.java:86)
	at org.junit.platform.launcher.core.DefaultLauncherSession$DelegatingLauncher.execute(DefaultLauncherSession.java:86)
	at org.apache.maven.surefire.junitplatform.LazyLauncher.execute(LazyLauncher.java:56)
	at org.apache.maven.surefire.junitplatform.JUnitPlatformProvider.execute(JUnitPlatformProvider.java:184)
	at org.apache.maven.surefire.junitplatform.JUnitPlatformProvider.invokeAllTests(JUnitPlatformProvider.java:148)
	at org.apache.maven.surefire.junitplatform.JUnitPlatformProvider.invoke(JUnitPlatformProvider.java:122)
	at org.apache.maven.surefire.booter.ForkedBooter.runSuitesInProcess(ForkedBooter.java:385)
	at org.apache.maven.surefire.booter.ForkedBooter.execute(ForkedBooter.java:162)
	at org.apache.maven.surefire.booter.ForkedBooter.run(ForkedBooter.java:507)
	at org.apache.maven.surefire.booter.ForkedBooter.main(ForkedBooter.java:495)
15:33:31.325 [main] DEBUG software.amazon.awssdk.auth.credentials.AwsCredentialsProviderChain - Loading credentials from EnvironmentVariableCredentialsProvider()
15:33:31.325 [main] DEBUG software.amazon.awssdk.core.interceptor.ExecutionInterceptorChain - Interceptor 'software.amazon.awssdk.transfer.s3.internal.ApplyUserAgentInterceptor@326e0b8e' modified the message with its modifyRequest method.
15:33:31.325 [main] DEBUG software.amazon.awssdk.core.interceptor.ExecutionInterceptorChain - Interceptor 'software.amazon.awssdk.services.s3.endpoints.internal.S3RequestSetEndpointInterceptor@1945113f' modified the message with its modifyHttpRequest method.
15:33:31.325 [main] DEBUG software.amazon.awssdk.core.interceptor.ExecutionInterceptorChain - Interceptor 'software.amazon.awssdk.services.s3.internal.handlers.EnableTrailingChecksumInterceptor@7978e022' modified the message with its modifyHttpRequest method.
15:33:31.325 [main] DEBUG software.amazon.awssdk.request - Sending Request: DefaultSdkHttpFullRequest(httpMethod=GET, protocol=https, host=progettoedids.s3.eu-north-1.amazonaws.com, encodedPath=/cc, headers=[amz-sdk-invocation-id, User-Agent, x-amz-te], queryParameters=[])
15:33:31.325 [main] DEBUG software.amazon.awssdk.core.internal.http.pipeline.stages.SigningStage - Using SelectedAuthScheme: aws.auth#sigv4
15:33:31.325 [main] DEBUG software.amazon.awssdk.http.auth.aws.internal.signer.DefaultV4RequestSigner - AWS4 Canonical Request: GET
/cc

amz-sdk-invocation-id:e14b07ee-edcf-adb6-0a81-d35606d94474
amz-sdk-request:attempt=1; max=4
host:progettoedids.s3.eu-north-1.amazonaws.com
x-amz-content-sha256:UNSIGNED-PAYLOAD
x-amz-date:20240628T133331Z
x-amz-te:append-md5

amz-sdk-invocation-id;amz-sdk-request;host;x-amz-content-sha256;x-amz-date;x-amz-te
UNSIGNED-PAYLOAD
15:33:31.325 [main] DEBUG software.amazon.awssdk.http.auth.aws.internal.signer.DefaultV4RequestSigner - AWS4 Canonical Request Hash: 930235c98de8d679fe1349fec044e77286e99b2f0c4fe8a26d546552ade20795
15:33:31.325 [main] DEBUG software.amazon.awssdk.http.auth.aws.internal.signer.DefaultV4RequestSigner - AWS4 String to sign: AWS4-HMAC-SHA256
20240628T133331Z
20240628/eu-north-1/s3/aws4_request
930235c98de8d679fe1349fec044e77286e99b2f0c4fe8a26d546552ade20795
15:33:31.514 [main] DEBUG software.amazon.awssdk.http.apache.internal.conn.SdkTlsSocketFactory - socket.getSupportedProtocols(): [TLSv1.3, TLSv1.2, TLSv1.1, TLSv1, SSLv3, SSLv2Hello], socket.getEnabledProtocols(): [TLSv1.3, TLSv1.2]
15:33:31.822 [main] DEBUG software.amazon.awssdk.http.apache.internal.net.SdkSslSocket - created: progettoedids.s3.eu-north-1.amazonaws.com/52.95.171.16:443
15:33:32.014 [main] DEBUG software.amazon.awssdk.requestId - Received successful response: 200, Request ID: HAB2BFW8HDZ3BT37, Extended Request ID: 0XmueOLDapA1MwVeyS4dvAjoS/TIRkrlx3ksAfHeM2WPRNVDRvEadCaE+6xO/6bpECBrBh9kW/A=
15:33:32.014 [main] DEBUG software.amazon.awssdk.request - Received successful response: 200, Request ID: HAB2BFW8HDZ3BT37, Extended Request ID: 0XmueOLDapA1MwVeyS4dvAjoS/TIRkrlx3ksAfHeM2WPRNVDRvEadCaE+6xO/6bpECBrBh9kW/A=
15:33:32.014 [main] DEBUG software.amazon.awssdk.core.interceptor.ExecutionInterceptorChain - Interceptor 'software.amazon.awssdk.services.s3.internal.handlers.EnableTrailingChecksumInterceptor@7978e022' modified the message with its modifyResponse method.
]]></system-out>
  </testcase>
</testsuite>